INFO - 2023-05-30 18:27:06 --> Session: Class initialized using 'CodeIgniter\Session\Handlers\FileHandler' driver.
INFO - 2023-05-30 18:27:19 --> Session: Class initialized using 'CodeIgniter\Session\Handlers\FileHandler' driver.
INFO - 2023-05-30 18:27:34 --> Session: Class initialized using 'CodeIgniter\Session\Handlers\FileHandler' driver.
INFO - 2023-05-30 18:27:41 --> Session: Class initialized using 'CodeIgniter\Session\Handlers\FileHandler' driver.
INFO - 2023-05-30 18:27:46 --> Session: Class initialized using 'CodeIgniter\Session\Handlers\FileHandler' driver.
INFO - 2023-05-30 18:27:49 --> Session: Class initialized using 'CodeIgniter\Session\Handlers\FileHandler' driver.
INFO - 2023-05-30 18:27:55 --> Session: Class initialized using 'CodeIgniter\Session\Handlers\FileHandler' driver.
INFO - 2023-05-30 18:33:56 --> Session: Class initialized using 'CodeIgniter\Session\Handlers\FileHandler' driver.
INFO - 2023-05-30 18:33:57 --> Session: Class initialized using 'CodeIgniter\Session\Handlers\FileHandler' driver.
ERROR - 2023-05-30 18:34:00 --> mysqli_sql_exception: Duplicate entry '' for key 'Email' in C:\xampp\htdocs\Lucy\system\Database\MySQLi\Connection.php:295
Stack trace:
#0 C:\xampp\htdocs\Lucy\system\Database\MySQLi\Connection.php(295): mysqli->query('INSERT INTO `Pe...', 0)
#1 C:\xampp\htdocs\Lucy\system\Database\BaseConnection.php(691): CodeIgniter\Database\MySQLi\Connection->execute('INSERT INTO `Pe...')
#2 C:\xampp\htdocs\Lucy\system\Database\BaseConnection.php(605): CodeIgniter\Database\BaseConnection->simpleQuery('INSERT INTO `Pe...')
#3 C:\xampp\htdocs\Lucy\system\Database\BaseBuilder.php(2309): CodeIgniter\Database\BaseConnection->query('INSERT INTO `Pe...', Array, false)
#4 C:\xampp\htdocs\Lucy\app\Models\ModeloPerso.php(23): CodeIgniter\Database\BaseBuilder->insert(Array)
#5 C:\xampp\htdocs\Lucy\app\Controllers\CrudController.php(80): App\Models\ModeloPerso->insertar(Array)
#6 C:\xampp\htdocs\Lucy\system\CodeIgniter.php(934): App\Controllers\CrudController->crear()
#7 C:\xampp\htdocs\Lucy\system\CodeIgniter.php(499): CodeIgniter\CodeIgniter->runController(Object(App\Controllers\CrudController))
#8 C:\xampp\htdocs\Lucy\system\CodeIgniter.php(368): CodeIgniter\CodeIgniter->handleRequest(NULL, Object(Config\Cache), false)
#9 C:\xampp\htdocs\Lucy\public\index.php(67): CodeIgniter\CodeIgniter->run()
#10 {main}
CRITICAL - 2023-05-30 18:34:00 --> Duplicate entry '' for key 'Email'
in SYSTEMPATH\Database\BaseConnection.php on line 645.
 1 SYSTEMPATH\Database\BaseBuilder.php(2309): CodeIgniter\Database\BaseConnection->query('INSERT INTO `Persona` (`Nombre`, `Numero`, `Email`, `Contra`, `tipoUsuario`) VALUES (:Nombre:, :Numero:, :Email:, :Contra:, :tipoUsuario:)', [...], false)
 2 APPPATH\Models\ModeloPerso.php(23): CodeIgniter\Database\BaseBuilder->insert([...])
 3 APPPATH\Controllers\CrudController.php(80): App\Models\ModeloPerso->insertar([...])
 4 SYSTEMPATH\CodeIgniter.php(934): App\Controllers\CrudController->crear()
 5 SYSTEMPATH\CodeIgniter.php(499): CodeIgniter\CodeIgniter->runController(Object(App\Controllers\CrudController))
 6 SYSTEMPATH\CodeIgniter.php(368): CodeIgniter\CodeIgniter->handleRequest(null, Object(Config\Cache), false)
 7 FCPATH\index.php(67): CodeIgniter\CodeIgniter->run()
INFO - 2023-05-30 18:34:02 --> Session: Class initialized using 'CodeIgniter\Session\Handlers\FileHandler' driver.
INFO - 2023-05-30 19:36:51 --> Session: Class initialized using 'CodeIgniter\Session\Handlers\FileHandler' driver.
ERROR - 2023-05-30 19:36:54 --> mysqli_sql_exception: Duplicate entry '' for key 'Email' in C:\xampp\htdocs\Lucy\system\Database\MySQLi\Connection.php:295
Stack trace:
#0 C:\xampp\htdocs\Lucy\system\Database\MySQLi\Connection.php(295): mysqli->query('INSERT INTO `Pe...', 0)
#1 C:\xampp\htdocs\Lucy\system\Database\BaseConnection.php(691): CodeIgniter\Database\MySQLi\Connection->execute('INSERT INTO `Pe...')
#2 C:\xampp\htdocs\Lucy\system\Database\BaseConnection.php(605): CodeIgniter\Database\BaseConnection->simpleQuery('INSERT INTO `Pe...')
#3 C:\xampp\htdocs\Lucy\system\Database\BaseBuilder.php(2309): CodeIgniter\Database\BaseConnection->query('INSERT INTO `Pe...', Array, false)
#4 C:\xampp\htdocs\Lucy\app\Models\ModeloPerso.php(23): CodeIgniter\Database\BaseBuilder->insert(Array)
#5 C:\xampp\htdocs\Lucy\app\Controllers\CrudController.php(80): App\Models\ModeloPerso->insertar(Array)
#6 C:\xampp\htdocs\Lucy\system\CodeIgniter.php(934): App\Controllers\CrudController->crear()
#7 C:\xampp\htdocs\Lucy\system\CodeIgniter.php(499): CodeIgniter\CodeIgniter->runController(Object(App\Controllers\CrudController))
#8 C:\xampp\htdocs\Lucy\system\CodeIgniter.php(368): CodeIgniter\CodeIgniter->handleRequest(NULL, Object(Config\Cache), false)
#9 C:\xampp\htdocs\Lucy\public\index.php(67): CodeIgniter\CodeIgniter->run()
#10 {main}
CRITICAL - 2023-05-30 19:36:54 --> Duplicate entry '' for key 'Email'
in SYSTEMPATH\Database\BaseConnection.php on line 645.
 1 SYSTEMPATH\Database\BaseBuilder.php(2309): CodeIgniter\Database\BaseConnection->query('INSERT INTO `Persona` (`Nombre`, `Numero`, `Email`, `Contra`, `tipoUsuario`) VALUES (:Nombre:, :Numero:, :Email:, :Contra:, :tipoUsuario:)', [...], false)
 2 APPPATH\Models\ModeloPerso.php(23): CodeIgniter\Database\BaseBuilder->insert([...])
 3 APPPATH\Controllers\CrudController.php(80): App\Models\ModeloPerso->insertar([...])
 4 SYSTEMPATH\CodeIgniter.php(934): App\Controllers\CrudController->crear()
 5 SYSTEMPATH\CodeIgniter.php(499): CodeIgniter\CodeIgniter->runController(Object(App\Controllers\CrudController))
 6 SYSTEMPATH\CodeIgniter.php(368): CodeIgniter\CodeIgniter->handleRequest(null, Object(Config\Cache), false)
 7 FCPATH\index.php(67): CodeIgniter\CodeIgniter->run()
INFO - 2023-05-30 19:36:56 --> Session: Class initialized using 'CodeIgniter\Session\Handlers\FileHandler' driver.
INFO - 2023-05-30 19:49:04 --> Session: Class initialized using 'CodeIgniter\Session\Handlers\FileHandler' driver.
INFO - 2023-05-30 19:51:04 --> Session: Class initialized using 'CodeIgniter\Session\Handlers\FileHandler' driver.
ERROR - 2023-05-30 19:57:42 --> mysqli_sql_exception: Duplicate entry '' for key 'Email' in C:\xampp\htdocs\Lucy\system\Database\MySQLi\Connection.php:295
Stack trace:
#0 C:\xampp\htdocs\Lucy\system\Database\MySQLi\Connection.php(295): mysqli->query('INSERT INTO `Pe...', 0)
#1 C:\xampp\htdocs\Lucy\system\Database\BaseConnection.php(691): CodeIgniter\Database\MySQLi\Connection->execute('INSERT INTO `Pe...')
#2 C:\xampp\htdocs\Lucy\system\Database\BaseConnection.php(605): CodeIgniter\Database\BaseConnection->simpleQuery('INSERT INTO `Pe...')
#3 C:\xampp\htdocs\Lucy\system\Database\BaseBuilder.php(2309): CodeIgniter\Database\BaseConnection->query('INSERT INTO `Pe...', Array, false)
#4 C:\xampp\htdocs\Lucy\app\Models\ModeloPerso.php(23): CodeIgniter\Database\BaseBuilder->insert(Array)
#5 C:\xampp\htdocs\Lucy\app\Controllers\CrudController.php(80): App\Models\ModeloPerso->insertar(Array)
#6 C:\xampp\htdocs\Lucy\system\CodeIgniter.php(934): App\Controllers\CrudController->crear()
#7 C:\xampp\htdocs\Lucy\system\CodeIgniter.php(499): CodeIgniter\CodeIgniter->runController(Object(App\Controllers\CrudController))
#8 C:\xampp\htdocs\Lucy\system\CodeIgniter.php(368): CodeIgniter\CodeIgniter->handleRequest(NULL, Object(Config\Cache), false)
#9 C:\xampp\htdocs\Lucy\public\index.php(67): CodeIgniter\CodeIgniter->run()
#10 {main}
CRITICAL - 2023-05-30 19:57:42 --> Duplicate entry '' for key 'Email'
in SYSTEMPATH\Database\BaseConnection.php on line 645.
 1 SYSTEMPATH\Database\BaseBuilder.php(2309): CodeIgniter\Database\BaseConnection->query('INSERT INTO `Persona` (`Nombre`, `Numero`, `Email`, `Contra`, `tipoUsuario`) VALUES (:Nombre:, :Numero:, :Email:, :Contra:, :tipoUsuario:)', [...], false)
 2 APPPATH\Models\ModeloPerso.php(23): CodeIgniter\Database\BaseBuilder->insert([...])
 3 APPPATH\Controllers\CrudController.php(80): App\Models\ModeloPerso->insertar([...])
 4 SYSTEMPATH\CodeIgniter.php(934): App\Controllers\CrudController->crear()
 5 SYSTEMPATH\CodeIgniter.php(499): CodeIgniter\CodeIgniter->runController(Object(App\Controllers\CrudController))
 6 SYSTEMPATH\CodeIgniter.php(368): CodeIgniter\CodeIgniter->handleRequest(null, Object(Config\Cache), false)
 7 FCPATH\index.php(67): CodeIgniter\CodeIgniter->run()
INFO - 2023-05-30 19:57:49 --> Session: Class initialized using 'CodeIgniter\Session\Handlers\FileHandler' driver.
INFO - 2023-05-30 19:58:30 --> Session: Class initialized using 'CodeIgniter\Session\Handlers\FileHandler' driver.
INFO - 2023-05-30 19:58:30 --> Session: Class initialized using 'CodeIgniter\Session\Handlers\FileHandler' driver.
INFO - 2023-05-30 19:58:32 --> Session: Class initialized using 'CodeIgniter\Session\Handlers\FileHandler' driver.
INFO - 2023-05-30 19:58:33 --> Session: Class initialized using 'CodeIgniter\Session\Handlers\FileHandler' driver.
ERROR - 2023-05-30 19:58:36 --> mysqli_sql_exception: Duplicate entry '' for key 'Email' in C:\xampp\htdocs\Lucy\system\Database\MySQLi\Connection.php:295
Stack trace:
#0 C:\xampp\htdocs\Lucy\system\Database\MySQLi\Connection.php(295): mysqli->query('INSERT INTO `Pe...', 0)
#1 C:\xampp\htdocs\Lucy\system\Database\BaseConnection.php(691): CodeIgniter\Database\MySQLi\Connection->execute('INSERT INTO `Pe...')
#2 C:\xampp\htdocs\Lucy\system\Database\BaseConnection.php(605): CodeIgniter\Database\BaseConnection->simpleQuery('INSERT INTO `Pe...')
#3 C:\xampp\htdocs\Lucy\system\Database\BaseBuilder.php(2309): CodeIgniter\Database\BaseConnection->query('INSERT INTO `Pe...', Array, false)
#4 C:\xampp\htdocs\Lucy\app\Models\ModeloPerso.php(23): CodeIgniter\Database\BaseBuilder->insert(Array)
#5 C:\xampp\htdocs\Lucy\app\Controllers\CrudController.php(80): App\Models\ModeloPerso->insertar(Array)
#6 C:\xampp\htdocs\Lucy\system\CodeIgniter.php(934): App\Controllers\CrudController->crear()
#7 C:\xampp\htdocs\Lucy\system\CodeIgniter.php(499): CodeIgniter\CodeIgniter->runController(Object(App\Controllers\CrudController))
#8 C:\xampp\htdocs\Lucy\system\CodeIgniter.php(368): CodeIgniter\CodeIgniter->handleRequest(NULL, Object(Config\Cache), false)
#9 C:\xampp\htdocs\Lucy\public\index.php(67): CodeIgniter\CodeIgniter->run()
#10 {main}
CRITICAL - 2023-05-30 19:58:36 --> Duplicate entry '' for key 'Email'
in SYSTEMPATH\Database\BaseConnection.php on line 645.
 1 SYSTEMPATH\Database\BaseBuilder.php(2309): CodeIgniter\Database\BaseConnection->query('INSERT INTO `Persona` (`Nombre`, `Numero`, `Email`, `Contra`, `tipoUsuario`) VALUES (:Nombre:, :Numero:, :Email:, :Contra:, :tipoUsuario:)', [...], false)
 2 APPPATH\Models\ModeloPerso.php(23): CodeIgniter\Database\BaseBuilder->insert([...])
 3 APPPATH\Controllers\CrudController.php(80): App\Models\ModeloPerso->insertar([...])
 4 SYSTEMPATH\CodeIgniter.php(934): App\Controllers\CrudController->crear()
 5 SYSTEMPATH\CodeIgniter.php(499): CodeIgniter\CodeIgniter->runController(Object(App\Controllers\CrudController))
 6 SYSTEMPATH\CodeIgniter.php(368): CodeIgniter\CodeIgniter->handleRequest(null, Object(Config\Cache), false)
 7 FCPATH\index.php(67): CodeIgniter\CodeIgniter->run()
INFO - 2023-05-30 19:58:37 --> Session: Class initialized using 'CodeIgniter\Session\Handlers\FileHandler' driver.
