CRITICAL - 2023-03-28 23:28:35 --> Undefined variable $datos
in APPPATH\Views\usuario\formulario.php on line 65.
 1 APPPATH\Views\usuario\formulario.php(65): CodeIgniter\Debug\Exceptions->errorHandler(2, 'Undefined variable $datos', 'APPPATH\\Views\\usuario\\formulario.php', 65)
 2 SYSTEMPATH\View\View.php(213): include('APPPATH\\Views\\usuario\\formulario.php')
 3 SYSTEMPATH\View\View.php(216): CodeIgniter\View\View->CodeIgniter\View\{closure}()
 4 SYSTEMPATH\Common.php(1184): CodeIgniter\View\View->render('usuario/formulario', [], true)
 5 APPPATH\Controllers\UsuarioController.php(19): view('usuario/formulario')
 6 SYSTEMPATH\CodeIgniter.php(934): App\Controllers\UsuarioController->formulario()
 7 SYSTEMPATH\CodeIgniter.php(499): CodeIgniter\CodeIgniter->runController(Object(App\Controllers\UsuarioController))
 8 SYSTEMPATH\CodeIgniter.php(368): CodeIgniter\CodeIgniter->handleRequest(null, Object(Config\Cache), false)
 9 FCPATH\index.php(67): CodeIgniter\CodeIgniter->run()
CRITICAL - 2023-03-28 23:28:55 --> Undefined variable $data
in APPPATH\Views\usuario\formulario.php on line 65.
 1 APPPATH\Views\usuario\formulario.php(65): CodeIgniter\Debug\Exceptions->errorHandler(2, 'Undefined variable $data', 'APPPATH\\Views\\usuario\\formulario.php', 65)
 2 SYSTEMPATH\View\View.php(213): include('APPPATH\\Views\\usuario\\formulario.php')
 3 SYSTEMPATH\View\View.php(216): CodeIgniter\View\View->CodeIgniter\View\{closure}()
 4 SYSTEMPATH\Common.php(1184): CodeIgniter\View\View->render('usuario/formulario', [], true)
 5 APPPATH\Controllers\UsuarioController.php(19): view('usuario/formulario')
 6 SYSTEMPATH\CodeIgniter.php(934): App\Controllers\UsuarioController->formulario()
 7 SYSTEMPATH\CodeIgniter.php(499): CodeIgniter\CodeIgniter->runController(Object(App\Controllers\UsuarioController))
 8 SYSTEMPATH\CodeIgniter.php(368): CodeIgniter\CodeIgniter->handleRequest(null, Object(Config\Cache), false)
 9 FCPATH\index.php(67): CodeIgniter\CodeIgniter->run()
CRITICAL - 2023-03-28 23:28:56 --> Undefined variable $data
in APPPATH\Views\usuario\formulario.php on line 65.
 1 APPPATH\Views\usuario\formulario.php(65): CodeIgniter\Debug\Exceptions->errorHandler(2, 'Undefined variable $data', 'APPPATH\\Views\\usuario\\formulario.php', 65)
 2 SYSTEMPATH\View\View.php(213): include('APPPATH\\Views\\usuario\\formulario.php')
 3 SYSTEMPATH\View\View.php(216): CodeIgniter\View\View->CodeIgniter\View\{closure}()
 4 SYSTEMPATH\Common.php(1184): CodeIgniter\View\View->render('usuario/formulario', [], true)
 5 APPPATH\Controllers\UsuarioController.php(19): view('usuario/formulario')
 6 SYSTEMPATH\CodeIgniter.php(934): App\Controllers\UsuarioController->formulario()
 7 SYSTEMPATH\CodeIgniter.php(499): CodeIgniter\CodeIgniter->runController(Object(App\Controllers\UsuarioController))
 8 SYSTEMPATH\CodeIgniter.php(368): CodeIgniter\CodeIgniter->handleRequest(null, Object(Config\Cache), false)
 9 FCPATH\index.php(67): CodeIgniter\CodeIgniter->run()
CRITICAL - 2023-03-28 23:28:56 --> Undefined variable $data
in APPPATH\Views\usuario\formulario.php on line 65.
 1 APPPATH\Views\usuario\formulario.php(65): CodeIgniter\Debug\Exceptions->errorHandler(2, 'Undefined variable $data', 'APPPATH\\Views\\usuario\\formulario.php', 65)
 2 SYSTEMPATH\View\View.php(213): include('APPPATH\\Views\\usuario\\formulario.php')
 3 SYSTEMPATH\View\View.php(216): CodeIgniter\View\View->CodeIgniter\View\{closure}()
 4 SYSTEMPATH\Common.php(1184): CodeIgniter\View\View->render('usuario/formulario', [], true)
 5 APPPATH\Controllers\UsuarioController.php(19): view('usuario/formulario')
 6 SYSTEMPATH\CodeIgniter.php(934): App\Controllers\UsuarioController->formulario()
 7 SYSTEMPATH\CodeIgniter.php(499): CodeIgniter\CodeIgniter->runController(Object(App\Controllers\UsuarioController))
 8 SYSTEMPATH\CodeIgniter.php(368): CodeIgniter\CodeIgniter->handleRequest(null, Object(Config\Cache), false)
 9 FCPATH\index.php(67): CodeIgniter\CodeIgniter->run()
CRITICAL - 2023-03-28 23:28:56 --> Undefined variable $data
in APPPATH\Views\usuario\formulario.php on line 65.
 1 APPPATH\Views\usuario\formulario.php(65): CodeIgniter\Debug\Exceptions->errorHandler(2, 'Undefined variable $data', 'APPPATH\\Views\\usuario\\formulario.php', 65)
 2 SYSTEMPATH\View\View.php(213): include('APPPATH\\Views\\usuario\\formulario.php')
 3 SYSTEMPATH\View\View.php(216): CodeIgniter\View\View->CodeIgniter\View\{closure}()
 4 SYSTEMPATH\Common.php(1184): CodeIgniter\View\View->render('usuario/formulario', [], true)
 5 APPPATH\Controllers\UsuarioController.php(19): view('usuario/formulario')
 6 SYSTEMPATH\CodeIgniter.php(934): App\Controllers\UsuarioController->formulario()
 7 SYSTEMPATH\CodeIgniter.php(499): CodeIgniter\CodeIgniter->runController(Object(App\Controllers\UsuarioController))
 8 SYSTEMPATH\CodeIgniter.php(368): CodeIgniter\CodeIgniter->handleRequest(null, Object(Config\Cache), false)
 9 FCPATH\index.php(67): CodeIgniter\CodeIgniter->run()
CRITICAL - 2023-03-28 23:28:56 --> Undefined variable $data
in APPPATH\Views\usuario\formulario.php on line 65.
 1 APPPATH\Views\usuario\formulario.php(65): CodeIgniter\Debug\Exceptions->errorHandler(2, 'Undefined variable $data', 'APPPATH\\Views\\usuario\\formulario.php', 65)
 2 SYSTEMPATH\View\View.php(213): include('APPPATH\\Views\\usuario\\formulario.php')
 3 SYSTEMPATH\View\View.php(216): CodeIgniter\View\View->CodeIgniter\View\{closure}()
 4 SYSTEMPATH\Common.php(1184): CodeIgniter\View\View->render('usuario/formulario', [], true)
 5 APPPATH\Controllers\UsuarioController.php(19): view('usuario/formulario')
 6 SYSTEMPATH\CodeIgniter.php(934): App\Controllers\UsuarioController->formulario()
 7 SYSTEMPATH\CodeIgniter.php(499): CodeIgniter\CodeIgniter->runController(Object(App\Controllers\UsuarioController))
 8 SYSTEMPATH\CodeIgniter.php(368): CodeIgniter\CodeIgniter->handleRequest(null, Object(Config\Cache), false)
 9 FCPATH\index.php(67): CodeIgniter\CodeIgniter->run()
CRITICAL - 2023-03-28 23:28:56 --> Undefined variable $data
in APPPATH\Views\usuario\formulario.php on line 65.
 1 APPPATH\Views\usuario\formulario.php(65): CodeIgniter\Debug\Exceptions->errorHandler(2, 'Undefined variable $data', 'APPPATH\\Views\\usuario\\formulario.php', 65)
 2 SYSTEMPATH\View\View.php(213): include('APPPATH\\Views\\usuario\\formulario.php')
 3 SYSTEMPATH\View\View.php(216): CodeIgniter\View\View->CodeIgniter\View\{closure}()
 4 SYSTEMPATH\Common.php(1184): CodeIgniter\View\View->render('usuario/formulario', [], true)
 5 APPPATH\Controllers\UsuarioController.php(19): view('usuario/formulario')
 6 SYSTEMPATH\CodeIgniter.php(934): App\Controllers\UsuarioController->formulario()
 7 SYSTEMPATH\CodeIgniter.php(499): CodeIgniter\CodeIgniter->runController(Object(App\Controllers\UsuarioController))
 8 SYSTEMPATH\CodeIgniter.php(368): CodeIgniter\CodeIgniter->handleRequest(null, Object(Config\Cache), false)
 9 FCPATH\index.php(67): CodeIgniter\CodeIgniter->run()
CRITICAL - 2023-03-28 23:29:28 --> Undefined variable $data
in APPPATH\Views\usuario\formulario.php on line 65.
 1 APPPATH\Views\usuario\formulario.php(65): CodeIgniter\Debug\Exceptions->errorHandler(2, 'Undefined variable $data', 'APPPATH\\Views\\usuario\\formulario.php', 65)
 2 SYSTEMPATH\View\View.php(213): include('APPPATH\\Views\\usuario\\formulario.php')
 3 SYSTEMPATH\View\View.php(216): CodeIgniter\View\View->CodeIgniter\View\{closure}()
 4 SYSTEMPATH\Common.php(1184): CodeIgniter\View\View->render('usuario/formulario', [], true)
 5 APPPATH\Controllers\UsuarioController.php(19): view('usuario/formulario')
 6 SYSTEMPATH\CodeIgniter.php(934): App\Controllers\UsuarioController->formulario()
 7 SYSTEMPATH\CodeIgniter.php(499): CodeIgniter\CodeIgniter->runController(Object(App\Controllers\UsuarioController))
 8 SYSTEMPATH\CodeIgniter.php(368): CodeIgniter\CodeIgniter->handleRequest(null, Object(Config\Cache), false)
 9 FCPATH\index.php(67): CodeIgniter\CodeIgniter->run()
CRITICAL - 2023-03-28 23:29:57 --> Undefined variable $data
in APPPATH\Views\usuario\formulario.php on line 65.
 1 APPPATH\Views\usuario\formulario.php(65): CodeIgniter\Debug\Exceptions->errorHandler(2, 'Undefined variable $data', 'APPPATH\\Views\\usuario\\formulario.php', 65)
 2 SYSTEMPATH\View\View.php(213): include('APPPATH\\Views\\usuario\\formulario.php')
 3 SYSTEMPATH\View\View.php(216): CodeIgniter\View\View->CodeIgniter\View\{closure}()
 4 SYSTEMPATH\Common.php(1184): CodeIgniter\View\View->render('usuario/formulario', [], true)
 5 APPPATH\Controllers\UsuarioController.php(19): view('usuario/formulario')
 6 SYSTEMPATH\CodeIgniter.php(934): App\Controllers\UsuarioController->formulario()
 7 SYSTEMPATH\CodeIgniter.php(499): CodeIgniter\CodeIgniter->runController(Object(App\Controllers\UsuarioController))
 8 SYSTEMPATH\CodeIgniter.php(368): CodeIgniter\CodeIgniter->handleRequest(null, Object(Config\Cache), false)
 9 FCPATH\index.php(67): CodeIgniter\CodeIgniter->run()
CRITICAL - 2023-03-28 23:30:53 --> Class "App\Models\ModeloUs" not found
in APPPATH\Controllers\UsuarioController.php on line 15.
 1 SYSTEMPATH\CodeIgniter.php(934): App\Controllers\UsuarioController->formulario()
 2 SYSTEMPATH\CodeIgniter.php(499): CodeIgniter\CodeIgniter->runController(Object(App\Controllers\UsuarioController))
 3 SYSTEMPATH\CodeIgniter.php(368): CodeIgniter\CodeIgniter->handleRequest(null, Object(Config\Cache), false)
 4 FCPATH\index.php(67): CodeIgniter\CodeIgniter->run()
CRITICAL - 2023-03-28 23:30:54 --> Class "App\Models\ModeloUs" not found
in APPPATH\Controllers\UsuarioController.php on line 15.
 1 SYSTEMPATH\CodeIgniter.php(934): App\Controllers\UsuarioController->formulario()
 2 SYSTEMPATH\CodeIgniter.php(499): CodeIgniter\CodeIgniter->runController(Object(App\Controllers\UsuarioController))
 3 SYSTEMPATH\CodeIgniter.php(368): CodeIgniter\CodeIgniter->handleRequest(null, Object(Config\Cache), false)
 4 FCPATH\index.php(67): CodeIgniter\CodeIgniter->run()
CRITICAL - 2023-03-28 23:30:55 --> Class "App\Models\ModeloUs" not found
in APPPATH\Controllers\UsuarioController.php on line 15.
 1 SYSTEMPATH\CodeIgniter.php(934): App\Controllers\UsuarioController->formulario()
 2 SYSTEMPATH\CodeIgniter.php(499): CodeIgniter\CodeIgniter->runController(Object(App\Controllers\UsuarioController))
 3 SYSTEMPATH\CodeIgniter.php(368): CodeIgniter\CodeIgniter->handleRequest(null, Object(Config\Cache), false)
 4 FCPATH\index.php(67): CodeIgniter\CodeIgniter->run()
CRITICAL - 2023-03-28 23:30:55 --> Class "App\Models\ModeloUs" not found
in APPPATH\Controllers\UsuarioController.php on line 15.
 1 SYSTEMPATH\CodeIgniter.php(934): App\Controllers\UsuarioController->formulario()
 2 SYSTEMPATH\CodeIgniter.php(499): CodeIgniter\CodeIgniter->runController(Object(App\Controllers\UsuarioController))
 3 SYSTEMPATH\CodeIgniter.php(368): CodeIgniter\CodeIgniter->handleRequest(null, Object(Config\Cache), false)
 4 FCPATH\index.php(67): CodeIgniter\CodeIgniter->run()
CRITICAL - 2023-03-28 23:32:26 --> Undefined variable $data
in APPPATH\Views\usuario\formulario.php on line 65.
 1 APPPATH\Views\usuario\formulario.php(65): CodeIgniter\Debug\Exceptions->errorHandler(2, 'Undefined variable $data', 'APPPATH\\Views\\usuario\\formulario.php', 65)
 2 SYSTEMPATH\View\View.php(213): include('APPPATH\\Views\\usuario\\formulario.php')
 3 SYSTEMPATH\View\View.php(216): CodeIgniter\View\View->CodeIgniter\View\{closure}()
 4 SYSTEMPATH\Common.php(1184): CodeIgniter\View\View->render('usuario/formulario', [], true)
 5 APPPATH\Controllers\UsuarioController.php(23): view('usuario/formulario')
 6 SYSTEMPATH\CodeIgniter.php(934): App\Controllers\UsuarioController->formulario()
 7 SYSTEMPATH\CodeIgniter.php(499): CodeIgniter\CodeIgniter->runController(Object(App\Controllers\UsuarioController))
 8 SYSTEMPATH\CodeIgniter.php(368): CodeIgniter\CodeIgniter->handleRequest(null, Object(Config\Cache), false)
 9 FCPATH\index.php(67): CodeIgniter\CodeIgniter->run()
CRITICAL - 2023-03-28 23:32:50 --> Undefined variable $data
in APPPATH\Views\usuario\formulario.php on line 65.
 1 APPPATH\Views\usuario\formulario.php(65): CodeIgniter\Debug\Exceptions->errorHandler(2, 'Undefined variable $data', 'APPPATH\\Views\\usuario\\formulario.php', 65)
 2 SYSTEMPATH\View\View.php(213): include('APPPATH\\Views\\usuario\\formulario.php')
 3 SYSTEMPATH\View\View.php(216): CodeIgniter\View\View->CodeIgniter\View\{closure}()
 4 SYSTEMPATH\Common.php(1184): CodeIgniter\View\View->render('usuario/formulario', [], true)
 5 APPPATH\Controllers\UsuarioController.php(23): view('usuario/formulario', [...])
 6 SYSTEMPATH\CodeIgniter.php(934): App\Controllers\UsuarioController->formulario()
 7 SYSTEMPATH\CodeIgniter.php(499): CodeIgniter\CodeIgniter->runController(Object(App\Controllers\UsuarioController))
 8 SYSTEMPATH\CodeIgniter.php(368): CodeIgniter\CodeIgniter->handleRequest(null, Object(Config\Cache), false)
 9 FCPATH\index.php(67): CodeIgniter\CodeIgniter->run()
CRITICAL - 2023-03-28 23:32:51 --> Undefined variable $data
in APPPATH\Views\usuario\formulario.php on line 65.
 1 APPPATH\Views\usuario\formulario.php(65): CodeIgniter\Debug\Exceptions->errorHandler(2, 'Undefined variable $data', 'APPPATH\\Views\\usuario\\formulario.php', 65)
 2 SYSTEMPATH\View\View.php(213): include('APPPATH\\Views\\usuario\\formulario.php')
 3 SYSTEMPATH\View\View.php(216): CodeIgniter\View\View->CodeIgniter\View\{closure}()
 4 SYSTEMPATH\Common.php(1184): CodeIgniter\View\View->render('usuario/formulario', [], true)
 5 APPPATH\Controllers\UsuarioController.php(23): view('usuario/formulario', [...])
 6 SYSTEMPATH\CodeIgniter.php(934): App\Controllers\UsuarioController->formulario()
 7 SYSTEMPATH\CodeIgniter.php(499): CodeIgniter\CodeIgniter->runController(Object(App\Controllers\UsuarioController))
 8 SYSTEMPATH\CodeIgniter.php(368): CodeIgniter\CodeIgniter->handleRequest(null, Object(Config\Cache), false)
 9 FCPATH\index.php(67): CodeIgniter\CodeIgniter->run()
CRITICAL - 2023-03-28 23:32:51 --> Undefined variable $data
in APPPATH\Views\usuario\formulario.php on line 65.
 1 APPPATH\Views\usuario\formulario.php(65): CodeIgniter\Debug\Exceptions->errorHandler(2, 'Undefined variable $data', 'APPPATH\\Views\\usuario\\formulario.php', 65)
 2 SYSTEMPATH\View\View.php(213): include('APPPATH\\Views\\usuario\\formulario.php')
 3 SYSTEMPATH\View\View.php(216): CodeIgniter\View\View->CodeIgniter\View\{closure}()
 4 SYSTEMPATH\Common.php(1184): CodeIgniter\View\View->render('usuario/formulario', [], true)
 5 APPPATH\Controllers\UsuarioController.php(23): view('usuario/formulario', [...])
 6 SYSTEMPATH\CodeIgniter.php(934): App\Controllers\UsuarioController->formulario()
 7 SYSTEMPATH\CodeIgniter.php(499): CodeIgniter\CodeIgniter->runController(Object(App\Controllers\UsuarioController))
 8 SYSTEMPATH\CodeIgniter.php(368): CodeIgniter\CodeIgniter->handleRequest(null, Object(Config\Cache), false)
 9 FCPATH\index.php(67): CodeIgniter\CodeIgniter->run()
CRITICAL - 2023-03-28 23:32:51 --> Undefined variable $data
in APPPATH\Views\usuario\formulario.php on line 65.
 1 APPPATH\Views\usuario\formulario.php(65): CodeIgniter\Debug\Exceptions->errorHandler(2, 'Undefined variable $data', 'APPPATH\\Views\\usuario\\formulario.php', 65)
 2 SYSTEMPATH\View\View.php(213): include('APPPATH\\Views\\usuario\\formulario.php')
 3 SYSTEMPATH\View\View.php(216): CodeIgniter\View\View->CodeIgniter\View\{closure}()
 4 SYSTEMPATH\Common.php(1184): CodeIgniter\View\View->render('usuario/formulario', [], true)
 5 APPPATH\Controllers\UsuarioController.php(23): view('usuario/formulario', [...])
 6 SYSTEMPATH\CodeIgniter.php(934): App\Controllers\UsuarioController->formulario()
 7 SYSTEMPATH\CodeIgniter.php(499): CodeIgniter\CodeIgniter->runController(Object(App\Controllers\UsuarioController))
 8 SYSTEMPATH\CodeIgniter.php(368): CodeIgniter\CodeIgniter->handleRequest(null, Object(Config\Cache), false)
 9 FCPATH\index.php(67): CodeIgniter\CodeIgniter->run()
CRITICAL - 2023-03-28 23:32:51 --> Undefined variable $data
in APPPATH\Views\usuario\formulario.php on line 65.
 1 APPPATH\Views\usuario\formulario.php(65): CodeIgniter\Debug\Exceptions->errorHandler(2, 'Undefined variable $data', 'APPPATH\\Views\\usuario\\formulario.php', 65)
 2 SYSTEMPATH\View\View.php(213): include('APPPATH\\Views\\usuario\\formulario.php')
 3 SYSTEMPATH\View\View.php(216): CodeIgniter\View\View->CodeIgniter\View\{closure}()
 4 SYSTEMPATH\Common.php(1184): CodeIgniter\View\View->render('usuario/formulario', [], true)
 5 APPPATH\Controllers\UsuarioController.php(23): view('usuario/formulario', [...])
 6 SYSTEMPATH\CodeIgniter.php(934): App\Controllers\UsuarioController->formulario()
 7 SYSTEMPATH\CodeIgniter.php(499): CodeIgniter\CodeIgniter->runController(Object(App\Controllers\UsuarioController))
 8 SYSTEMPATH\CodeIgniter.php(368): CodeIgniter\CodeIgniter->handleRequest(null, Object(Config\Cache), false)
 9 FCPATH\index.php(67): CodeIgniter\CodeIgniter->run()
CRITICAL - 2023-03-28 23:32:52 --> Undefined variable $data
in APPPATH\Views\usuario\formulario.php on line 65.
 1 APPPATH\Views\usuario\formulario.php(65): CodeIgniter\Debug\Exceptions->errorHandler(2, 'Undefined variable $data', 'APPPATH\\Views\\usuario\\formulario.php', 65)
 2 SYSTEMPATH\View\View.php(213): include('APPPATH\\Views\\usuario\\formulario.php')
 3 SYSTEMPATH\View\View.php(216): CodeIgniter\View\View->CodeIgniter\View\{closure}()
 4 SYSTEMPATH\Common.php(1184): CodeIgniter\View\View->render('usuario/formulario', [], true)
 5 APPPATH\Controllers\UsuarioController.php(23): view('usuario/formulario', [...])
 6 SYSTEMPATH\CodeIgniter.php(934): App\Controllers\UsuarioController->formulario()
 7 SYSTEMPATH\CodeIgniter.php(499): CodeIgniter\CodeIgniter->runController(Object(App\Controllers\UsuarioController))
 8 SYSTEMPATH\CodeIgniter.php(368): CodeIgniter\CodeIgniter->handleRequest(null, Object(Config\Cache), false)
 9 FCPATH\index.php(67): CodeIgniter\CodeIgniter->run()
CRITICAL - 2023-03-28 23:32:52 --> Undefined variable $data
in APPPATH\Views\usuario\formulario.php on line 65.
 1 APPPATH\Views\usuario\formulario.php(65): CodeIgniter\Debug\Exceptions->errorHandler(2, 'Undefined variable $data', 'APPPATH\\Views\\usuario\\formulario.php', 65)
 2 SYSTEMPATH\View\View.php(213): include('APPPATH\\Views\\usuario\\formulario.php')
 3 SYSTEMPATH\View\View.php(216): CodeIgniter\View\View->CodeIgniter\View\{closure}()
 4 SYSTEMPATH\Common.php(1184): CodeIgniter\View\View->render('usuario/formulario', [], true)
 5 APPPATH\Controllers\UsuarioController.php(23): view('usuario/formulario', [...])
 6 SYSTEMPATH\CodeIgniter.php(934): App\Controllers\UsuarioController->formulario()
 7 SYSTEMPATH\CodeIgniter.php(499): CodeIgniter\CodeIgniter->runController(Object(App\Controllers\UsuarioController))
 8 SYSTEMPATH\CodeIgniter.php(368): CodeIgniter\CodeIgniter->handleRequest(null, Object(Config\Cache), false)
 9 FCPATH\index.php(67): CodeIgniter\CodeIgniter->run()
CRITICAL - 2023-03-28 23:32:52 --> Undefined variable $data
in APPPATH\Views\usuario\formulario.php on line 65.
 1 APPPATH\Views\usuario\formulario.php(65): CodeIgniter\Debug\Exceptions->errorHandler(2, 'Undefined variable $data', 'APPPATH\\Views\\usuario\\formulario.php', 65)
 2 SYSTEMPATH\View\View.php(213): include('APPPATH\\Views\\usuario\\formulario.php')
 3 SYSTEMPATH\View\View.php(216): CodeIgniter\View\View->CodeIgniter\View\{closure}()
 4 SYSTEMPATH\Common.php(1184): CodeIgniter\View\View->render('usuario/formulario', [], true)
 5 APPPATH\Controllers\UsuarioController.php(23): view('usuario/formulario', [...])
 6 SYSTEMPATH\CodeIgniter.php(934): App\Controllers\UsuarioController->formulario()
 7 SYSTEMPATH\CodeIgniter.php(499): CodeIgniter\CodeIgniter->runController(Object(App\Controllers\UsuarioController))
 8 SYSTEMPATH\CodeIgniter.php(368): CodeIgniter\CodeIgniter->handleRequest(null, Object(Config\Cache), false)
 9 FCPATH\index.php(67): CodeIgniter\CodeIgniter->run()
CRITICAL - 2023-03-28 23:32:52 --> Undefined variable $data
in APPPATH\Views\usuario\formulario.php on line 65.
 1 APPPATH\Views\usuario\formulario.php(65): CodeIgniter\Debug\Exceptions->errorHandler(2, 'Undefined variable $data', 'APPPATH\\Views\\usuario\\formulario.php', 65)
 2 SYSTEMPATH\View\View.php(213): include('APPPATH\\Views\\usuario\\formulario.php')
 3 SYSTEMPATH\View\View.php(216): CodeIgniter\View\View->CodeIgniter\View\{closure}()
 4 SYSTEMPATH\Common.php(1184): CodeIgniter\View\View->render('usuario/formulario', [], true)
 5 APPPATH\Controllers\UsuarioController.php(23): view('usuario/formulario', [...])
 6 SYSTEMPATH\CodeIgniter.php(934): App\Controllers\UsuarioController->formulario()
 7 SYSTEMPATH\CodeIgniter.php(499): CodeIgniter\CodeIgniter->runController(Object(App\Controllers\UsuarioController))
 8 SYSTEMPATH\CodeIgniter.php(368): CodeIgniter\CodeIgniter->handleRequest(null, Object(Config\Cache), false)
 9 FCPATH\index.php(67): CodeIgniter\CodeIgniter->run()
CRITICAL - 2023-03-28 23:32:52 --> Undefined variable $data
in APPPATH\Views\usuario\formulario.php on line 65.
 1 APPPATH\Views\usuario\formulario.php(65): CodeIgniter\Debug\Exceptions->errorHandler(2, 'Undefined variable $data', 'APPPATH\\Views\\usuario\\formulario.php', 65)
 2 SYSTEMPATH\View\View.php(213): include('APPPATH\\Views\\usuario\\formulario.php')
 3 SYSTEMPATH\View\View.php(216): CodeIgniter\View\View->CodeIgniter\View\{closure}()
 4 SYSTEMPATH\Common.php(1184): CodeIgniter\View\View->render('usuario/formulario', [], true)
 5 APPPATH\Controllers\UsuarioController.php(23): view('usuario/formulario', [...])
 6 SYSTEMPATH\CodeIgniter.php(934): App\Controllers\UsuarioController->formulario()
 7 SYSTEMPATH\CodeIgniter.php(499): CodeIgniter\CodeIgniter->runController(Object(App\Controllers\UsuarioController))
 8 SYSTEMPATH\CodeIgniter.php(368): CodeIgniter\CodeIgniter->handleRequest(null, Object(Config\Cache), false)
 9 FCPATH\index.php(67): CodeIgniter\CodeIgniter->run()
CRITICAL - 2023-03-28 23:32:53 --> Undefined variable $data
in APPPATH\Views\usuario\formulario.php on line 65.
 1 APPPATH\Views\usuario\formulario.php(65): CodeIgniter\Debug\Exceptions->errorHandler(2, 'Undefined variable $data', 'APPPATH\\Views\\usuario\\formulario.php', 65)
 2 SYSTEMPATH\View\View.php(213): include('APPPATH\\Views\\usuario\\formulario.php')
 3 SYSTEMPATH\View\View.php(216): CodeIgniter\View\View->CodeIgniter\View\{closure}()
 4 SYSTEMPATH\Common.php(1184): CodeIgniter\View\View->render('usuario/formulario', [], true)
 5 APPPATH\Controllers\UsuarioController.php(23): view('usuario/formulario', [...])
 6 SYSTEMPATH\CodeIgniter.php(934): App\Controllers\UsuarioController->formulario()
 7 SYSTEMPATH\CodeIgniter.php(499): CodeIgniter\CodeIgniter->runController(Object(App\Controllers\UsuarioController))
 8 SYSTEMPATH\CodeIgniter.php(368): CodeIgniter\CodeIgniter->handleRequest(null, Object(Config\Cache), false)
 9 FCPATH\index.php(67): CodeIgniter\CodeIgniter->run()
CRITICAL - 2023-03-28 23:32:53 --> Undefined variable $data
in APPPATH\Views\usuario\formulario.php on line 65.
 1 APPPATH\Views\usuario\formulario.php(65): CodeIgniter\Debug\Exceptions->errorHandler(2, 'Undefined variable $data', 'APPPATH\\Views\\usuario\\formulario.php', 65)
 2 SYSTEMPATH\View\View.php(213): include('APPPATH\\Views\\usuario\\formulario.php')
 3 SYSTEMPATH\View\View.php(216): CodeIgniter\View\View->CodeIgniter\View\{closure}()
 4 SYSTEMPATH\Common.php(1184): CodeIgniter\View\View->render('usuario/formulario', [], true)
 5 APPPATH\Controllers\UsuarioController.php(23): view('usuario/formulario', [...])
 6 SYSTEMPATH\CodeIgniter.php(934): App\Controllers\UsuarioController->formulario()
 7 SYSTEMPATH\CodeIgniter.php(499): CodeIgniter\CodeIgniter->runController(Object(App\Controllers\UsuarioController))
 8 SYSTEMPATH\CodeIgniter.php(368): CodeIgniter\CodeIgniter->handleRequest(null, Object(Config\Cache), false)
 9 FCPATH\index.php(67): CodeIgniter\CodeIgniter->run()
CRITICAL - 2023-03-28 23:32:53 --> Undefined variable $data
in APPPATH\Views\usuario\formulario.php on line 65.
 1 APPPATH\Views\usuario\formulario.php(65): CodeIgniter\Debug\Exceptions->errorHandler(2, 'Undefined variable $data', 'APPPATH\\Views\\usuario\\formulario.php', 65)
 2 SYSTEMPATH\View\View.php(213): include('APPPATH\\Views\\usuario\\formulario.php')
 3 SYSTEMPATH\View\View.php(216): CodeIgniter\View\View->CodeIgniter\View\{closure}()
 4 SYSTEMPATH\Common.php(1184): CodeIgniter\View\View->render('usuario/formulario', [], true)
 5 APPPATH\Controllers\UsuarioController.php(23): view('usuario/formulario', [...])
 6 SYSTEMPATH\CodeIgniter.php(934): App\Controllers\UsuarioController->formulario()
 7 SYSTEMPATH\CodeIgniter.php(499): CodeIgniter\CodeIgniter->runController(Object(App\Controllers\UsuarioController))
 8 SYSTEMPATH\CodeIgniter.php(368): CodeIgniter\CodeIgniter->handleRequest(null, Object(Config\Cache), false)
 9 FCPATH\index.php(67): CodeIgniter\CodeIgniter->run()
CRITICAL - 2023-03-28 23:34:25 --> Undefined variable $data
in APPPATH\Views\usuario\formulario.php on line 65.
 1 APPPATH\Views\usuario\formulario.php(65): CodeIgniter\Debug\Exceptions->errorHandler(2, 'Undefined variable $data', 'APPPATH\\Views\\usuario\\formulario.php', 65)
 2 SYSTEMPATH\View\View.php(213): include('APPPATH\\Views\\usuario\\formulario.php')
 3 SYSTEMPATH\View\View.php(216): CodeIgniter\View\View->CodeIgniter\View\{closure}()
 4 SYSTEMPATH\Common.php(1184): CodeIgniter\View\View->render('usuario/formulario', [], true)
 5 APPPATH\Controllers\UsuarioController.php(23): view('usuario/formulario')
 6 SYSTEMPATH\CodeIgniter.php(934): App\Controllers\UsuarioController->formulario()
 7 SYSTEMPATH\CodeIgniter.php(499): CodeIgniter\CodeIgniter->runController(Object(App\Controllers\UsuarioController))
 8 SYSTEMPATH\CodeIgniter.php(368): CodeIgniter\CodeIgniter->handleRequest(null, Object(Config\Cache), false)
 9 FCPATH\index.php(67): CodeIgniter\CodeIgniter->run()
CRITICAL - 2023-03-28 23:34:45 --> Undefined variable $data
in APPPATH\Views\usuario\formulario.php on line 46.
 1 APPPATH\Views\usuario\formulario.php(46): CodeIgniter\Debug\Exceptions->errorHandler(2, 'Undefined variable $data', 'APPPATH\\Views\\usuario\\formulario.php', 46)
 2 SYSTEMPATH\View\View.php(213): include('APPPATH\\Views\\usuario\\formulario.php')
 3 SYSTEMPATH\View\View.php(216): CodeIgniter\View\View->CodeIgniter\View\{closure}()
 4 SYSTEMPATH\Common.php(1184): CodeIgniter\View\View->render('usuario/formulario', [], true)
 5 APPPATH\Controllers\UsuarioController.php(23): view('usuario/formulario')
 6 SYSTEMPATH\CodeIgniter.php(934): App\Controllers\UsuarioController->formulario()
 7 SYSTEMPATH\CodeIgniter.php(499): CodeIgniter\CodeIgniter->runController(Object(App\Controllers\UsuarioController))
 8 SYSTEMPATH\CodeIgniter.php(368): CodeIgniter\CodeIgniter->handleRequest(null, Object(Config\Cache), false)
 9 FCPATH\index.php(67): CodeIgniter\CodeIgniter->run()
CRITICAL - 2023-03-28 23:34:46 --> Undefined variable $data
in APPPATH\Views\usuario\formulario.php on line 46.
 1 APPPATH\Views\usuario\formulario.php(46): CodeIgniter\Debug\Exceptions->errorHandler(2, 'Undefined variable $data', 'APPPATH\\Views\\usuario\\formulario.php', 46)
 2 SYSTEMPATH\View\View.php(213): include('APPPATH\\Views\\usuario\\formulario.php')
 3 SYSTEMPATH\View\View.php(216): CodeIgniter\View\View->CodeIgniter\View\{closure}()
 4 SYSTEMPATH\Common.php(1184): CodeIgniter\View\View->render('usuario/formulario', [], true)
 5 APPPATH\Controllers\UsuarioController.php(23): view('usuario/formulario')
 6 SYSTEMPATH\CodeIgniter.php(934): App\Controllers\UsuarioController->formulario()
 7 SYSTEMPATH\CodeIgniter.php(499): CodeIgniter\CodeIgniter->runController(Object(App\Controllers\UsuarioController))
 8 SYSTEMPATH\CodeIgniter.php(368): CodeIgniter\CodeIgniter->handleRequest(null, Object(Config\Cache), false)
 9 FCPATH\index.php(67): CodeIgniter\CodeIgniter->run()
CRITICAL - 2023-03-28 23:34:47 --> Undefined variable $data
in APPPATH\Views\usuario\formulario.php on line 46.
 1 APPPATH\Views\usuario\formulario.php(46): CodeIgniter\Debug\Exceptions->errorHandler(2, 'Undefined variable $data', 'APPPATH\\Views\\usuario\\formulario.php', 46)
 2 SYSTEMPATH\View\View.php(213): include('APPPATH\\Views\\usuario\\formulario.php')
 3 SYSTEMPATH\View\View.php(216): CodeIgniter\View\View->CodeIgniter\View\{closure}()
 4 SYSTEMPATH\Common.php(1184): CodeIgniter\View\View->render('usuario/formulario', [], true)
 5 APPPATH\Controllers\UsuarioController.php(23): view('usuario/formulario')
 6 SYSTEMPATH\CodeIgniter.php(934): App\Controllers\UsuarioController->formulario()
 7 SYSTEMPATH\CodeIgniter.php(499): CodeIgniter\CodeIgniter->runController(Object(App\Controllers\UsuarioController))
 8 SYSTEMPATH\CodeIgniter.php(368): CodeIgniter\CodeIgniter->handleRequest(null, Object(Config\Cache), false)
 9 FCPATH\index.php(67): CodeIgniter\CodeIgniter->run()
CRITICAL - 2023-03-28 23:34:47 --> Undefined variable $data
in APPPATH\Views\usuario\formulario.php on line 46.
 1 APPPATH\Views\usuario\formulario.php(46): CodeIgniter\Debug\Exceptions->errorHandler(2, 'Undefined variable $data', 'APPPATH\\Views\\usuario\\formulario.php', 46)
 2 SYSTEMPATH\View\View.php(213): include('APPPATH\\Views\\usuario\\formulario.php')
 3 SYSTEMPATH\View\View.php(216): CodeIgniter\View\View->CodeIgniter\View\{closure}()
 4 SYSTEMPATH\Common.php(1184): CodeIgniter\View\View->render('usuario/formulario', [], true)
 5 APPPATH\Controllers\UsuarioController.php(23): view('usuario/formulario')
 6 SYSTEMPATH\CodeIgniter.php(934): App\Controllers\UsuarioController->formulario()
 7 SYSTEMPATH\CodeIgniter.php(499): CodeIgniter\CodeIgniter->runController(Object(App\Controllers\UsuarioController))
 8 SYSTEMPATH\CodeIgniter.php(368): CodeIgniter\CodeIgniter->handleRequest(null, Object(Config\Cache), false)
 9 FCPATH\index.php(67): CodeIgniter\CodeIgniter->run()
CRITICAL - 2023-03-28 23:34:47 --> Undefined variable $data
in APPPATH\Views\usuario\formulario.php on line 46.
 1 APPPATH\Views\usuario\formulario.php(46): CodeIgniter\Debug\Exceptions->errorHandler(2, 'Undefined variable $data', 'APPPATH\\Views\\usuario\\formulario.php', 46)
 2 SYSTEMPATH\View\View.php(213): include('APPPATH\\Views\\usuario\\formulario.php')
 3 SYSTEMPATH\View\View.php(216): CodeIgniter\View\View->CodeIgniter\View\{closure}()
 4 SYSTEMPATH\Common.php(1184): CodeIgniter\View\View->render('usuario/formulario', [], true)
 5 APPPATH\Controllers\UsuarioController.php(23): view('usuario/formulario')
 6 SYSTEMPATH\CodeIgniter.php(934): App\Controllers\UsuarioController->formulario()
 7 SYSTEMPATH\CodeIgniter.php(499): CodeIgniter\CodeIgniter->runController(Object(App\Controllers\UsuarioController))
 8 SYSTEMPATH\CodeIgniter.php(368): CodeIgniter\CodeIgniter->handleRequest(null, Object(Config\Cache), false)
 9 FCPATH\index.php(67): CodeIgniter\CodeIgniter->run()
CRITICAL - 2023-03-28 23:37:45 --> Undefined variable $data
in APPPATH\Views\usuario\formulario.php on line 46.
 1 APPPATH\Views\usuario\formulario.php(46): CodeIgniter\Debug\Exceptions->errorHandler(2, 'Undefined variable $data', 'APPPATH\\Views\\usuario\\formulario.php', 46)
 2 SYSTEMPATH\View\View.php(213): include('APPPATH\\Views\\usuario\\formulario.php')
 3 SYSTEMPATH\View\View.php(216): CodeIgniter\View\View->CodeIgniter\View\{closure}()
 4 SYSTEMPATH\Common.php(1184): CodeIgniter\View\View->render('usuario/formulario', [], true)
 5 APPPATH\Controllers\UsuarioController.php(24): view('usuario/formulario', [...])
 6 SYSTEMPATH\CodeIgniter.php(934): App\Controllers\UsuarioController->formulario()
 7 SYSTEMPATH\CodeIgniter.php(499): CodeIgniter\CodeIgniter->runController(Object(App\Controllers\UsuarioController))
 8 SYSTEMPATH\CodeIgniter.php(368): CodeIgniter\CodeIgniter->handleRequest(null, Object(Config\Cache), false)
 9 FCPATH\index.php(67): CodeIgniter\CodeIgniter->run()
CRITICAL - 2023-03-28 23:37:47 --> Undefined variable $data
in APPPATH\Views\usuario\formulario.php on line 46.
 1 APPPATH\Views\usuario\formulario.php(46): CodeIgniter\Debug\Exceptions->errorHandler(2, 'Undefined variable $data', 'APPPATH\\Views\\usuario\\formulario.php', 46)
 2 SYSTEMPATH\View\View.php(213): include('APPPATH\\Views\\usuario\\formulario.php')
 3 SYSTEMPATH\View\View.php(216): CodeIgniter\View\View->CodeIgniter\View\{closure}()
 4 SYSTEMPATH\Common.php(1184): CodeIgniter\View\View->render('usuario/formulario', [], true)
 5 APPPATH\Controllers\UsuarioController.php(24): view('usuario/formulario', [...])
 6 SYSTEMPATH\CodeIgniter.php(934): App\Controllers\UsuarioController->formulario()
 7 SYSTEMPATH\CodeIgniter.php(499): CodeIgniter\CodeIgniter->runController(Object(App\Controllers\UsuarioController))
 8 SYSTEMPATH\CodeIgniter.php(368): CodeIgniter\CodeIgniter->handleRequest(null, Object(Config\Cache), false)
 9 FCPATH\index.php(67): CodeIgniter\CodeIgniter->run()
CRITICAL - 2023-03-28 23:37:47 --> Undefined variable $data
in APPPATH\Views\usuario\formulario.php on line 46.
 1 APPPATH\Views\usuario\formulario.php(46): CodeIgniter\Debug\Exceptions->errorHandler(2, 'Undefined variable $data', 'APPPATH\\Views\\usuario\\formulario.php', 46)
 2 SYSTEMPATH\View\View.php(213): include('APPPATH\\Views\\usuario\\formulario.php')
 3 SYSTEMPATH\View\View.php(216): CodeIgniter\View\View->CodeIgniter\View\{closure}()
 4 SYSTEMPATH\Common.php(1184): CodeIgniter\View\View->render('usuario/formulario', [], true)
 5 APPPATH\Controllers\UsuarioController.php(24): view('usuario/formulario', [...])
 6 SYSTEMPATH\CodeIgniter.php(934): App\Controllers\UsuarioController->formulario()
 7 SYSTEMPATH\CodeIgniter.php(499): CodeIgniter\CodeIgniter->runController(Object(App\Controllers\UsuarioController))
 8 SYSTEMPATH\CodeIgniter.php(368): CodeIgniter\CodeIgniter->handleRequest(null, Object(Config\Cache), false)
 9 FCPATH\index.php(67): CodeIgniter\CodeIgniter->run()
CRITICAL - 2023-03-28 23:37:48 --> Undefined variable $data
in APPPATH\Views\usuario\formulario.php on line 46.
 1 APPPATH\Views\usuario\formulario.php(46): CodeIgniter\Debug\Exceptions->errorHandler(2, 'Undefined variable $data', 'APPPATH\\Views\\usuario\\formulario.php', 46)
 2 SYSTEMPATH\View\View.php(213): include('APPPATH\\Views\\usuario\\formulario.php')
 3 SYSTEMPATH\View\View.php(216): CodeIgniter\View\View->CodeIgniter\View\{closure}()
 4 SYSTEMPATH\Common.php(1184): CodeIgniter\View\View->render('usuario/formulario', [], true)
 5 APPPATH\Controllers\UsuarioController.php(24): view('usuario/formulario', [...])
 6 SYSTEMPATH\CodeIgniter.php(934): App\Controllers\UsuarioController->formulario()
 7 SYSTEMPATH\CodeIgniter.php(499): CodeIgniter\CodeIgniter->runController(Object(App\Controllers\UsuarioController))
 8 SYSTEMPATH\CodeIgniter.php(368): CodeIgniter\CodeIgniter->handleRequest(null, Object(Config\Cache), false)
 9 FCPATH\index.php(67): CodeIgniter\CodeIgniter->run()
CRITICAL - 2023-03-28 23:37:51 --> Undefined variable $data
in APPPATH\Views\usuario\formulario.php on line 46.
 1 APPPATH\Views\usuario\formulario.php(46): CodeIgniter\Debug\Exceptions->errorHandler(2, 'Undefined variable $data', 'APPPATH\\Views\\usuario\\formulario.php', 46)
 2 SYSTEMPATH\View\View.php(213): include('APPPATH\\Views\\usuario\\formulario.php')
 3 SYSTEMPATH\View\View.php(216): CodeIgniter\View\View->CodeIgniter\View\{closure}()
 4 SYSTEMPATH\Common.php(1184): CodeIgniter\View\View->render('usuario/formulario', [], true)
 5 APPPATH\Controllers\UsuarioController.php(24): view('usuario/formulario', [...])
 6 SYSTEMPATH\CodeIgniter.php(934): App\Controllers\UsuarioController->formulario()
 7 SYSTEMPATH\CodeIgniter.php(499): CodeIgniter\CodeIgniter->runController(Object(App\Controllers\UsuarioController))
 8 SYSTEMPATH\CodeIgniter.php(368): CodeIgniter\CodeIgniter->handleRequest(null, Object(Config\Cache), false)
 9 FCPATH\index.php(67): CodeIgniter\CodeIgniter->run()
CRITICAL - 2023-03-28 23:37:54 --> Undefined variable $data
in APPPATH\Views\usuario\formulario.php on line 46.
 1 APPPATH\Views\usuario\formulario.php(46): CodeIgniter\Debug\Exceptions->errorHandler(2, 'Undefined variable $data', 'APPPATH\\Views\\usuario\\formulario.php', 46)
 2 SYSTEMPATH\View\View.php(213): include('APPPATH\\Views\\usuario\\formulario.php')
 3 SYSTEMPATH\View\View.php(216): CodeIgniter\View\View->CodeIgniter\View\{closure}()
 4 SYSTEMPATH\Common.php(1184): CodeIgniter\View\View->render('usuario/formulario', [], true)
 5 APPPATH\Controllers\UsuarioController.php(24): view('usuario/formulario', [...])
 6 SYSTEMPATH\CodeIgniter.php(934): App\Controllers\UsuarioController->formulario()
 7 SYSTEMPATH\CodeIgniter.php(499): CodeIgniter\CodeIgniter->runController(Object(App\Controllers\UsuarioController))
 8 SYSTEMPATH\CodeIgniter.php(368): CodeIgniter\CodeIgniter->handleRequest(null, Object(Config\Cache), false)
 9 FCPATH\index.php(67): CodeIgniter\CodeIgniter->run()
CRITICAL - 2023-03-28 23:37:54 --> Undefined variable $data
in APPPATH\Views\usuario\formulario.php on line 46.
 1 APPPATH\Views\usuario\formulario.php(46): CodeIgniter\Debug\Exceptions->errorHandler(2, 'Undefined variable $data', 'APPPATH\\Views\\usuario\\formulario.php', 46)
 2 SYSTEMPATH\View\View.php(213): include('APPPATH\\Views\\usuario\\formulario.php')
 3 SYSTEMPATH\View\View.php(216): CodeIgniter\View\View->CodeIgniter\View\{closure}()
 4 SYSTEMPATH\Common.php(1184): CodeIgniter\View\View->render('usuario/formulario', [], true)
 5 APPPATH\Controllers\UsuarioController.php(24): view('usuario/formulario', [...])
 6 SYSTEMPATH\CodeIgniter.php(934): App\Controllers\UsuarioController->formulario()
 7 SYSTEMPATH\CodeIgniter.php(499): CodeIgniter\CodeIgniter->runController(Object(App\Controllers\UsuarioController))
 8 SYSTEMPATH\CodeIgniter.php(368): CodeIgniter\CodeIgniter->handleRequest(null, Object(Config\Cache), false)
 9 FCPATH\index.php(67): CodeIgniter\CodeIgniter->run()
CRITICAL - 2023-03-28 23:37:55 --> Undefined variable $data
in APPPATH\Views\usuario\formulario.php on line 46.
 1 APPPATH\Views\usuario\formulario.php(46): CodeIgniter\Debug\Exceptions->errorHandler(2, 'Undefined variable $data', 'APPPATH\\Views\\usuario\\formulario.php', 46)
 2 SYSTEMPATH\View\View.php(213): include('APPPATH\\Views\\usuario\\formulario.php')
 3 SYSTEMPATH\View\View.php(216): CodeIgniter\View\View->CodeIgniter\View\{closure}()
 4 SYSTEMPATH\Common.php(1184): CodeIgniter\View\View->render('usuario/formulario', [], true)
 5 APPPATH\Controllers\UsuarioController.php(24): view('usuario/formulario', [...])
 6 SYSTEMPATH\CodeIgniter.php(934): App\Controllers\UsuarioController->formulario()
 7 SYSTEMPATH\CodeIgniter.php(499): CodeIgniter\CodeIgniter->runController(Object(App\Controllers\UsuarioController))
 8 SYSTEMPATH\CodeIgniter.php(368): CodeIgniter\CodeIgniter->handleRequest(null, Object(Config\Cache), false)
 9 FCPATH\index.php(67): CodeIgniter\CodeIgniter->run()
CRITICAL - 2023-03-28 23:37:55 --> Undefined variable $data
in APPPATH\Views\usuario\formulario.php on line 46.
 1 APPPATH\Views\usuario\formulario.php(46): CodeIgniter\Debug\Exceptions->errorHandler(2, 'Undefined variable $data', 'APPPATH\\Views\\usuario\\formulario.php', 46)
 2 SYSTEMPATH\View\View.php(213): include('APPPATH\\Views\\usuario\\formulario.php')
 3 SYSTEMPATH\View\View.php(216): CodeIgniter\View\View->CodeIgniter\View\{closure}()
 4 SYSTEMPATH\Common.php(1184): CodeIgniter\View\View->render('usuario/formulario', [], true)
 5 APPPATH\Controllers\UsuarioController.php(24): view('usuario/formulario', [...])
 6 SYSTEMPATH\CodeIgniter.php(934): App\Controllers\UsuarioController->formulario()
 7 SYSTEMPATH\CodeIgniter.php(499): CodeIgniter\CodeIgniter->runController(Object(App\Controllers\UsuarioController))
 8 SYSTEMPATH\CodeIgniter.php(368): CodeIgniter\CodeIgniter->handleRequest(null, Object(Config\Cache), false)
 9 FCPATH\index.php(67): CodeIgniter\CodeIgniter->run()
CRITICAL - 2023-03-28 23:37:56 --> Undefined variable $data
in APPPATH\Views\usuario\formulario.php on line 46.
 1 APPPATH\Views\usuario\formulario.php(46): CodeIgniter\Debug\Exceptions->errorHandler(2, 'Undefined variable $data', 'APPPATH\\Views\\usuario\\formulario.php', 46)
 2 SYSTEMPATH\View\View.php(213): include('APPPATH\\Views\\usuario\\formulario.php')
 3 SYSTEMPATH\View\View.php(216): CodeIgniter\View\View->CodeIgniter\View\{closure}()
 4 SYSTEMPATH\Common.php(1184): CodeIgniter\View\View->render('usuario/formulario', [], true)
 5 APPPATH\Controllers\UsuarioController.php(24): view('usuario/formulario', [...])
 6 SYSTEMPATH\CodeIgniter.php(934): App\Controllers\UsuarioController->formulario()
 7 SYSTEMPATH\CodeIgniter.php(499): CodeIgniter\CodeIgniter->runController(Object(App\Controllers\UsuarioController))
 8 SYSTEMPATH\CodeIgniter.php(368): CodeIgniter\CodeIgniter->handleRequest(null, Object(Config\Cache), false)
 9 FCPATH\index.php(67): CodeIgniter\CodeIgniter->run()
CRITICAL - 2023-03-28 23:38:00 --> Undefined variable $data
in APPPATH\Views\usuario\formulario.php on line 46.
 1 APPPATH\Views\usuario\formulario.php(46): CodeIgniter\Debug\Exceptions->errorHandler(2, 'Undefined variable $data', 'APPPATH\\Views\\usuario\\formulario.php', 46)
 2 SYSTEMPATH\View\View.php(213): include('APPPATH\\Views\\usuario\\formulario.php')
 3 SYSTEMPATH\View\View.php(216): CodeIgniter\View\View->CodeIgniter\View\{closure}()
 4 SYSTEMPATH\Common.php(1184): CodeIgniter\View\View->render('usuario/formulario', [], true)
 5 APPPATH\Controllers\UsuarioController.php(24): view('usuario/formulario', [...])
 6 SYSTEMPATH\CodeIgniter.php(934): App\Controllers\UsuarioController->formulario()
 7 SYSTEMPATH\CodeIgniter.php(499): CodeIgniter\CodeIgniter->runController(Object(App\Controllers\UsuarioController))
 8 SYSTEMPATH\CodeIgniter.php(368): CodeIgniter\CodeIgniter->handleRequest(null, Object(Config\Cache), false)
 9 FCPATH\index.php(67): CodeIgniter\CodeIgniter->run()
CRITICAL - 2023-03-28 23:38:55 --> Undefined variable $data
in APPPATH\Views\usuario\formulario.php on line 46.
 1 APPPATH\Views\usuario\formulario.php(46): CodeIgniter\Debug\Exceptions->errorHandler(2, 'Undefined variable $data', 'APPPATH\\Views\\usuario\\formulario.php', 46)
 2 SYSTEMPATH\View\View.php(213): include('APPPATH\\Views\\usuario\\formulario.php')
 3 SYSTEMPATH\View\View.php(216): CodeIgniter\View\View->CodeIgniter\View\{closure}()
 4 SYSTEMPATH\Common.php(1184): CodeIgniter\View\View->render('usuario/formulario', [], true)
 5 APPPATH\Controllers\UsuarioController.php(24): view('usuario/formulario', [...])
 6 SYSTEMPATH\CodeIgniter.php(934): App\Controllers\UsuarioController->formulario()
 7 SYSTEMPATH\CodeIgniter.php(499): CodeIgniter\CodeIgniter->runController(Object(App\Controllers\UsuarioController))
 8 SYSTEMPATH\CodeIgniter.php(368): CodeIgniter\CodeIgniter->handleRequest(null, Object(Config\Cache), false)
 9 FCPATH\index.php(67): CodeIgniter\CodeIgniter->run()
CRITICAL - 2023-03-28 23:38:56 --> Undefined variable $data
in APPPATH\Views\usuario\formulario.php on line 46.
 1 APPPATH\Views\usuario\formulario.php(46): CodeIgniter\Debug\Exceptions->errorHandler(2, 'Undefined variable $data', 'APPPATH\\Views\\usuario\\formulario.php', 46)
 2 SYSTEMPATH\View\View.php(213): include('APPPATH\\Views\\usuario\\formulario.php')
 3 SYSTEMPATH\View\View.php(216): CodeIgniter\View\View->CodeIgniter\View\{closure}()
 4 SYSTEMPATH\Common.php(1184): CodeIgniter\View\View->render('usuario/formulario', [], true)
 5 APPPATH\Controllers\UsuarioController.php(24): view('usuario/formulario', [...])
 6 SYSTEMPATH\CodeIgniter.php(934): App\Controllers\UsuarioController->formulario()
 7 SYSTEMPATH\CodeIgniter.php(499): CodeIgniter\CodeIgniter->runController(Object(App\Controllers\UsuarioController))
 8 SYSTEMPATH\CodeIgniter.php(368): CodeIgniter\CodeIgniter->handleRequest(null, Object(Config\Cache), false)
 9 FCPATH\index.php(67): CodeIgniter\CodeIgniter->run()
CRITICAL - 2023-03-28 23:38:56 --> Undefined variable $data
in APPPATH\Views\usuario\formulario.php on line 46.
 1 APPPATH\Views\usuario\formulario.php(46): CodeIgniter\Debug\Exceptions->errorHandler(2, 'Undefined variable $data', 'APPPATH\\Views\\usuario\\formulario.php', 46)
 2 SYSTEMPATH\View\View.php(213): include('APPPATH\\Views\\usuario\\formulario.php')
 3 SYSTEMPATH\View\View.php(216): CodeIgniter\View\View->CodeIgniter\View\{closure}()
 4 SYSTEMPATH\Common.php(1184): CodeIgniter\View\View->render('usuario/formulario', [], true)
 5 APPPATH\Controllers\UsuarioController.php(24): view('usuario/formulario', [...])
 6 SYSTEMPATH\CodeIgniter.php(934): App\Controllers\UsuarioController->formulario()
 7 SYSTEMPATH\CodeIgniter.php(499): CodeIgniter\CodeIgniter->runController(Object(App\Controllers\UsuarioController))
 8 SYSTEMPATH\CodeIgniter.php(368): CodeIgniter\CodeIgniter->handleRequest(null, Object(Config\Cache), false)
 9 FCPATH\index.php(67): CodeIgniter\CodeIgniter->run()
CRITICAL - 2023-03-28 23:38:56 --> Undefined variable $data
in APPPATH\Views\usuario\formulario.php on line 46.
 1 APPPATH\Views\usuario\formulario.php(46): CodeIgniter\Debug\Exceptions->errorHandler(2, 'Undefined variable $data', 'APPPATH\\Views\\usuario\\formulario.php', 46)
 2 SYSTEMPATH\View\View.php(213): include('APPPATH\\Views\\usuario\\formulario.php')
 3 SYSTEMPATH\View\View.php(216): CodeIgniter\View\View->CodeIgniter\View\{closure}()
 4 SYSTEMPATH\Common.php(1184): CodeIgniter\View\View->render('usuario/formulario', [], true)
 5 APPPATH\Controllers\UsuarioController.php(24): view('usuario/formulario', [...])
 6 SYSTEMPATH\CodeIgniter.php(934): App\Controllers\UsuarioController->formulario()
 7 SYSTEMPATH\CodeIgniter.php(499): CodeIgniter\CodeIgniter->runController(Object(App\Controllers\UsuarioController))
 8 SYSTEMPATH\CodeIgniter.php(368): CodeIgniter\CodeIgniter->handleRequest(null, Object(Config\Cache), false)
 9 FCPATH\index.php(67): CodeIgniter\CodeIgniter->run()
CRITICAL - 2023-03-28 23:38:56 --> Undefined variable $data
in APPPATH\Views\usuario\formulario.php on line 46.
 1 APPPATH\Views\usuario\formulario.php(46): CodeIgniter\Debug\Exceptions->errorHandler(2, 'Undefined variable $data', 'APPPATH\\Views\\usuario\\formulario.php', 46)
 2 SYSTEMPATH\View\View.php(213): include('APPPATH\\Views\\usuario\\formulario.php')
 3 SYSTEMPATH\View\View.php(216): CodeIgniter\View\View->CodeIgniter\View\{closure}()
 4 SYSTEMPATH\Common.php(1184): CodeIgniter\View\View->render('usuario/formulario', [], true)
 5 APPPATH\Controllers\UsuarioController.php(24): view('usuario/formulario', [...])
 6 SYSTEMPATH\CodeIgniter.php(934): App\Controllers\UsuarioController->formulario()
 7 SYSTEMPATH\CodeIgniter.php(499): CodeIgniter\CodeIgniter->runController(Object(App\Controllers\UsuarioController))
 8 SYSTEMPATH\CodeIgniter.php(368): CodeIgniter\CodeIgniter->handleRequest(null, Object(Config\Cache), false)
 9 FCPATH\index.php(67): CodeIgniter\CodeIgniter->run()
CRITICAL - 2023-03-28 23:38:57 --> Undefined variable $data
in APPPATH\Views\usuario\formulario.php on line 46.
 1 APPPATH\Views\usuario\formulario.php(46): CodeIgniter\Debug\Exceptions->errorHandler(2, 'Undefined variable $data', 'APPPATH\\Views\\usuario\\formulario.php', 46)
 2 SYSTEMPATH\View\View.php(213): include('APPPATH\\Views\\usuario\\formulario.php')
 3 SYSTEMPATH\View\View.php(216): CodeIgniter\View\View->CodeIgniter\View\{closure}()
 4 SYSTEMPATH\Common.php(1184): CodeIgniter\View\View->render('usuario/formulario', [], true)
 5 APPPATH\Controllers\UsuarioController.php(24): view('usuario/formulario', [...])
 6 SYSTEMPATH\CodeIgniter.php(934): App\Controllers\UsuarioController->formulario()
 7 SYSTEMPATH\CodeIgniter.php(499): CodeIgniter\CodeIgniter->runController(Object(App\Controllers\UsuarioController))
 8 SYSTEMPATH\CodeIgniter.php(368): CodeIgniter\CodeIgniter->handleRequest(null, Object(Config\Cache), false)
 9 FCPATH\index.php(67): CodeIgniter\CodeIgniter->run()
CRITICAL - 2023-03-28 23:38:57 --> Undefined variable $data
in APPPATH\Views\usuario\formulario.php on line 46.
 1 APPPATH\Views\usuario\formulario.php(46): CodeIgniter\Debug\Exceptions->errorHandler(2, 'Undefined variable $data', 'APPPATH\\Views\\usuario\\formulario.php', 46)
 2 SYSTEMPATH\View\View.php(213): include('APPPATH\\Views\\usuario\\formulario.php')
 3 SYSTEMPATH\View\View.php(216): CodeIgniter\View\View->CodeIgniter\View\{closure}()
 4 SYSTEMPATH\Common.php(1184): CodeIgniter\View\View->render('usuario/formulario', [], true)
 5 APPPATH\Controllers\UsuarioController.php(24): view('usuario/formulario', [...])
 6 SYSTEMPATH\CodeIgniter.php(934): App\Controllers\UsuarioController->formulario()
 7 SYSTEMPATH\CodeIgniter.php(499): CodeIgniter\CodeIgniter->runController(Object(App\Controllers\UsuarioController))
 8 SYSTEMPATH\CodeIgniter.php(368): CodeIgniter\CodeIgniter->handleRequest(null, Object(Config\Cache), false)
 9 FCPATH\index.php(67): CodeIgniter\CodeIgniter->run()
CRITICAL - 2023-03-28 23:38:57 --> Undefined variable $data
in APPPATH\Views\usuario\formulario.php on line 46.
 1 APPPATH\Views\usuario\formulario.php(46): CodeIgniter\Debug\Exceptions->errorHandler(2, 'Undefined variable $data', 'APPPATH\\Views\\usuario\\formulario.php', 46)
 2 SYSTEMPATH\View\View.php(213): include('APPPATH\\Views\\usuario\\formulario.php')
 3 SYSTEMPATH\View\View.php(216): CodeIgniter\View\View->CodeIgniter\View\{closure}()
 4 SYSTEMPATH\Common.php(1184): CodeIgniter\View\View->render('usuario/formulario', [], true)
 5 APPPATH\Controllers\UsuarioController.php(24): view('usuario/formulario', [...])
 6 SYSTEMPATH\CodeIgniter.php(934): App\Controllers\UsuarioController->formulario()
 7 SYSTEMPATH\CodeIgniter.php(499): CodeIgniter\CodeIgniter->runController(Object(App\Controllers\UsuarioController))
 8 SYSTEMPATH\CodeIgniter.php(368): CodeIgniter\CodeIgniter->handleRequest(null, Object(Config\Cache), false)
 9 FCPATH\index.php(67): CodeIgniter\CodeIgniter->run()
CRITICAL - 2023-03-28 23:38:57 --> Undefined variable $data
in APPPATH\Views\usuario\formulario.php on line 46.
 1 APPPATH\Views\usuario\formulario.php(46): CodeIgniter\Debug\Exceptions->errorHandler(2, 'Undefined variable $data', 'APPPATH\\Views\\usuario\\formulario.php', 46)
 2 SYSTEMPATH\View\View.php(213): include('APPPATH\\Views\\usuario\\formulario.php')
 3 SYSTEMPATH\View\View.php(216): CodeIgniter\View\View->CodeIgniter\View\{closure}()
 4 SYSTEMPATH\Common.php(1184): CodeIgniter\View\View->render('usuario/formulario', [], true)
 5 APPPATH\Controllers\UsuarioController.php(24): view('usuario/formulario', [...])
 6 SYSTEMPATH\CodeIgniter.php(934): App\Controllers\UsuarioController->formulario()
 7 SYSTEMPATH\CodeIgniter.php(499): CodeIgniter\CodeIgniter->runController(Object(App\Controllers\UsuarioController))
 8 SYSTEMPATH\CodeIgniter.php(368): CodeIgniter\CodeIgniter->handleRequest(null, Object(Config\Cache), false)
 9 FCPATH\index.php(67): CodeIgniter\CodeIgniter->run()
