INFO - 2023-05-02 19:05:10 --> Session: Class initialized using 'CodeIgniter\Session\Handlers\FileHandler' driver.
INFO - 2023-05-02 19:06:19 --> Session: Class initialized using 'CodeIgniter\Session\Handlers\FileHandler' driver.
INFO - 2023-05-02 19:06:37 --> Session: Class initialized using 'CodeIgniter\Session\Handlers\FileHandler' driver.
INFO - 2023-05-02 19:06:46 --> Session: Class initialized using 'CodeIgniter\Session\Handlers\FileHandler' driver.
INFO - 2023-05-02 19:07:02 --> Session: Class initialized using 'CodeIgniter\Session\Handlers\FileHandler' driver.
INFO - 2023-05-02 19:07:06 --> Session: Class initialized using 'CodeIgniter\Session\Handlers\FileHandler' driver.
INFO - 2023-05-02 19:07:13 --> Session: Class initialized using 'CodeIgniter\Session\Handlers\FileHandler' driver.
ERROR - 2023-05-02 19:07:13 --> Error connecting to the database: mysqli_sql_exception: Unknown database 'login' in C:\xampp\htdocs\Lucy\system\Database\MySQLi\Connection.php:174
Stack trace:
#0 C:\xampp\htdocs\Lucy\system\Database\MySQLi\Connection.php(174): mysqli->real_connect('localhost', 'root', '', 'login', 3306, '', 0)
#1 C:\xampp\htdocs\Lucy\system\Database\BaseConnection.php(391): CodeIgniter\Database\MySQLi\Connection->connect(false)
#2 C:\xampp\htdocs\Lucy\system\Database\BaseConnection.php(573): CodeIgniter\Database\BaseConnection->initialize()
#3 C:\xampp\htdocs\Lucy\app\Models\ModeloPerso.php(12): CodeIgniter\Database\BaseConnection->query('SELECT * FROM P...')
#4 C:\xampp\htdocs\Lucy\app\Controllers\UsuarioController.php(47): App\Models\ModeloPerso->obtener()
#5 C:\xampp\htdocs\Lucy\system\CodeIgniter.php(934): App\Controllers\UsuarioController->formulario()
#6 C:\xampp\htdocs\Lucy\system\CodeIgniter.php(499): CodeIgniter\CodeIgniter->runController(Object(App\Controllers\UsuarioController))
#7 C:\xampp\htdocs\Lucy\system\CodeIgniter.php(368): CodeIgniter\CodeIgniter->handleRequest(NULL, Object(Config\Cache), false)
#8 C:\xampp\htdocs\Lucy\public\index.php(67): CodeIgniter\CodeIgniter->run()
#9 {main}

Next CodeIgniter\Database\Exceptions\DatabaseException: Unknown database 'login' in C:\xampp\htdocs\Lucy\system\Database\MySQLi\Connection.php:218
Stack trace:
#0 C:\xampp\htdocs\Lucy\system\Database\BaseConnection.php(391): CodeIgniter\Database\MySQLi\Connection->connect(false)
#1 C:\xampp\htdocs\Lucy\system\Database\BaseConnection.php(573): CodeIgniter\Database\BaseConnection->initialize()
#2 C:\xampp\htdocs\Lucy\app\Models\ModeloPerso.php(12): CodeIgniter\Database\BaseConnection->query('SELECT * FROM P...')
#3 C:\xampp\htdocs\Lucy\app\Controllers\UsuarioController.php(47): App\Models\ModeloPerso->obtener()
#4 C:\xampp\htdocs\Lucy\system\CodeIgniter.php(934): App\Controllers\UsuarioController->formulario()
#5 C:\xampp\htdocs\Lucy\system\CodeIgniter.php(499): CodeIgniter\CodeIgniter->runController(Object(App\Controllers\UsuarioController))
#6 C:\xampp\htdocs\Lucy\system\CodeIgniter.php(368): CodeIgniter\CodeIgniter->handleRequest(NULL, Object(Config\Cache), false)
#7 C:\xampp\htdocs\Lucy\public\index.php(67): CodeIgniter\CodeIgniter->run()
#8 {main}
CRITICAL - 2023-05-02 19:07:13 --> Unable to connect to the database.
Main connection [MySQLi]: Unknown database 'login'
in SYSTEMPATH\Database\BaseConnection.php on line 427.
 1 SYSTEMPATH\Database\BaseConnection.php(573): CodeIgniter\Database\BaseConnection->initialize()
 2 APPPATH\Models\ModeloPerso.php(12): CodeIgniter\Database\BaseConnection->query('SELECT * FROM Persona')
 3 APPPATH\Controllers\UsuarioController.php(47): App\Models\ModeloPerso->obtener()
 4 SYSTEMPATH\CodeIgniter.php(934): App\Controllers\UsuarioController->formulario()
 5 SYSTEMPATH\CodeIgniter.php(499): CodeIgniter\CodeIgniter->runController(Object(App\Controllers\UsuarioController))
 6 SYSTEMPATH\CodeIgniter.php(368): CodeIgniter\CodeIgniter->handleRequest(null, Object(Config\Cache), false)
 7 FCPATH\index.php(67): CodeIgniter\CodeIgniter->run()
INFO - 2023-05-02 19:07:16 --> Session: Class initialized using 'CodeIgniter\Session\Handlers\FileHandler' driver.
INFO - 2023-05-02 19:07:17 --> Session: Class initialized using 'CodeIgniter\Session\Handlers\FileHandler' driver.
INFO - 2023-05-02 19:07:19 --> Session: Class initialized using 'CodeIgniter\Session\Handlers\FileHandler' driver.
INFO - 2023-05-02 19:09:09 --> Session: Class initialized using 'CodeIgniter\Session\Handlers\FileHandler' driver.
INFO - 2023-05-02 19:09:13 --> Session: Class initialized using 'CodeIgniter\Session\Handlers\FileHandler' driver.
INFO - 2023-05-02 19:09:13 --> Session: Class initialized using 'CodeIgniter\Session\Handlers\FileHandler' driver.
INFO - 2023-05-02 19:09:21 --> Session: Class initialized using 'CodeIgniter\Session\Handlers\FileHandler' driver.
INFO - 2023-05-02 19:09:33 --> Session: Class initialized using 'CodeIgniter\Session\Handlers\FileHandler' driver.
INFO - 2023-05-02 19:10:05 --> Session: Class initialized using 'CodeIgniter\Session\Handlers\FileHandler' driver.
INFO - 2023-05-02 19:10:07 --> Session: Class initialized using 'CodeIgniter\Session\Handlers\FileHandler' driver.
INFO - 2023-05-02 19:10:44 --> Session: Class initialized using 'CodeIgniter\Session\Handlers\FileHandler' driver.
INFO - 2023-05-02 19:11:08 --> Session: Class initialized using 'CodeIgniter\Session\Handlers\FileHandler' driver.
INFO - 2023-05-02 19:11:14 --> Session: Class initialized using 'CodeIgniter\Session\Handlers\FileHandler' driver.
INFO - 2023-05-02 19:11:19 --> Session: Class initialized using 'CodeIgniter\Session\Handlers\FileHandler' driver.
INFO - 2023-05-02 19:11:21 --> Session: Class initialized using 'CodeIgniter\Session\Handlers\FileHandler' driver.
INFO - 2023-05-02 19:11:42 --> Session: Class initialized using 'CodeIgniter\Session\Handlers\FileHandler' driver.
INFO - 2023-05-02 19:12:01 --> Session: Class initialized using 'CodeIgniter\Session\Handlers\FileHandler' driver.
INFO - 2023-05-02 19:12:43 --> Session: Class initialized using 'CodeIgniter\Session\Handlers\FileHandler' driver.
INFO - 2023-05-02 19:13:06 --> Session: Class initialized using 'CodeIgniter\Session\Handlers\FileHandler' driver.
INFO - 2023-05-02 19:15:09 --> Session: Class initialized using 'CodeIgniter\Session\Handlers\FileHandler' driver.
INFO - 2023-05-02 19:15:38 --> Session: Class initialized using 'CodeIgniter\Session\Handlers\FileHandler' driver.
INFO - 2023-05-02 19:16:14 --> Session: Class initialized using 'CodeIgniter\Session\Handlers\FileHandler' driver.
INFO - 2023-05-02 19:16:23 --> Session: Class initialized using 'CodeIgniter\Session\Handlers\FileHandler' driver.
INFO - 2023-05-02 19:16:31 --> Session: Class initialized using 'CodeIgniter\Session\Handlers\FileHandler' driver.
INFO - 2023-05-02 19:17:11 --> Session: Class initialized using 'CodeIgniter\Session\Handlers\FileHandler' driver.
INFO - 2023-05-02 19:17:17 --> Session: Class initialized using 'CodeIgniter\Session\Handlers\FileHandler' driver.
INFO - 2023-05-02 19:17:17 --> Session: Class initialized using 'CodeIgniter\Session\Handlers\FileHandler' driver.
INFO - 2023-05-02 19:18:48 --> Session: Class initialized using 'CodeIgniter\Session\Handlers\FileHandler' driver.
INFO - 2023-05-02 19:20:02 --> Session: Class initialized using 'CodeIgniter\Session\Handlers\FileHandler' driver.
INFO - 2023-05-02 19:20:21 --> Session: Class initialized using 'CodeIgniter\Session\Handlers\FileHandler' driver.
INFO - 2023-05-02 19:20:33 --> Session: Class initialized using 'CodeIgniter\Session\Handlers\FileHandler' driver.
INFO - 2023-05-02 19:20:53 --> Session: Class initialized using 'CodeIgniter\Session\Handlers\FileHandler' driver.
INFO - 2023-05-02 19:21:05 --> Session: Class initialized using 'CodeIgniter\Session\Handlers\FileHandler' driver.
INFO - 2023-05-02 19:21:07 --> Session: Class initialized using 'CodeIgniter\Session\Handlers\FileHandler' driver.
INFO - 2023-05-02 19:21:08 --> Session: Class initialized using 'CodeIgniter\Session\Handlers\FileHandler' driver.
INFO - 2023-05-02 19:21:08 --> Session: Class initialized using 'CodeIgniter\Session\Handlers\FileHandler' driver.
INFO - 2023-05-02 19:21:08 --> Session: Class initialized using 'CodeIgniter\Session\Handlers\FileHandler' driver.
INFO - 2023-05-02 19:21:09 --> Session: Class initialized using 'CodeIgniter\Session\Handlers\FileHandler' driver.
INFO - 2023-05-02 19:21:09 --> Session: Class initialized using 'CodeIgniter\Session\Handlers\FileHandler' driver.
INFO - 2023-05-02 19:21:09 --> Session: Class initialized using 'CodeIgniter\Session\Handlers\FileHandler' driver.
INFO - 2023-05-02 19:21:30 --> Session: Class initialized using 'CodeIgniter\Session\Handlers\FileHandler' driver.
INFO - 2023-05-02 19:21:47 --> Session: Class initialized using 'CodeIgniter\Session\Handlers\FileHandler' driver.
INFO - 2023-05-02 19:21:59 --> Session: Class initialized using 'CodeIgniter\Session\Handlers\FileHandler' driver.
INFO - 2023-05-02 19:22:00 --> Session: Class initialized using 'CodeIgniter\Session\Handlers\FileHandler' driver.
INFO - 2023-05-02 19:22:00 --> Session: Class initialized using 'CodeIgniter\Session\Handlers\FileHandler' driver.
INFO - 2023-05-02 19:22:00 --> Session: Class initialized using 'CodeIgniter\Session\Handlers\FileHandler' driver.
INFO - 2023-05-02 19:22:00 --> Session: Class initialized using 'CodeIgniter\Session\Handlers\FileHandler' driver.
INFO - 2023-05-02 19:22:00 --> Session: Class initialized using 'CodeIgniter\Session\Handlers\FileHandler' driver.
INFO - 2023-05-02 19:22:00 --> Session: Class initialized using 'CodeIgniter\Session\Handlers\FileHandler' driver.
INFO - 2023-05-02 19:22:01 --> Session: Class initialized using 'CodeIgniter\Session\Handlers\FileHandler' driver.
INFO - 2023-05-02 19:22:02 --> Session: Class initialized using 'CodeIgniter\Session\Handlers\FileHandler' driver.
INFO - 2023-05-02 19:22:14 --> Session: Class initialized using 'CodeIgniter\Session\Handlers\FileHandler' driver.
INFO - 2023-05-02 19:22:34 --> Session: Class initialized using 'CodeIgniter\Session\Handlers\FileHandler' driver.
INFO - 2023-05-02 19:23:07 --> Session: Class initialized using 'CodeIgniter\Session\Handlers\FileHandler' driver.
INFO - 2023-05-02 19:23:55 --> Session: Class initialized using 'CodeIgniter\Session\Handlers\FileHandler' driver.
INFO - 2023-05-02 19:23:59 --> Session: Class initialized using 'CodeIgniter\Session\Handlers\FileHandler' driver.
INFO - 2023-05-02 19:24:07 --> Session: Class initialized using 'CodeIgniter\Session\Handlers\FileHandler' driver.
INFO - 2023-05-02 19:24:25 --> Session: Class initialized using 'CodeIgniter\Session\Handlers\FileHandler' driver.
INFO - 2023-05-02 19:24:51 --> Session: Class initialized using 'CodeIgniter\Session\Handlers\FileHandler' driver.
INFO - 2023-05-02 19:25:48 --> Session: Class initialized using 'CodeIgniter\Session\Handlers\FileHandler' driver.
INFO - 2023-05-02 19:25:49 --> Session: Class initialized using 'CodeIgniter\Session\Handlers\FileHandler' driver.
INFO - 2023-05-02 19:25:49 --> Session: Class initialized using 'CodeIgniter\Session\Handlers\FileHandler' driver.
INFO - 2023-05-02 19:25:49 --> Session: Class initialized using 'CodeIgniter\Session\Handlers\FileHandler' driver.
INFO - 2023-05-02 19:25:49 --> Session: Class initialized using 'CodeIgniter\Session\Handlers\FileHandler' driver.
INFO - 2023-05-02 19:25:49 --> Session: Class initialized using 'CodeIgniter\Session\Handlers\FileHandler' driver.
INFO - 2023-05-02 19:26:06 --> Session: Class initialized using 'CodeIgniter\Session\Handlers\FileHandler' driver.
INFO - 2023-05-02 19:26:18 --> Session: Class initialized using 'CodeIgniter\Session\Handlers\FileHandler' driver.
INFO - 2023-05-02 19:26:20 --> Session: Class initialized using 'CodeIgniter\Session\Handlers\FileHandler' driver.
INFO - 2023-05-02 19:26:21 --> Session: Class initialized using 'CodeIgniter\Session\Handlers\FileHandler' driver.
INFO - 2023-05-02 19:26:34 --> Session: Class initialized using 'CodeIgniter\Session\Handlers\FileHandler' driver.
INFO - 2023-05-02 19:27:17 --> Session: Class initialized using 'CodeIgniter\Session\Handlers\FileHandler' driver.
INFO - 2023-05-02 19:27:29 --> Session: Class initialized using 'CodeIgniter\Session\Handlers\FileHandler' driver.
INFO - 2023-05-02 19:27:50 --> Session: Class initialized using 'CodeIgniter\Session\Handlers\FileHandler' driver.
INFO - 2023-05-02 19:27:50 --> Session: Class initialized using 'CodeIgniter\Session\Handlers\FileHandler' driver.
INFO - 2023-05-02 19:27:51 --> Session: Class initialized using 'CodeIgniter\Session\Handlers\FileHandler' driver.
INFO - 2023-05-02 19:27:51 --> Session: Class initialized using 'CodeIgniter\Session\Handlers\FileHandler' driver.
INFO - 2023-05-02 19:27:57 --> Session: Class initialized using 'CodeIgniter\Session\Handlers\FileHandler' driver.
INFO - 2023-05-02 19:27:59 --> Session: Class initialized using 'CodeIgniter\Session\Handlers\FileHandler' driver.
INFO - 2023-05-02 19:28:04 --> Session: Class initialized using 'CodeIgniter\Session\Handlers\FileHandler' driver.
INFO - 2023-05-02 19:28:10 --> Session: Class initialized using 'CodeIgniter\Session\Handlers\FileHandler' driver.
INFO - 2023-05-02 19:28:16 --> Session: Class initialized using 'CodeIgniter\Session\Handlers\FileHandler' driver.
INFO - 2023-05-02 19:28:46 --> Session: Class initialized using 'CodeIgniter\Session\Handlers\FileHandler' driver.
INFO - 2023-05-02 19:28:50 --> Session: Class initialized using 'CodeIgniter\Session\Handlers\FileHandler' driver.
INFO - 2023-05-02 19:28:50 --> Session: Class initialized using 'CodeIgniter\Session\Handlers\FileHandler' driver.
INFO - 2023-05-02 19:28:51 --> Session: Class initialized using 'CodeIgniter\Session\Handlers\FileHandler' driver.
INFO - 2023-05-02 19:28:51 --> Session: Class initialized using 'CodeIgniter\Session\Handlers\FileHandler' driver.
INFO - 2023-05-02 19:28:51 --> Session: Class initialized using 'CodeIgniter\Session\Handlers\FileHandler' driver.
INFO - 2023-05-02 19:28:51 --> Session: Class initialized using 'CodeIgniter\Session\Handlers\FileHandler' driver.
INFO - 2023-05-02 19:28:51 --> Session: Class initialized using 'CodeIgniter\Session\Handlers\FileHandler' driver.
INFO - 2023-05-02 19:28:55 --> Session: Class initialized using 'CodeIgniter\Session\Handlers\FileHandler' driver.
INFO - 2023-05-02 19:28:55 --> Session: Class initialized using 'CodeIgniter\Session\Handlers\FileHandler' driver.
INFO - 2023-05-02 19:28:55 --> Session: Class initialized using 'CodeIgniter\Session\Handlers\FileHandler' driver.
INFO - 2023-05-02 19:28:55 --> Session: Class initialized using 'CodeIgniter\Session\Handlers\FileHandler' driver.
INFO - 2023-05-02 19:28:55 --> Session: Class initialized using 'CodeIgniter\Session\Handlers\FileHandler' driver.
INFO - 2023-05-02 19:29:07 --> Session: Class initialized using 'CodeIgniter\Session\Handlers\FileHandler' driver.
INFO - 2023-05-02 19:29:09 --> Session: Class initialized using 'CodeIgniter\Session\Handlers\FileHandler' driver.
INFO - 2023-05-02 19:29:09 --> Session: Class initialized using 'CodeIgniter\Session\Handlers\FileHandler' driver.
INFO - 2023-05-02 19:29:09 --> Session: Class initialized using 'CodeIgniter\Session\Handlers\FileHandler' driver.
INFO - 2023-05-02 19:29:09 --> Session: Class initialized using 'CodeIgniter\Session\Handlers\FileHandler' driver.
INFO - 2023-05-02 19:29:10 --> Session: Class initialized using 'CodeIgniter\Session\Handlers\FileHandler' driver.
INFO - 2023-05-02 19:29:10 --> Session: Class initialized using 'CodeIgniter\Session\Handlers\FileHandler' driver.
INFO - 2023-05-02 19:29:14 --> Session: Class initialized using 'CodeIgniter\Session\Handlers\FileHandler' driver.
INFO - 2023-05-02 19:30:37 --> Session: Class initialized using 'CodeIgniter\Session\Handlers\FileHandler' driver.
INFO - 2023-05-02 19:30:38 --> Session: Class initialized using 'CodeIgniter\Session\Handlers\FileHandler' driver.
INFO - 2023-05-02 19:30:48 --> Session: Class initialized using 'CodeIgniter\Session\Handlers\FileHandler' driver.
INFO - 2023-05-02 19:31:27 --> Session: Class initialized using 'CodeIgniter\Session\Handlers\FileHandler' driver.
INFO - 2023-05-02 19:31:46 --> Session: Class initialized using 'CodeIgniter\Session\Handlers\FileHandler' driver.
INFO - 2023-05-02 19:32:08 --> Session: Class initialized using 'CodeIgniter\Session\Handlers\FileHandler' driver.
INFO - 2023-05-02 19:32:18 --> Session: Class initialized using 'CodeIgniter\Session\Handlers\FileHandler' driver.
INFO - 2023-05-02 19:32:42 --> Session: Class initialized using 'CodeIgniter\Session\Handlers\FileHandler' driver.
INFO - 2023-05-02 19:32:44 --> Session: Class initialized using 'CodeIgniter\Session\Handlers\FileHandler' driver.
INFO - 2023-05-02 19:32:47 --> Session: Class initialized using 'CodeIgniter\Session\Handlers\FileHandler' driver.
INFO - 2023-05-02 19:33:02 --> Session: Class initialized using 'CodeIgniter\Session\Handlers\FileHandler' driver.
INFO - 2023-05-02 19:33:17 --> Session: Class initialized using 'CodeIgniter\Session\Handlers\FileHandler' driver.
INFO - 2023-05-02 19:33:23 --> Session: Class initialized using 'CodeIgniter\Session\Handlers\FileHandler' driver.
INFO - 2023-05-02 19:33:49 --> Session: Class initialized using 'CodeIgniter\Session\Handlers\FileHandler' driver.
INFO - 2023-05-02 19:34:00 --> Session: Class initialized using 'CodeIgniter\Session\Handlers\FileHandler' driver.
INFO - 2023-05-02 19:34:34 --> Session: Class initialized using 'CodeIgniter\Session\Handlers\FileHandler' driver.
INFO - 2023-05-02 19:34:40 --> Session: Class initialized using 'CodeIgniter\Session\Handlers\FileHandler' driver.
INFO - 2023-05-02 19:34:40 --> Session: Class initialized using 'CodeIgniter\Session\Handlers\FileHandler' driver.
INFO - 2023-05-02 19:34:40 --> Session: Class initialized using 'CodeIgniter\Session\Handlers\FileHandler' driver.
INFO - 2023-05-02 19:34:44 --> Session: Class initialized using 'CodeIgniter\Session\Handlers\FileHandler' driver.
INFO - 2023-05-02 19:34:46 --> Session: Class initialized using 'CodeIgniter\Session\Handlers\FileHandler' driver.
INFO - 2023-05-02 19:35:38 --> Session: Class initialized using 'CodeIgniter\Session\Handlers\FileHandler' driver.
INFO - 2023-05-02 19:35:45 --> Session: Class initialized using 'CodeIgniter\Session\Handlers\FileHandler' driver.
INFO - 2023-05-02 19:36:24 --> Session: Class initialized using 'CodeIgniter\Session\Handlers\FileHandler' driver.
INFO - 2023-05-02 19:36:42 --> Session: Class initialized using 'CodeIgniter\Session\Handlers\FileHandler' driver.
INFO - 2023-05-02 19:36:53 --> Session: Class initialized using 'CodeIgniter\Session\Handlers\FileHandler' driver.
INFO - 2023-05-02 19:37:10 --> Session: Class initialized using 'CodeIgniter\Session\Handlers\FileHandler' driver.
INFO - 2023-05-02 19:37:15 --> Session: Class initialized using 'CodeIgniter\Session\Handlers\FileHandler' driver.
INFO - 2023-05-02 19:37:26 --> Session: Class initialized using 'CodeIgniter\Session\Handlers\FileHandler' driver.
INFO - 2023-05-02 19:37:42 --> Session: Class initialized using 'CodeIgniter\Session\Handlers\FileHandler' driver.
INFO - 2023-05-02 19:39:11 --> Session: Class initialized using 'CodeIgniter\Session\Handlers\FileHandler' driver.
INFO - 2023-05-02 19:39:37 --> Session: Class initialized using 'CodeIgniter\Session\Handlers\FileHandler' driver.
INFO - 2023-05-02 19:39:45 --> Session: Class initialized using 'CodeIgniter\Session\Handlers\FileHandler' driver.
INFO - 2023-05-02 19:39:53 --> Session: Class initialized using 'CodeIgniter\Session\Handlers\FileHandler' driver.
INFO - 2023-05-02 19:40:51 --> Session: Class initialized using 'CodeIgniter\Session\Handlers\FileHandler' driver.
INFO - 2023-05-02 19:41:00 --> Session: Class initialized using 'CodeIgniter\Session\Handlers\FileHandler' driver.
INFO - 2023-05-02 19:41:04 --> Session: Class initialized using 'CodeIgniter\Session\Handlers\FileHandler' driver.
INFO - 2023-05-02 19:41:13 --> Session: Class initialized using 'CodeIgniter\Session\Handlers\FileHandler' driver.
INFO - 2023-05-02 19:41:22 --> Session: Class initialized using 'CodeIgniter\Session\Handlers\FileHandler' driver.
INFO - 2023-05-02 19:41:33 --> Session: Class initialized using 'CodeIgniter\Session\Handlers\FileHandler' driver.
INFO - 2023-05-02 19:42:16 --> Session: Class initialized using 'CodeIgniter\Session\Handlers\FileHandler' driver.
INFO - 2023-05-02 19:42:26 --> Session: Class initialized using 'CodeIgniter\Session\Handlers\FileHandler' driver.
INFO - 2023-05-02 19:42:28 --> Session: Class initialized using 'CodeIgniter\Session\Handlers\FileHandler' driver.
INFO - 2023-05-02 19:42:31 --> Session: Class initialized using 'CodeIgniter\Session\Handlers\FileHandler' driver.
INFO - 2023-05-02 19:42:33 --> Session: Class initialized using 'CodeIgniter\Session\Handlers\FileHandler' driver.
INFO - 2023-05-02 19:45:09 --> Session: Class initialized using 'CodeIgniter\Session\Handlers\FileHandler' driver.
INFO - 2023-05-02 19:49:48 --> Session: Class initialized using 'CodeIgniter\Session\Handlers\FileHandler' driver.
INFO - 2023-05-02 19:49:50 --> Session: Class initialized using 'CodeIgniter\Session\Handlers\FileHandler' driver.
INFO - 2023-05-02 19:50:23 --> Session: Class initialized using 'CodeIgniter\Session\Handlers\FileHandler' driver.
INFO - 2023-05-02 19:50:52 --> Session: Class initialized using 'CodeIgniter\Session\Handlers\FileHandler' driver.
INFO - 2023-05-02 19:51:07 --> Session: Class initialized using 'CodeIgniter\Session\Handlers\FileHandler' driver.
INFO - 2023-05-02 19:51:25 --> Session: Class initialized using 'CodeIgniter\Session\Handlers\FileHandler' driver.
INFO - 2023-05-02 19:51:34 --> Session: Class initialized using 'CodeIgniter\Session\Handlers\FileHandler' driver.
INFO - 2023-05-02 19:51:42 --> Session: Class initialized using 'CodeIgniter\Session\Handlers\FileHandler' driver.
INFO - 2023-05-02 19:51:47 --> Session: Class initialized using 'CodeIgniter\Session\Handlers\FileHandler' driver.
ERROR - 2023-05-02 19:51:47 --> Error connecting to the database: mysqli_sql_exception: Unknown database 'login' in C:\xampp\htdocs\Lucy\system\Database\MySQLi\Connection.php:174
Stack trace:
#0 C:\xampp\htdocs\Lucy\system\Database\MySQLi\Connection.php(174): mysqli->real_connect('localhost', 'root', '', 'login', 3306, '', 0)
#1 C:\xampp\htdocs\Lucy\system\Database\BaseConnection.php(391): CodeIgniter\Database\MySQLi\Connection->connect(false)
#2 C:\xampp\htdocs\Lucy\system\Database\BaseConnection.php(573): CodeIgniter\Database\BaseConnection->initialize()
#3 C:\xampp\htdocs\Lucy\app\Models\ModeloPerso.php(12): CodeIgniter\Database\BaseConnection->query('SELECT * FROM P...')
#4 C:\xampp\htdocs\Lucy\app\Controllers\UsuarioController.php(46): App\Models\ModeloPerso->obtener()
#5 C:\xampp\htdocs\Lucy\system\CodeIgniter.php(934): App\Controllers\UsuarioController->formulario()
#6 C:\xampp\htdocs\Lucy\system\CodeIgniter.php(499): CodeIgniter\CodeIgniter->runController(Object(App\Controllers\UsuarioController))
#7 C:\xampp\htdocs\Lucy\system\CodeIgniter.php(368): CodeIgniter\CodeIgniter->handleRequest(NULL, Object(Config\Cache), false)
#8 C:\xampp\htdocs\Lucy\public\index.php(67): CodeIgniter\CodeIgniter->run()
#9 {main}

Next CodeIgniter\Database\Exceptions\DatabaseException: Unknown database 'login' in C:\xampp\htdocs\Lucy\system\Database\MySQLi\Connection.php:218
Stack trace:
#0 C:\xampp\htdocs\Lucy\system\Database\BaseConnection.php(391): CodeIgniter\Database\MySQLi\Connection->connect(false)
#1 C:\xampp\htdocs\Lucy\system\Database\BaseConnection.php(573): CodeIgniter\Database\BaseConnection->initialize()
#2 C:\xampp\htdocs\Lucy\app\Models\ModeloPerso.php(12): CodeIgniter\Database\BaseConnection->query('SELECT * FROM P...')
#3 C:\xampp\htdocs\Lucy\app\Controllers\UsuarioController.php(46): App\Models\ModeloPerso->obtener()
#4 C:\xampp\htdocs\Lucy\system\CodeIgniter.php(934): App\Controllers\UsuarioController->formulario()
#5 C:\xampp\htdocs\Lucy\system\CodeIgniter.php(499): CodeIgniter\CodeIgniter->runController(Object(App\Controllers\UsuarioController))
#6 C:\xampp\htdocs\Lucy\system\CodeIgniter.php(368): CodeIgniter\CodeIgniter->handleRequest(NULL, Object(Config\Cache), false)
#7 C:\xampp\htdocs\Lucy\public\index.php(67): CodeIgniter\CodeIgniter->run()
#8 {main}
CRITICAL - 2023-05-02 19:51:47 --> Unable to connect to the database.
Main connection [MySQLi]: Unknown database 'login'
in SYSTEMPATH\Database\BaseConnection.php on line 427.
 1 SYSTEMPATH\Database\BaseConnection.php(573): CodeIgniter\Database\BaseConnection->initialize()
 2 APPPATH\Models\ModeloPerso.php(12): CodeIgniter\Database\BaseConnection->query('SELECT * FROM Persona')
 3 APPPATH\Controllers\UsuarioController.php(46): App\Models\ModeloPerso->obtener()
 4 SYSTEMPATH\CodeIgniter.php(934): App\Controllers\UsuarioController->formulario()
 5 SYSTEMPATH\CodeIgniter.php(499): CodeIgniter\CodeIgniter->runController(Object(App\Controllers\UsuarioController))
 6 SYSTEMPATH\CodeIgniter.php(368): CodeIgniter\CodeIgniter->handleRequest(null, Object(Config\Cache), false)
 7 FCPATH\index.php(67): CodeIgniter\CodeIgniter->run()
INFO - 2023-05-02 19:53:22 --> Session: Class initialized using 'CodeIgniter\Session\Handlers\FileHandler' driver.
ERROR - 2023-05-02 19:53:22 --> mysqli_sql_exception: Table 'login.persona' doesn't exist in C:\xampp\htdocs\Lucy\system\Database\MySQLi\Connection.php:295
Stack trace:
#0 C:\xampp\htdocs\Lucy\system\Database\MySQLi\Connection.php(295): mysqli->query('SELECT * FROM P...', 0)
#1 C:\xampp\htdocs\Lucy\system\Database\BaseConnection.php(691): CodeIgniter\Database\MySQLi\Connection->execute('SELECT * FROM P...')
#2 C:\xampp\htdocs\Lucy\system\Database\BaseConnection.php(605): CodeIgniter\Database\BaseConnection->simpleQuery('SELECT * FROM P...')
#3 C:\xampp\htdocs\Lucy\app\Models\ModeloPerso.php(12): CodeIgniter\Database\BaseConnection->query('SELECT * FROM P...')
#4 C:\xampp\htdocs\Lucy\app\Controllers\UsuarioController.php(46): App\Models\ModeloPerso->obtener()
#5 C:\xampp\htdocs\Lucy\system\CodeIgniter.php(934): App\Controllers\UsuarioController->formulario()
#6 C:\xampp\htdocs\Lucy\system\CodeIgniter.php(499): CodeIgniter\CodeIgniter->runController(Object(App\Controllers\UsuarioController))
#7 C:\xampp\htdocs\Lucy\system\CodeIgniter.php(368): CodeIgniter\CodeIgniter->handleRequest(NULL, Object(Config\Cache), false)
#8 C:\xampp\htdocs\Lucy\public\index.php(67): CodeIgniter\CodeIgniter->run()
#9 {main}
CRITICAL - 2023-05-02 19:53:22 --> Table 'login.persona' doesn't exist
in SYSTEMPATH\Database\BaseConnection.php on line 645.
 1 APPPATH\Models\ModeloPerso.php(12): CodeIgniter\Database\BaseConnection->query('SELECT * FROM Persona')
 2 APPPATH\Controllers\UsuarioController.php(46): App\Models\ModeloPerso->obtener()
 3 SYSTEMPATH\CodeIgniter.php(934): App\Controllers\UsuarioController->formulario()
 4 SYSTEMPATH\CodeIgniter.php(499): CodeIgniter\CodeIgniter->runController(Object(App\Controllers\UsuarioController))
 5 SYSTEMPATH\CodeIgniter.php(368): CodeIgniter\CodeIgniter->handleRequest(null, Object(Config\Cache), false)
 6 FCPATH\index.php(67): CodeIgniter\CodeIgniter->run()
INFO - 2023-05-02 19:53:25 --> Session: Class initialized using 'CodeIgniter\Session\Handlers\FileHandler' driver.
ERROR - 2023-05-02 19:53:25 --> mysqli_sql_exception: Table 'login.persona' doesn't exist in C:\xampp\htdocs\Lucy\system\Database\MySQLi\Connection.php:295
Stack trace:
#0 C:\xampp\htdocs\Lucy\system\Database\MySQLi\Connection.php(295): mysqli->query('SELECT * FROM P...', 0)
#1 C:\xampp\htdocs\Lucy\system\Database\BaseConnection.php(691): CodeIgniter\Database\MySQLi\Connection->execute('SELECT * FROM P...')
#2 C:\xampp\htdocs\Lucy\system\Database\BaseConnection.php(605): CodeIgniter\Database\BaseConnection->simpleQuery('SELECT * FROM P...')
#3 C:\xampp\htdocs\Lucy\app\Models\ModeloPerso.php(12): CodeIgniter\Database\BaseConnection->query('SELECT * FROM P...')
#4 C:\xampp\htdocs\Lucy\app\Controllers\UsuarioController.php(46): App\Models\ModeloPerso->obtener()
#5 C:\xampp\htdocs\Lucy\system\CodeIgniter.php(934): App\Controllers\UsuarioController->formulario()
#6 C:\xampp\htdocs\Lucy\system\CodeIgniter.php(499): CodeIgniter\CodeIgniter->runController(Object(App\Controllers\UsuarioController))
#7 C:\xampp\htdocs\Lucy\system\CodeIgniter.php(368): CodeIgniter\CodeIgniter->handleRequest(NULL, Object(Config\Cache), false)
#8 C:\xampp\htdocs\Lucy\public\index.php(67): CodeIgniter\CodeIgniter->run()
#9 {main}
CRITICAL - 2023-05-02 19:53:25 --> Table 'login.persona' doesn't exist
in SYSTEMPATH\Database\BaseConnection.php on line 645.
 1 APPPATH\Models\ModeloPerso.php(12): CodeIgniter\Database\BaseConnection->query('SELECT * FROM Persona')
 2 APPPATH\Controllers\UsuarioController.php(46): App\Models\ModeloPerso->obtener()
 3 SYSTEMPATH\CodeIgniter.php(934): App\Controllers\UsuarioController->formulario()
 4 SYSTEMPATH\CodeIgniter.php(499): CodeIgniter\CodeIgniter->runController(Object(App\Controllers\UsuarioController))
 5 SYSTEMPATH\CodeIgniter.php(368): CodeIgniter\CodeIgniter->handleRequest(null, Object(Config\Cache), false)
 6 FCPATH\index.php(67): CodeIgniter\CodeIgniter->run()
INFO - 2023-05-02 19:53:47 --> Session: Class initialized using 'CodeIgniter\Session\Handlers\FileHandler' driver.
ERROR - 2023-05-02 19:53:47 --> mysqli_sql_exception: Table 'login.persona' doesn't exist in C:\xampp\htdocs\Lucy\system\Database\MySQLi\Connection.php:295
Stack trace:
#0 C:\xampp\htdocs\Lucy\system\Database\MySQLi\Connection.php(295): mysqli->query('SELECT * FROM P...', 0)
#1 C:\xampp\htdocs\Lucy\system\Database\BaseConnection.php(691): CodeIgniter\Database\MySQLi\Connection->execute('SELECT * FROM P...')
#2 C:\xampp\htdocs\Lucy\system\Database\BaseConnection.php(605): CodeIgniter\Database\BaseConnection->simpleQuery('SELECT * FROM P...')
#3 C:\xampp\htdocs\Lucy\app\Models\ModeloPerso.php(12): CodeIgniter\Database\BaseConnection->query('SELECT * FROM P...')
#4 C:\xampp\htdocs\Lucy\app\Controllers\UsuarioController.php(46): App\Models\ModeloPerso->obtener()
#5 C:\xampp\htdocs\Lucy\system\CodeIgniter.php(934): App\Controllers\UsuarioController->formulario()
#6 C:\xampp\htdocs\Lucy\system\CodeIgniter.php(499): CodeIgniter\CodeIgniter->runController(Object(App\Controllers\UsuarioController))
#7 C:\xampp\htdocs\Lucy\system\CodeIgniter.php(368): CodeIgniter\CodeIgniter->handleRequest(NULL, Object(Config\Cache), false)
#8 C:\xampp\htdocs\Lucy\public\index.php(67): CodeIgniter\CodeIgniter->run()
#9 {main}
CRITICAL - 2023-05-02 19:53:47 --> Table 'login.persona' doesn't exist
in SYSTEMPATH\Database\BaseConnection.php on line 645.
 1 APPPATH\Models\ModeloPerso.php(12): CodeIgniter\Database\BaseConnection->query('SELECT * FROM Persona')
 2 APPPATH\Controllers\UsuarioController.php(46): App\Models\ModeloPerso->obtener()
 3 SYSTEMPATH\CodeIgniter.php(934): App\Controllers\UsuarioController->formulario()
 4 SYSTEMPATH\CodeIgniter.php(499): CodeIgniter\CodeIgniter->runController(Object(App\Controllers\UsuarioController))
 5 SYSTEMPATH\CodeIgniter.php(368): CodeIgniter\CodeIgniter->handleRequest(null, Object(Config\Cache), false)
 6 FCPATH\index.php(67): CodeIgniter\CodeIgniter->run()
INFO - 2023-05-02 19:53:48 --> Session: Class initialized using 'CodeIgniter\Session\Handlers\FileHandler' driver.
ERROR - 2023-05-02 19:53:48 --> mysqli_sql_exception: Table 'login.persona' doesn't exist in C:\xampp\htdocs\Lucy\system\Database\MySQLi\Connection.php:295
Stack trace:
#0 C:\xampp\htdocs\Lucy\system\Database\MySQLi\Connection.php(295): mysqli->query('SELECT * FROM P...', 0)
#1 C:\xampp\htdocs\Lucy\system\Database\BaseConnection.php(691): CodeIgniter\Database\MySQLi\Connection->execute('SELECT * FROM P...')
#2 C:\xampp\htdocs\Lucy\system\Database\BaseConnection.php(605): CodeIgniter\Database\BaseConnection->simpleQuery('SELECT * FROM P...')
#3 C:\xampp\htdocs\Lucy\app\Models\ModeloPerso.php(12): CodeIgniter\Database\BaseConnection->query('SELECT * FROM P...')
#4 C:\xampp\htdocs\Lucy\app\Controllers\UsuarioController.php(46): App\Models\ModeloPerso->obtener()
#5 C:\xampp\htdocs\Lucy\system\CodeIgniter.php(934): App\Controllers\UsuarioController->formulario()
#6 C:\xampp\htdocs\Lucy\system\CodeIgniter.php(499): CodeIgniter\CodeIgniter->runController(Object(App\Controllers\UsuarioController))
#7 C:\xampp\htdocs\Lucy\system\CodeIgniter.php(368): CodeIgniter\CodeIgniter->handleRequest(NULL, Object(Config\Cache), false)
#8 C:\xampp\htdocs\Lucy\public\index.php(67): CodeIgniter\CodeIgniter->run()
#9 {main}
CRITICAL - 2023-05-02 19:53:48 --> Table 'login.persona' doesn't exist
in SYSTEMPATH\Database\BaseConnection.php on line 645.
 1 APPPATH\Models\ModeloPerso.php(12): CodeIgniter\Database\BaseConnection->query('SELECT * FROM Persona')
 2 APPPATH\Controllers\UsuarioController.php(46): App\Models\ModeloPerso->obtener()
 3 SYSTEMPATH\CodeIgniter.php(934): App\Controllers\UsuarioController->formulario()
 4 SYSTEMPATH\CodeIgniter.php(499): CodeIgniter\CodeIgniter->runController(Object(App\Controllers\UsuarioController))
 5 SYSTEMPATH\CodeIgniter.php(368): CodeIgniter\CodeIgniter->handleRequest(null, Object(Config\Cache), false)
 6 FCPATH\index.php(67): CodeIgniter\CodeIgniter->run()
INFO - 2023-05-02 19:53:48 --> Session: Class initialized using 'CodeIgniter\Session\Handlers\FileHandler' driver.
ERROR - 2023-05-02 19:53:48 --> mysqli_sql_exception: Table 'login.persona' doesn't exist in C:\xampp\htdocs\Lucy\system\Database\MySQLi\Connection.php:295
Stack trace:
#0 C:\xampp\htdocs\Lucy\system\Database\MySQLi\Connection.php(295): mysqli->query('SELECT * FROM P...', 0)
#1 C:\xampp\htdocs\Lucy\system\Database\BaseConnection.php(691): CodeIgniter\Database\MySQLi\Connection->execute('SELECT * FROM P...')
#2 C:\xampp\htdocs\Lucy\system\Database\BaseConnection.php(605): CodeIgniter\Database\BaseConnection->simpleQuery('SELECT * FROM P...')
#3 C:\xampp\htdocs\Lucy\app\Models\ModeloPerso.php(12): CodeIgniter\Database\BaseConnection->query('SELECT * FROM P...')
#4 C:\xampp\htdocs\Lucy\app\Controllers\UsuarioController.php(46): App\Models\ModeloPerso->obtener()
#5 C:\xampp\htdocs\Lucy\system\CodeIgniter.php(934): App\Controllers\UsuarioController->formulario()
#6 C:\xampp\htdocs\Lucy\system\CodeIgniter.php(499): CodeIgniter\CodeIgniter->runController(Object(App\Controllers\UsuarioController))
#7 C:\xampp\htdocs\Lucy\system\CodeIgniter.php(368): CodeIgniter\CodeIgniter->handleRequest(NULL, Object(Config\Cache), false)
#8 C:\xampp\htdocs\Lucy\public\index.php(67): CodeIgniter\CodeIgniter->run()
#9 {main}
CRITICAL - 2023-05-02 19:53:48 --> Table 'login.persona' doesn't exist
in SYSTEMPATH\Database\BaseConnection.php on line 645.
 1 APPPATH\Models\ModeloPerso.php(12): CodeIgniter\Database\BaseConnection->query('SELECT * FROM Persona')
 2 APPPATH\Controllers\UsuarioController.php(46): App\Models\ModeloPerso->obtener()
 3 SYSTEMPATH\CodeIgniter.php(934): App\Controllers\UsuarioController->formulario()
 4 SYSTEMPATH\CodeIgniter.php(499): CodeIgniter\CodeIgniter->runController(Object(App\Controllers\UsuarioController))
 5 SYSTEMPATH\CodeIgniter.php(368): CodeIgniter\CodeIgniter->handleRequest(null, Object(Config\Cache), false)
 6 FCPATH\index.php(67): CodeIgniter\CodeIgniter->run()
INFO - 2023-05-02 19:53:48 --> Session: Class initialized using 'CodeIgniter\Session\Handlers\FileHandler' driver.
ERROR - 2023-05-02 19:53:48 --> mysqli_sql_exception: Table 'login.persona' doesn't exist in C:\xampp\htdocs\Lucy\system\Database\MySQLi\Connection.php:295
Stack trace:
#0 C:\xampp\htdocs\Lucy\system\Database\MySQLi\Connection.php(295): mysqli->query('SELECT * FROM P...', 0)
#1 C:\xampp\htdocs\Lucy\system\Database\BaseConnection.php(691): CodeIgniter\Database\MySQLi\Connection->execute('SELECT * FROM P...')
#2 C:\xampp\htdocs\Lucy\system\Database\BaseConnection.php(605): CodeIgniter\Database\BaseConnection->simpleQuery('SELECT * FROM P...')
#3 C:\xampp\htdocs\Lucy\app\Models\ModeloPerso.php(12): CodeIgniter\Database\BaseConnection->query('SELECT * FROM P...')
#4 C:\xampp\htdocs\Lucy\app\Controllers\UsuarioController.php(46): App\Models\ModeloPerso->obtener()
#5 C:\xampp\htdocs\Lucy\system\CodeIgniter.php(934): App\Controllers\UsuarioController->formulario()
#6 C:\xampp\htdocs\Lucy\system\CodeIgniter.php(499): CodeIgniter\CodeIgniter->runController(Object(App\Controllers\UsuarioController))
#7 C:\xampp\htdocs\Lucy\system\CodeIgniter.php(368): CodeIgniter\CodeIgniter->handleRequest(NULL, Object(Config\Cache), false)
#8 C:\xampp\htdocs\Lucy\public\index.php(67): CodeIgniter\CodeIgniter->run()
#9 {main}
CRITICAL - 2023-05-02 19:53:48 --> Table 'login.persona' doesn't exist
in SYSTEMPATH\Database\BaseConnection.php on line 645.
 1 APPPATH\Models\ModeloPerso.php(12): CodeIgniter\Database\BaseConnection->query('SELECT * FROM Persona')
 2 APPPATH\Controllers\UsuarioController.php(46): App\Models\ModeloPerso->obtener()
 3 SYSTEMPATH\CodeIgniter.php(934): App\Controllers\UsuarioController->formulario()
 4 SYSTEMPATH\CodeIgniter.php(499): CodeIgniter\CodeIgniter->runController(Object(App\Controllers\UsuarioController))
 5 SYSTEMPATH\CodeIgniter.php(368): CodeIgniter\CodeIgniter->handleRequest(null, Object(Config\Cache), false)
 6 FCPATH\index.php(67): CodeIgniter\CodeIgniter->run()
INFO - 2023-05-02 19:53:49 --> Session: Class initialized using 'CodeIgniter\Session\Handlers\FileHandler' driver.
ERROR - 2023-05-02 19:53:49 --> mysqli_sql_exception: Table 'login.persona' doesn't exist in C:\xampp\htdocs\Lucy\system\Database\MySQLi\Connection.php:295
Stack trace:
#0 C:\xampp\htdocs\Lucy\system\Database\MySQLi\Connection.php(295): mysqli->query('SELECT * FROM P...', 0)
#1 C:\xampp\htdocs\Lucy\system\Database\BaseConnection.php(691): CodeIgniter\Database\MySQLi\Connection->execute('SELECT * FROM P...')
#2 C:\xampp\htdocs\Lucy\system\Database\BaseConnection.php(605): CodeIgniter\Database\BaseConnection->simpleQuery('SELECT * FROM P...')
#3 C:\xampp\htdocs\Lucy\app\Models\ModeloPerso.php(12): CodeIgniter\Database\BaseConnection->query('SELECT * FROM P...')
#4 C:\xampp\htdocs\Lucy\app\Controllers\UsuarioController.php(46): App\Models\ModeloPerso->obtener()
#5 C:\xampp\htdocs\Lucy\system\CodeIgniter.php(934): App\Controllers\UsuarioController->formulario()
#6 C:\xampp\htdocs\Lucy\system\CodeIgniter.php(499): CodeIgniter\CodeIgniter->runController(Object(App\Controllers\UsuarioController))
#7 C:\xampp\htdocs\Lucy\system\CodeIgniter.php(368): CodeIgniter\CodeIgniter->handleRequest(NULL, Object(Config\Cache), false)
#8 C:\xampp\htdocs\Lucy\public\index.php(67): CodeIgniter\CodeIgniter->run()
#9 {main}
CRITICAL - 2023-05-02 19:53:49 --> Table 'login.persona' doesn't exist
in SYSTEMPATH\Database\BaseConnection.php on line 645.
 1 APPPATH\Models\ModeloPerso.php(12): CodeIgniter\Database\BaseConnection->query('SELECT * FROM Persona')
 2 APPPATH\Controllers\UsuarioController.php(46): App\Models\ModeloPerso->obtener()
 3 SYSTEMPATH\CodeIgniter.php(934): App\Controllers\UsuarioController->formulario()
 4 SYSTEMPATH\CodeIgniter.php(499): CodeIgniter\CodeIgniter->runController(Object(App\Controllers\UsuarioController))
 5 SYSTEMPATH\CodeIgniter.php(368): CodeIgniter\CodeIgniter->handleRequest(null, Object(Config\Cache), false)
 6 FCPATH\index.php(67): CodeIgniter\CodeIgniter->run()
INFO - 2023-05-02 19:53:49 --> Session: Class initialized using 'CodeIgniter\Session\Handlers\FileHandler' driver.
ERROR - 2023-05-02 19:53:49 --> mysqli_sql_exception: Table 'login.persona' doesn't exist in C:\xampp\htdocs\Lucy\system\Database\MySQLi\Connection.php:295
Stack trace:
#0 C:\xampp\htdocs\Lucy\system\Database\MySQLi\Connection.php(295): mysqli->query('SELECT * FROM P...', 0)
#1 C:\xampp\htdocs\Lucy\system\Database\BaseConnection.php(691): CodeIgniter\Database\MySQLi\Connection->execute('SELECT * FROM P...')
#2 C:\xampp\htdocs\Lucy\system\Database\BaseConnection.php(605): CodeIgniter\Database\BaseConnection->simpleQuery('SELECT * FROM P...')
#3 C:\xampp\htdocs\Lucy\app\Models\ModeloPerso.php(12): CodeIgniter\Database\BaseConnection->query('SELECT * FROM P...')
#4 C:\xampp\htdocs\Lucy\app\Controllers\UsuarioController.php(46): App\Models\ModeloPerso->obtener()
#5 C:\xampp\htdocs\Lucy\system\CodeIgniter.php(934): App\Controllers\UsuarioController->formulario()
#6 C:\xampp\htdocs\Lucy\system\CodeIgniter.php(499): CodeIgniter\CodeIgniter->runController(Object(App\Controllers\UsuarioController))
#7 C:\xampp\htdocs\Lucy\system\CodeIgniter.php(368): CodeIgniter\CodeIgniter->handleRequest(NULL, Object(Config\Cache), false)
#8 C:\xampp\htdocs\Lucy\public\index.php(67): CodeIgniter\CodeIgniter->run()
#9 {main}
CRITICAL - 2023-05-02 19:53:49 --> Table 'login.persona' doesn't exist
in SYSTEMPATH\Database\BaseConnection.php on line 645.
 1 APPPATH\Models\ModeloPerso.php(12): CodeIgniter\Database\BaseConnection->query('SELECT * FROM Persona')
 2 APPPATH\Controllers\UsuarioController.php(46): App\Models\ModeloPerso->obtener()
 3 SYSTEMPATH\CodeIgniter.php(934): App\Controllers\UsuarioController->formulario()
 4 SYSTEMPATH\CodeIgniter.php(499): CodeIgniter\CodeIgniter->runController(Object(App\Controllers\UsuarioController))
 5 SYSTEMPATH\CodeIgniter.php(368): CodeIgniter\CodeIgniter->handleRequest(null, Object(Config\Cache), false)
 6 FCPATH\index.php(67): CodeIgniter\CodeIgniter->run()
INFO - 2023-05-02 19:56:55 --> Session: Class initialized using 'CodeIgniter\Session\Handlers\FileHandler' driver.
INFO - 2023-05-02 19:57:10 --> Session: Class initialized using 'CodeIgniter\Session\Handlers\FileHandler' driver.
INFO - 2023-05-02 19:57:33 --> Session: Class initialized using 'CodeIgniter\Session\Handlers\FileHandler' driver.
INFO - 2023-05-02 19:58:57 --> Session: Class initialized using 'CodeIgniter\Session\Handlers\FileHandler' driver.
INFO - 2023-05-02 19:59:20 --> Session: Class initialized using 'CodeIgniter\Session\Handlers\FileHandler' driver.
INFO - 2023-05-02 19:59:26 --> Session: Class initialized using 'CodeIgniter\Session\Handlers\FileHandler' driver.
INFO - 2023-05-02 20:02:32 --> Session: Class initialized using 'CodeIgniter\Session\Handlers\FileHandler' driver.
INFO - 2023-05-02 20:03:00 --> Session: Class initialized using 'CodeIgniter\Session\Handlers\FileHandler' driver.
INFO - 2023-05-02 20:03:02 --> Session: Class initialized using 'CodeIgniter\Session\Handlers\FileHandler' driver.
INFO - 2023-05-02 20:03:02 --> Session: Class initialized using 'CodeIgniter\Session\Handlers\FileHandler' driver.
INFO - 2023-05-02 20:03:02 --> Session: Class initialized using 'CodeIgniter\Session\Handlers\FileHandler' driver.
INFO - 2023-05-02 20:03:08 --> Session: Class initialized using 'CodeIgniter\Session\Handlers\FileHandler' driver.
INFO - 2023-05-02 20:03:09 --> Session: Class initialized using 'CodeIgniter\Session\Handlers\FileHandler' driver.
INFO - 2023-05-02 20:03:09 --> Session: Class initialized using 'CodeIgniter\Session\Handlers\FileHandler' driver.
INFO - 2023-05-02 20:03:09 --> Session: Class initialized using 'CodeIgniter\Session\Handlers\FileHandler' driver.
INFO - 2023-05-02 20:03:09 --> Session: Class initialized using 'CodeIgniter\Session\Handlers\FileHandler' driver.
INFO - 2023-05-02 20:03:09 --> Session: Class initialized using 'CodeIgniter\Session\Handlers\FileHandler' driver.
INFO - 2023-05-02 20:03:10 --> Session: Class initialized using 'CodeIgniter\Session\Handlers\FileHandler' driver.
INFO - 2023-05-02 20:03:10 --> Session: Class initialized using 'CodeIgniter\Session\Handlers\FileHandler' driver.
INFO - 2023-05-02 20:03:15 --> Session: Class initialized using 'CodeIgniter\Session\Handlers\FileHandler' driver.
INFO - 2023-05-02 20:03:31 --> Session: Class initialized using 'CodeIgniter\Session\Handlers\FileHandler' driver.
INFO - 2023-05-02 20:03:42 --> Session: Class initialized using 'CodeIgniter\Session\Handlers\FileHandler' driver.
INFO - 2023-05-02 20:03:58 --> Session: Class initialized using 'CodeIgniter\Session\Handlers\FileHandler' driver.
INFO - 2023-05-02 20:04:48 --> Session: Class initialized using 'CodeIgniter\Session\Handlers\FileHandler' driver.
INFO - 2023-05-02 20:05:30 --> Session: Class initialized using 'CodeIgniter\Session\Handlers\FileHandler' driver.
INFO - 2023-05-02 20:05:50 --> Session: Class initialized using 'CodeIgniter\Session\Handlers\FileHandler' driver.
INFO - 2023-05-02 20:05:53 --> Session: Class initialized using 'CodeIgniter\Session\Handlers\FileHandler' driver.
INFO - 2023-05-02 20:05:54 --> Session: Class initialized using 'CodeIgniter\Session\Handlers\FileHandler' driver.
INFO - 2023-05-02 20:05:54 --> Session: Class initialized using 'CodeIgniter\Session\Handlers\FileHandler' driver.
INFO - 2023-05-02 20:05:54 --> Session: Class initialized using 'CodeIgniter\Session\Handlers\FileHandler' driver.
INFO - 2023-05-02 20:05:59 --> Session: Class initialized using 'CodeIgniter\Session\Handlers\FileHandler' driver.
INFO - 2023-05-02 20:06:03 --> Session: Class initialized using 'CodeIgniter\Session\Handlers\FileHandler' driver.
INFO - 2023-05-02 20:08:15 --> Session: Class initialized using 'CodeIgniter\Session\Handlers\FileHandler' driver.
INFO - 2023-05-02 20:25:09 --> Session: Class initialized using 'CodeIgniter\Session\Handlers\FileHandler' driver.
INFO - 2023-05-02 20:25:24 --> Session: Class initialized using 'CodeIgniter\Session\Handlers\FileHandler' driver.
INFO - 2023-05-02 20:25:48 --> Session: Class initialized using 'CodeIgniter\Session\Handlers\FileHandler' driver.
INFO - 2023-05-02 20:25:53 --> Session: Class initialized using 'CodeIgniter\Session\Handlers\FileHandler' driver.
INFO - 2023-05-02 20:26:17 --> Session: Class initialized using 'CodeIgniter\Session\Handlers\FileHandler' driver.
INFO - 2023-05-02 20:26:39 --> Session: Class initialized using 'CodeIgniter\Session\Handlers\FileHandler' driver.
INFO - 2023-05-02 20:26:45 --> Session: Class initialized using 'CodeIgniter\Session\Handlers\FileHandler' driver.
INFO - 2023-05-02 20:26:45 --> Session: Class initialized using 'CodeIgniter\Session\Handlers\FileHandler' driver.
INFO - 2023-05-02 20:26:45 --> Session: Class initialized using 'CodeIgniter\Session\Handlers\FileHandler' driver.
INFO - 2023-05-02 20:26:55 --> Session: Class initialized using 'CodeIgniter\Session\Handlers\FileHandler' driver.
INFO - 2023-05-02 20:27:06 --> Session: Class initialized using 'CodeIgniter\Session\Handlers\FileHandler' driver.
INFO - 2023-05-02 20:27:25 --> Session: Class initialized using 'CodeIgniter\Session\Handlers\FileHandler' driver.
INFO - 2023-05-02 20:27:44 --> Session: Class initialized using 'CodeIgniter\Session\Handlers\FileHandler' driver.
INFO - 2023-05-02 20:27:50 --> Session: Class initialized using 'CodeIgniter\Session\Handlers\FileHandler' driver.
INFO - 2023-05-02 20:28:12 --> Session: Class initialized using 'CodeIgniter\Session\Handlers\FileHandler' driver.
INFO - 2023-05-02 20:28:37 --> Session: Class initialized using 'CodeIgniter\Session\Handlers\FileHandler' driver.
INFO - 2023-05-02 20:28:38 --> Session: Class initialized using 'CodeIgniter\Session\Handlers\FileHandler' driver.
INFO - 2023-05-02 20:28:39 --> Session: Class initialized using 'CodeIgniter\Session\Handlers\FileHandler' driver.
INFO - 2023-05-02 20:29:07 --> Session: Class initialized using 'CodeIgniter\Session\Handlers\FileHandler' driver.
INFO - 2023-05-02 20:29:13 --> Session: Class initialized using 'CodeIgniter\Session\Handlers\FileHandler' driver.
INFO - 2023-05-02 20:29:20 --> Session: Class initialized using 'CodeIgniter\Session\Handlers\FileHandler' driver.
INFO - 2023-05-02 20:29:21 --> Session: Class initialized using 'CodeIgniter\Session\Handlers\FileHandler' driver.
INFO - 2023-05-02 20:29:21 --> Session: Class initialized using 'CodeIgniter\Session\Handlers\FileHandler' driver.
INFO - 2023-05-02 20:29:21 --> Session: Class initialized using 'CodeIgniter\Session\Handlers\FileHandler' driver.
INFO - 2023-05-02 20:29:24 --> Session: Class initialized using 'CodeIgniter\Session\Handlers\FileHandler' driver.
INFO - 2023-05-02 20:29:37 --> Session: Class initialized using 'CodeIgniter\Session\Handlers\FileHandler' driver.
INFO - 2023-05-02 20:29:38 --> Session: Class initialized using 'CodeIgniter\Session\Handlers\FileHandler' driver.
INFO - 2023-05-02 20:29:39 --> Session: Class initialized using 'CodeIgniter\Session\Handlers\FileHandler' driver.
INFO - 2023-05-02 20:29:39 --> Session: Class initialized using 'CodeIgniter\Session\Handlers\FileHandler' driver.
INFO - 2023-05-02 20:29:39 --> Session: Class initialized using 'CodeIgniter\Session\Handlers\FileHandler' driver.
INFO - 2023-05-02 20:29:43 --> Session: Class initialized using 'CodeIgniter\Session\Handlers\FileHandler' driver.
INFO - 2023-05-02 20:29:49 --> Session: Class initialized using 'CodeIgniter\Session\Handlers\FileHandler' driver.
INFO - 2023-05-02 20:29:50 --> Session: Class initialized using 'CodeIgniter\Session\Handlers\FileHandler' driver.
INFO - 2023-05-02 20:29:52 --> Session: Class initialized using 'CodeIgniter\Session\Handlers\FileHandler' driver.
INFO - 2023-05-02 20:29:53 --> Session: Class initialized using 'CodeIgniter\Session\Handlers\FileHandler' driver.
INFO - 2023-05-02 20:30:08 --> Session: Class initialized using 'CodeIgniter\Session\Handlers\FileHandler' driver.
INFO - 2023-05-02 20:30:17 --> Session: Class initialized using 'CodeIgniter\Session\Handlers\FileHandler' driver.
INFO - 2023-05-02 20:30:22 --> Session: Class initialized using 'CodeIgniter\Session\Handlers\FileHandler' driver.
INFO - 2023-05-02 20:30:39 --> Session: Class initialized using 'CodeIgniter\Session\Handlers\FileHandler' driver.
INFO - 2023-05-02 20:31:53 --> Session: Class initialized using 'CodeIgniter\Session\Handlers\FileHandler' driver.
INFO - 2023-05-02 20:31:58 --> Session: Class initialized using 'CodeIgniter\Session\Handlers\FileHandler' driver.
INFO - 2023-05-02 20:32:05 --> Session: Class initialized using 'CodeIgniter\Session\Handlers\FileHandler' driver.
INFO - 2023-05-02 20:32:16 --> Session: Class initialized using 'CodeIgniter\Session\Handlers\FileHandler' driver.
INFO - 2023-05-02 20:32:17 --> Session: Class initialized using 'CodeIgniter\Session\Handlers\FileHandler' driver.
INFO - 2023-05-02 20:32:18 --> Session: Class initialized using 'CodeIgniter\Session\Handlers\FileHandler' driver.
INFO - 2023-05-02 20:32:23 --> Session: Class initialized using 'CodeIgniter\Session\Handlers\FileHandler' driver.
INFO - 2023-05-02 20:32:25 --> Session: Class initialized using 'CodeIgniter\Session\Handlers\FileHandler' driver.
INFO - 2023-05-02 20:32:34 --> Session: Class initialized using 'CodeIgniter\Session\Handlers\FileHandler' driver.
INFO - 2023-05-02 20:32:34 --> Session: Class initialized using 'CodeIgniter\Session\Handlers\FileHandler' driver.
INFO - 2023-05-02 20:32:37 --> Session: Class initialized using 'CodeIgniter\Session\Handlers\FileHandler' driver.
INFO - 2023-05-02 20:32:43 --> Session: Class initialized using 'CodeIgniter\Session\Handlers\FileHandler' driver.
INFO - 2023-05-02 20:32:50 --> Session: Class initialized using 'CodeIgniter\Session\Handlers\FileHandler' driver.
INFO - 2023-05-02 20:33:44 --> Session: Class initialized using 'CodeIgniter\Session\Handlers\FileHandler' driver.
INFO - 2023-05-02 20:33:46 --> Session: Class initialized using 'CodeIgniter\Session\Handlers\FileHandler' driver.
INFO - 2023-05-02 20:33:51 --> Session: Class initialized using 'CodeIgniter\Session\Handlers\FileHandler' driver.
INFO - 2023-05-02 20:33:51 --> Session: Class initialized using 'CodeIgniter\Session\Handlers\FileHandler' driver.
INFO - 2023-05-02 20:34:09 --> Session: Class initialized using 'CodeIgniter\Session\Handlers\FileHandler' driver.
INFO - 2023-05-02 20:34:11 --> Session: Class initialized using 'CodeIgniter\Session\Handlers\FileHandler' driver.
INFO - 2023-05-02 20:34:16 --> Session: Class initialized using 'CodeIgniter\Session\Handlers\FileHandler' driver.
INFO - 2023-05-02 20:34:17 --> Session: Class initialized using 'CodeIgniter\Session\Handlers\FileHandler' driver.
INFO - 2023-05-02 20:34:17 --> Session: Class initialized using 'CodeIgniter\Session\Handlers\FileHandler' driver.
INFO - 2023-05-02 20:34:44 --> Session: Class initialized using 'CodeIgniter\Session\Handlers\FileHandler' driver.
INFO - 2023-05-02 20:35:15 --> Session: Class initialized using 'CodeIgniter\Session\Handlers\FileHandler' driver.
INFO - 2023-05-02 20:35:15 --> Session: Class initialized using 'CodeIgniter\Session\Handlers\FileHandler' driver.
INFO - 2023-05-02 20:37:59 --> Session: Class initialized using 'CodeIgniter\Session\Handlers\FileHandler' driver.
INFO - 2023-05-02 20:38:00 --> Session: Class initialized using 'CodeIgniter\Session\Handlers\FileHandler' driver.
INFO - 2023-05-02 20:38:00 --> Session: Class initialized using 'CodeIgniter\Session\Handlers\FileHandler' driver.
INFO - 2023-05-02 20:38:01 --> Session: Class initialized using 'CodeIgniter\Session\Handlers\FileHandler' driver.
INFO - 2023-05-02 20:38:01 --> Session: Class initialized using 'CodeIgniter\Session\Handlers\FileHandler' driver.
INFO - 2023-05-02 20:38:08 --> Session: Class initialized using 'CodeIgniter\Session\Handlers\FileHandler' driver.
INFO - 2023-05-02 20:38:08 --> Session: Class initialized using 'CodeIgniter\Session\Handlers\FileHandler' driver.
INFO - 2023-05-02 20:38:08 --> Session: Class initialized using 'CodeIgniter\Session\Handlers\FileHandler' driver.
INFO - 2023-05-02 20:38:09 --> Session: Class initialized using 'CodeIgniter\Session\Handlers\FileHandler' driver.
INFO - 2023-05-02 20:38:09 --> Session: Class initialized using 'CodeIgniter\Session\Handlers\FileHandler' driver.
INFO - 2023-05-02 20:38:20 --> Session: Class initialized using 'CodeIgniter\Session\Handlers\FileHandler' driver.
INFO - 2023-05-02 20:38:20 --> Session: Class initialized using 'CodeIgniter\Session\Handlers\FileHandler' driver.
INFO - 2023-05-02 20:38:21 --> Session: Class initialized using 'CodeIgniter\Session\Handlers\FileHandler' driver.
INFO - 2023-05-02 20:39:39 --> Session: Class initialized using 'CodeIgniter\Session\Handlers\FileHandler' driver.
INFO - 2023-05-02 20:39:40 --> Session: Class initialized using 'CodeIgniter\Session\Handlers\FileHandler' driver.
INFO - 2023-05-02 20:39:40 --> Session: Class initialized using 'CodeIgniter\Session\Handlers\FileHandler' driver.
INFO - 2023-05-02 20:39:48 --> Session: Class initialized using 'CodeIgniter\Session\Handlers\FileHandler' driver.
INFO - 2023-05-02 20:39:49 --> Session: Class initialized using 'CodeIgniter\Session\Handlers\FileHandler' driver.
INFO - 2023-05-02 20:39:49 --> Session: Class initialized using 'CodeIgniter\Session\Handlers\FileHandler' driver.
INFO - 2023-05-02 20:40:15 --> Session: Class initialized using 'CodeIgniter\Session\Handlers\FileHandler' driver.
INFO - 2023-05-02 20:40:15 --> Session: Class initialized using 'CodeIgniter\Session\Handlers\FileHandler' driver.
INFO - 2023-05-02 20:40:16 --> Session: Class initialized using 'CodeIgniter\Session\Handlers\FileHandler' driver.
INFO - 2023-05-02 20:40:23 --> Session: Class initialized using 'CodeIgniter\Session\Handlers\FileHandler' driver.
INFO - 2023-05-02 20:40:28 --> Session: Class initialized using 'CodeIgniter\Session\Handlers\FileHandler' driver.
INFO - 2023-05-02 20:40:28 --> Session: Class initialized using 'CodeIgniter\Session\Handlers\FileHandler' driver.
CRITICAL - 2023-05-02 20:40:28 --> Undefined variable $mensaje
in APPPATH\Views\usuario\adm\mensaje.php on line 4.
 1 APPPATH\Views\usuario\adm\mensaje.php(4): CodeIgniter\Debug\Exceptions->errorHandler(2, 'Undefined variable $mensaje', 'APPPATH\\Views\\usuario\\adm\\mensaje.php', 4)
 2 SYSTEMPATH\View\View.php(213): include('APPPATH\\Views\\usuario\\adm\\mensaje.php')
 3 SYSTEMPATH\View\View.php(216): CodeIgniter\View\View->CodeIgniter\View\{closure}()
 4 SYSTEMPATH\Common.php(1184): CodeIgniter\View\View->render('usuario/adm/mensaje', [], true)
 5 APPPATH\Controllers\UsuarioController.php(25): view('usuario/adm/mensaje')
 6 SYSTEMPATH\CodeIgniter.php(934): App\Controllers\UsuarioController->inicio()
 7 SYSTEMPATH\CodeIgniter.php(499): CodeIgniter\CodeIgniter->runController(Object(App\Controllers\UsuarioController))
 8 SYSTEMPATH\CodeIgniter.php(368): CodeIgniter\CodeIgniter->handleRequest(null, Object(Config\Cache), false)
 9 FCPATH\index.php(67): CodeIgniter\CodeIgniter->run()
INFO - 2023-05-02 20:40:31 --> Session: Class initialized using 'CodeIgniter\Session\Handlers\FileHandler' driver.
INFO - 2023-05-02 20:40:34 --> Session: Class initialized using 'CodeIgniter\Session\Handlers\FileHandler' driver.
INFO - 2023-05-02 20:40:34 --> Session: Class initialized using 'CodeIgniter\Session\Handlers\FileHandler' driver.
CRITICAL - 2023-05-02 20:40:34 --> Undefined variable $mensaje
in APPPATH\Views\usuario\adm\mensaje.php on line 4.
 1 APPPATH\Views\usuario\adm\mensaje.php(4): CodeIgniter\Debug\Exceptions->errorHandler(2, 'Undefined variable $mensaje', 'APPPATH\\Views\\usuario\\adm\\mensaje.php', 4)
 2 SYSTEMPATH\View\View.php(213): include('APPPATH\\Views\\usuario\\adm\\mensaje.php')
 3 SYSTEMPATH\View\View.php(216): CodeIgniter\View\View->CodeIgniter\View\{closure}()
 4 SYSTEMPATH\Common.php(1184): CodeIgniter\View\View->render('usuario/adm/mensaje', [], true)
 5 APPPATH\Controllers\UsuarioController.php(25): view('usuario/adm/mensaje')
 6 SYSTEMPATH\CodeIgniter.php(934): App\Controllers\UsuarioController->inicio()
 7 SYSTEMPATH\CodeIgniter.php(499): CodeIgniter\CodeIgniter->runController(Object(App\Controllers\UsuarioController))
 8 SYSTEMPATH\CodeIgniter.php(368): CodeIgniter\CodeIgniter->handleRequest(null, Object(Config\Cache), false)
 9 FCPATH\index.php(67): CodeIgniter\CodeIgniter->run()
INFO - 2023-05-02 20:41:09 --> Session: Class initialized using 'CodeIgniter\Session\Handlers\FileHandler' driver.
CRITICAL - 2023-05-02 20:41:09 --> Undefined variable $mensaje
in APPPATH\Views\usuario\adm\mensaje.php on line 4.
 1 APPPATH\Views\usuario\adm\mensaje.php(4): CodeIgniter\Debug\Exceptions->errorHandler(2, 'Undefined variable $mensaje', 'APPPATH\\Views\\usuario\\adm\\mensaje.php', 4)
 2 SYSTEMPATH\View\View.php(213): include('APPPATH\\Views\\usuario\\adm\\mensaje.php')
 3 SYSTEMPATH\View\View.php(216): CodeIgniter\View\View->CodeIgniter\View\{closure}()
 4 SYSTEMPATH\Common.php(1184): CodeIgniter\View\View->render('usuario/adm/mensaje', [], true)
 5 APPPATH\Controllers\UsuarioController.php(25): view('usuario/adm/mensaje')
 6 SYSTEMPATH\CodeIgniter.php(934): App\Controllers\UsuarioController->inicio()
 7 SYSTEMPATH\CodeIgniter.php(499): CodeIgniter\CodeIgniter->runController(Object(App\Controllers\UsuarioController))
 8 SYSTEMPATH\CodeIgniter.php(368): CodeIgniter\CodeIgniter->handleRequest(null, Object(Config\Cache), false)
 9 FCPATH\index.php(67): CodeIgniter\CodeIgniter->run()
INFO - 2023-05-02 20:41:10 --> Session: Class initialized using 'CodeIgniter\Session\Handlers\FileHandler' driver.
CRITICAL - 2023-05-02 20:41:10 --> Undefined variable $mensaje
in APPPATH\Views\usuario\adm\mensaje.php on line 4.
 1 APPPATH\Views\usuario\adm\mensaje.php(4): CodeIgniter\Debug\Exceptions->errorHandler(2, 'Undefined variable $mensaje', 'APPPATH\\Views\\usuario\\adm\\mensaje.php', 4)
 2 SYSTEMPATH\View\View.php(213): include('APPPATH\\Views\\usuario\\adm\\mensaje.php')
 3 SYSTEMPATH\View\View.php(216): CodeIgniter\View\View->CodeIgniter\View\{closure}()
 4 SYSTEMPATH\Common.php(1184): CodeIgniter\View\View->render('usuario/adm/mensaje', [], true)
 5 APPPATH\Controllers\UsuarioController.php(25): view('usuario/adm/mensaje')
 6 SYSTEMPATH\CodeIgniter.php(934): App\Controllers\UsuarioController->inicio()
 7 SYSTEMPATH\CodeIgniter.php(499): CodeIgniter\CodeIgniter->runController(Object(App\Controllers\UsuarioController))
 8 SYSTEMPATH\CodeIgniter.php(368): CodeIgniter\CodeIgniter->handleRequest(null, Object(Config\Cache), false)
 9 FCPATH\index.php(67): CodeIgniter\CodeIgniter->run()
INFO - 2023-05-02 20:41:10 --> Session: Class initialized using 'CodeIgniter\Session\Handlers\FileHandler' driver.
CRITICAL - 2023-05-02 20:41:10 --> Undefined variable $mensaje
in APPPATH\Views\usuario\adm\mensaje.php on line 4.
 1 APPPATH\Views\usuario\adm\mensaje.php(4): CodeIgniter\Debug\Exceptions->errorHandler(2, 'Undefined variable $mensaje', 'APPPATH\\Views\\usuario\\adm\\mensaje.php', 4)
 2 SYSTEMPATH\View\View.php(213): include('APPPATH\\Views\\usuario\\adm\\mensaje.php')
 3 SYSTEMPATH\View\View.php(216): CodeIgniter\View\View->CodeIgniter\View\{closure}()
 4 SYSTEMPATH\Common.php(1184): CodeIgniter\View\View->render('usuario/adm/mensaje', [], true)
 5 APPPATH\Controllers\UsuarioController.php(25): view('usuario/adm/mensaje')
 6 SYSTEMPATH\CodeIgniter.php(934): App\Controllers\UsuarioController->inicio()
 7 SYSTEMPATH\CodeIgniter.php(499): CodeIgniter\CodeIgniter->runController(Object(App\Controllers\UsuarioController))
 8 SYSTEMPATH\CodeIgniter.php(368): CodeIgniter\CodeIgniter->handleRequest(null, Object(Config\Cache), false)
 9 FCPATH\index.php(67): CodeIgniter\CodeIgniter->run()
INFO - 2023-05-02 20:41:10 --> Session: Class initialized using 'CodeIgniter\Session\Handlers\FileHandler' driver.
CRITICAL - 2023-05-02 20:41:10 --> Undefined variable $mensaje
in APPPATH\Views\usuario\adm\mensaje.php on line 4.
 1 APPPATH\Views\usuario\adm\mensaje.php(4): CodeIgniter\Debug\Exceptions->errorHandler(2, 'Undefined variable $mensaje', 'APPPATH\\Views\\usuario\\adm\\mensaje.php', 4)
 2 SYSTEMPATH\View\View.php(213): include('APPPATH\\Views\\usuario\\adm\\mensaje.php')
 3 SYSTEMPATH\View\View.php(216): CodeIgniter\View\View->CodeIgniter\View\{closure}()
 4 SYSTEMPATH\Common.php(1184): CodeIgniter\View\View->render('usuario/adm/mensaje', [], true)
 5 APPPATH\Controllers\UsuarioController.php(25): view('usuario/adm/mensaje')
 6 SYSTEMPATH\CodeIgniter.php(934): App\Controllers\UsuarioController->inicio()
 7 SYSTEMPATH\CodeIgniter.php(499): CodeIgniter\CodeIgniter->runController(Object(App\Controllers\UsuarioController))
 8 SYSTEMPATH\CodeIgniter.php(368): CodeIgniter\CodeIgniter->handleRequest(null, Object(Config\Cache), false)
 9 FCPATH\index.php(67): CodeIgniter\CodeIgniter->run()
INFO - 2023-05-02 20:41:10 --> Session: Class initialized using 'CodeIgniter\Session\Handlers\FileHandler' driver.
CRITICAL - 2023-05-02 20:41:10 --> Undefined variable $mensaje
in APPPATH\Views\usuario\adm\mensaje.php on line 4.
 1 APPPATH\Views\usuario\adm\mensaje.php(4): CodeIgniter\Debug\Exceptions->errorHandler(2, 'Undefined variable $mensaje', 'APPPATH\\Views\\usuario\\adm\\mensaje.php', 4)
 2 SYSTEMPATH\View\View.php(213): include('APPPATH\\Views\\usuario\\adm\\mensaje.php')
 3 SYSTEMPATH\View\View.php(216): CodeIgniter\View\View->CodeIgniter\View\{closure}()
 4 SYSTEMPATH\Common.php(1184): CodeIgniter\View\View->render('usuario/adm/mensaje', [], true)
 5 APPPATH\Controllers\UsuarioController.php(25): view('usuario/adm/mensaje')
 6 SYSTEMPATH\CodeIgniter.php(934): App\Controllers\UsuarioController->inicio()
 7 SYSTEMPATH\CodeIgniter.php(499): CodeIgniter\CodeIgniter->runController(Object(App\Controllers\UsuarioController))
 8 SYSTEMPATH\CodeIgniter.php(368): CodeIgniter\CodeIgniter->handleRequest(null, Object(Config\Cache), false)
 9 FCPATH\index.php(67): CodeIgniter\CodeIgniter->run()
INFO - 2023-05-02 20:41:11 --> Session: Class initialized using 'CodeIgniter\Session\Handlers\FileHandler' driver.
CRITICAL - 2023-05-02 20:41:11 --> Undefined variable $mensaje
in APPPATH\Views\usuario\adm\mensaje.php on line 4.
 1 APPPATH\Views\usuario\adm\mensaje.php(4): CodeIgniter\Debug\Exceptions->errorHandler(2, 'Undefined variable $mensaje', 'APPPATH\\Views\\usuario\\adm\\mensaje.php', 4)
 2 SYSTEMPATH\View\View.php(213): include('APPPATH\\Views\\usuario\\adm\\mensaje.php')
 3 SYSTEMPATH\View\View.php(216): CodeIgniter\View\View->CodeIgniter\View\{closure}()
 4 SYSTEMPATH\Common.php(1184): CodeIgniter\View\View->render('usuario/adm/mensaje', [], true)
 5 APPPATH\Controllers\UsuarioController.php(25): view('usuario/adm/mensaje')
 6 SYSTEMPATH\CodeIgniter.php(934): App\Controllers\UsuarioController->inicio()
 7 SYSTEMPATH\CodeIgniter.php(499): CodeIgniter\CodeIgniter->runController(Object(App\Controllers\UsuarioController))
 8 SYSTEMPATH\CodeIgniter.php(368): CodeIgniter\CodeIgniter->handleRequest(null, Object(Config\Cache), false)
 9 FCPATH\index.php(67): CodeIgniter\CodeIgniter->run()
INFO - 2023-05-02 20:42:14 --> Session: Class initialized using 'CodeIgniter\Session\Handlers\FileHandler' driver.
CRITICAL - 2023-05-02 20:42:14 --> Undefined variable $mensaje
in APPPATH\Views\usuario\adm\mensaje.php on line 4.
 1 APPPATH\Views\usuario\adm\mensaje.php(4): CodeIgniter\Debug\Exceptions->errorHandler(2, 'Undefined variable $mensaje', 'APPPATH\\Views\\usuario\\adm\\mensaje.php', 4)
 2 SYSTEMPATH\View\View.php(213): include('APPPATH\\Views\\usuario\\adm\\mensaje.php')
 3 SYSTEMPATH\View\View.php(216): CodeIgniter\View\View->CodeIgniter\View\{closure}()
 4 SYSTEMPATH\Common.php(1184): CodeIgniter\View\View->render('usuario/adm/mensaje', [], true)
 5 APPPATH\Controllers\UsuarioController.php(25): view('usuario/adm/mensaje')
 6 SYSTEMPATH\CodeIgniter.php(934): App\Controllers\UsuarioController->inicio()
 7 SYSTEMPATH\CodeIgniter.php(499): CodeIgniter\CodeIgniter->runController(Object(App\Controllers\UsuarioController))
 8 SYSTEMPATH\CodeIgniter.php(368): CodeIgniter\CodeIgniter->handleRequest(null, Object(Config\Cache), false)
 9 FCPATH\index.php(67): CodeIgniter\CodeIgniter->run()
INFO - 2023-05-02 20:43:07 --> Session: Class initialized using 'CodeIgniter\Session\Handlers\FileHandler' driver.
CRITICAL - 2023-05-02 20:43:07 --> Undefined variable $mensaje
in APPPATH\Views\usuario\adm\mensaje.php on line 4.
 1 APPPATH\Views\usuario\adm\mensaje.php(4): CodeIgniter\Debug\Exceptions->errorHandler(2, 'Undefined variable $mensaje', 'APPPATH\\Views\\usuario\\adm\\mensaje.php', 4)
 2 SYSTEMPATH\View\View.php(213): include('APPPATH\\Views\\usuario\\adm\\mensaje.php')
 3 SYSTEMPATH\View\View.php(216): CodeIgniter\View\View->CodeIgniter\View\{closure}()
 4 SYSTEMPATH\Common.php(1184): CodeIgniter\View\View->render('usuario/adm/mensaje', [], true)
 5 APPPATH\Controllers\UsuarioController.php(25): view('usuario/adm/mensaje')
 6 SYSTEMPATH\CodeIgniter.php(934): App\Controllers\UsuarioController->inicio()
 7 SYSTEMPATH\CodeIgniter.php(499): CodeIgniter\CodeIgniter->runController(Object(App\Controllers\UsuarioController))
 8 SYSTEMPATH\CodeIgniter.php(368): CodeIgniter\CodeIgniter->handleRequest(null, Object(Config\Cache), false)
 9 FCPATH\index.php(67): CodeIgniter\CodeIgniter->run()
INFO - 2023-05-02 20:50:47 --> Session: Class initialized using 'CodeIgniter\Session\Handlers\FileHandler' driver.
CRITICAL - 2023-05-02 20:50:47 --> Undefined variable $mensaje
in APPPATH\Views\usuario\adm\mensaje.php on line 4.
 1 APPPATH\Views\usuario\adm\mensaje.php(4): CodeIgniter\Debug\Exceptions->errorHandler(2, 'Undefined variable $mensaje', 'APPPATH\\Views\\usuario\\adm\\mensaje.php', 4)
 2 SYSTEMPATH\View\View.php(213): include('APPPATH\\Views\\usuario\\adm\\mensaje.php')
 3 SYSTEMPATH\View\View.php(216): CodeIgniter\View\View->CodeIgniter\View\{closure}()
 4 SYSTEMPATH\Common.php(1184): CodeIgniter\View\View->render('usuario/adm/mensaje', [], true)
 5 APPPATH\Controllers\UsuarioController.php(25): view('usuario/adm/mensaje')
 6 SYSTEMPATH\CodeIgniter.php(934): App\Controllers\UsuarioController->inicio()
 7 SYSTEMPATH\CodeIgniter.php(499): CodeIgniter\CodeIgniter->runController(Object(App\Controllers\UsuarioController))
 8 SYSTEMPATH\CodeIgniter.php(368): CodeIgniter\CodeIgniter->handleRequest(null, Object(Config\Cache), false)
 9 FCPATH\index.php(67): CodeIgniter\CodeIgniter->run()
INFO - 2023-05-02 20:50:48 --> Session: Class initialized using 'CodeIgniter\Session\Handlers\FileHandler' driver.
CRITICAL - 2023-05-02 20:50:48 --> Undefined variable $mensaje
in APPPATH\Views\usuario\adm\mensaje.php on line 4.
 1 APPPATH\Views\usuario\adm\mensaje.php(4): CodeIgniter\Debug\Exceptions->errorHandler(2, 'Undefined variable $mensaje', 'APPPATH\\Views\\usuario\\adm\\mensaje.php', 4)
 2 SYSTEMPATH\View\View.php(213): include('APPPATH\\Views\\usuario\\adm\\mensaje.php')
 3 SYSTEMPATH\View\View.php(216): CodeIgniter\View\View->CodeIgniter\View\{closure}()
 4 SYSTEMPATH\Common.php(1184): CodeIgniter\View\View->render('usuario/adm/mensaje', [], true)
 5 APPPATH\Controllers\UsuarioController.php(25): view('usuario/adm/mensaje')
 6 SYSTEMPATH\CodeIgniter.php(934): App\Controllers\UsuarioController->inicio()
 7 SYSTEMPATH\CodeIgniter.php(499): CodeIgniter\CodeIgniter->runController(Object(App\Controllers\UsuarioController))
 8 SYSTEMPATH\CodeIgniter.php(368): CodeIgniter\CodeIgniter->handleRequest(null, Object(Config\Cache), false)
 9 FCPATH\index.php(67): CodeIgniter\CodeIgniter->run()
INFO - 2023-05-02 20:50:48 --> Session: Class initialized using 'CodeIgniter\Session\Handlers\FileHandler' driver.
CRITICAL - 2023-05-02 20:50:48 --> Undefined variable $mensaje
in APPPATH\Views\usuario\adm\mensaje.php on line 4.
 1 APPPATH\Views\usuario\adm\mensaje.php(4): CodeIgniter\Debug\Exceptions->errorHandler(2, 'Undefined variable $mensaje', 'APPPATH\\Views\\usuario\\adm\\mensaje.php', 4)
 2 SYSTEMPATH\View\View.php(213): include('APPPATH\\Views\\usuario\\adm\\mensaje.php')
 3 SYSTEMPATH\View\View.php(216): CodeIgniter\View\View->CodeIgniter\View\{closure}()
 4 SYSTEMPATH\Common.php(1184): CodeIgniter\View\View->render('usuario/adm/mensaje', [], true)
 5 APPPATH\Controllers\UsuarioController.php(25): view('usuario/adm/mensaje')
 6 SYSTEMPATH\CodeIgniter.php(934): App\Controllers\UsuarioController->inicio()
 7 SYSTEMPATH\CodeIgniter.php(499): CodeIgniter\CodeIgniter->runController(Object(App\Controllers\UsuarioController))
 8 SYSTEMPATH\CodeIgniter.php(368): CodeIgniter\CodeIgniter->handleRequest(null, Object(Config\Cache), false)
 9 FCPATH\index.php(67): CodeIgniter\CodeIgniter->run()
INFO - 2023-05-02 20:50:48 --> Session: Class initialized using 'CodeIgniter\Session\Handlers\FileHandler' driver.
CRITICAL - 2023-05-02 20:50:48 --> Undefined variable $mensaje
in APPPATH\Views\usuario\adm\mensaje.php on line 4.
 1 APPPATH\Views\usuario\adm\mensaje.php(4): CodeIgniter\Debug\Exceptions->errorHandler(2, 'Undefined variable $mensaje', 'APPPATH\\Views\\usuario\\adm\\mensaje.php', 4)
 2 SYSTEMPATH\View\View.php(213): include('APPPATH\\Views\\usuario\\adm\\mensaje.php')
 3 SYSTEMPATH\View\View.php(216): CodeIgniter\View\View->CodeIgniter\View\{closure}()
 4 SYSTEMPATH\Common.php(1184): CodeIgniter\View\View->render('usuario/adm/mensaje', [], true)
 5 APPPATH\Controllers\UsuarioController.php(25): view('usuario/adm/mensaje')
 6 SYSTEMPATH\CodeIgniter.php(934): App\Controllers\UsuarioController->inicio()
 7 SYSTEMPATH\CodeIgniter.php(499): CodeIgniter\CodeIgniter->runController(Object(App\Controllers\UsuarioController))
 8 SYSTEMPATH\CodeIgniter.php(368): CodeIgniter\CodeIgniter->handleRequest(null, Object(Config\Cache), false)
 9 FCPATH\index.php(67): CodeIgniter\CodeIgniter->run()
CRITICAL - 2023-05-02 20:50:58 --> syntax error, unexpected token "echo"
in APPPATH\Controllers\UsuarioController.php on line 49.
 1 SYSTEMPATH\Autoloader\Autoloader.php(289): CodeIgniter\Autoloader\Autoloader->includeFile('APPPATH\\Controllers\\UsuarioController.php')
 2 SYSTEMPATH\Autoloader\Autoloader.php(267): CodeIgniter\Autoloader\Autoloader->loadInNamespace('App\\Controllers\\UsuarioController')
 3 [internal function]: CodeIgniter\Autoloader\Autoloader->loadClass('App\\Controllers\\UsuarioController')
 4 SYSTEMPATH\CodeIgniter.php(892): class_exists('\\App\\Controllers\\UsuarioController', true)
 5 SYSTEMPATH\CodeIgniter.php(486): CodeIgniter\CodeIgniter->startController()
 6 SYSTEMPATH\CodeIgniter.php(368): CodeIgniter\CodeIgniter->handleRequest(null, Object(Config\Cache), false)
 7 FCPATH\index.php(67): CodeIgniter\CodeIgniter->run()
INFO - 2023-05-02 20:51:07 --> Session: Class initialized using 'CodeIgniter\Session\Handlers\FileHandler' driver.
CRITICAL - 2023-05-02 20:51:07 --> Undefined variable $mensaje
in APPPATH\Views\usuario\adm\mensaje.php on line 4.
 1 APPPATH\Views\usuario\adm\mensaje.php(4): CodeIgniter\Debug\Exceptions->errorHandler(2, 'Undefined variable $mensaje', 'APPPATH\\Views\\usuario\\adm\\mensaje.php', 4)
 2 SYSTEMPATH\View\View.php(213): include('APPPATH\\Views\\usuario\\adm\\mensaje.php')
 3 SYSTEMPATH\View\View.php(216): CodeIgniter\View\View->CodeIgniter\View\{closure}()
 4 SYSTEMPATH\Common.php(1184): CodeIgniter\View\View->render('usuario/adm/mensaje', [], true)
 5 APPPATH\Controllers\UsuarioController.php(25): view('usuario/adm/mensaje')
 6 SYSTEMPATH\CodeIgniter.php(934): App\Controllers\UsuarioController->inicio()
 7 SYSTEMPATH\CodeIgniter.php(499): CodeIgniter\CodeIgniter->runController(Object(App\Controllers\UsuarioController))
 8 SYSTEMPATH\CodeIgniter.php(368): CodeIgniter\CodeIgniter->handleRequest(null, Object(Config\Cache), false)
 9 FCPATH\index.php(67): CodeIgniter\CodeIgniter->run()
INFO - 2023-05-02 20:51:17 --> Session: Class initialized using 'CodeIgniter\Session\Handlers\FileHandler' driver.
CRITICAL - 2023-05-02 20:51:17 --> Undefined variable $mensaje
in APPPATH\Views\usuario\adm\mensaje.php on line 4.
 1 APPPATH\Views\usuario\adm\mensaje.php(4): CodeIgniter\Debug\Exceptions->errorHandler(2, 'Undefined variable $mensaje', 'APPPATH\\Views\\usuario\\adm\\mensaje.php', 4)
 2 SYSTEMPATH\View\View.php(213): include('APPPATH\\Views\\usuario\\adm\\mensaje.php')
 3 SYSTEMPATH\View\View.php(216): CodeIgniter\View\View->CodeIgniter\View\{closure}()
 4 SYSTEMPATH\Common.php(1184): CodeIgniter\View\View->render('usuario/adm/mensaje', [], true)
 5 APPPATH\Controllers\UsuarioController.php(25): view('usuario/adm/mensaje')
 6 SYSTEMPATH\CodeIgniter.php(934): App\Controllers\UsuarioController->inicio()
 7 SYSTEMPATH\CodeIgniter.php(499): CodeIgniter\CodeIgniter->runController(Object(App\Controllers\UsuarioController))
 8 SYSTEMPATH\CodeIgniter.php(368): CodeIgniter\CodeIgniter->handleRequest(null, Object(Config\Cache), false)
 9 FCPATH\index.php(67): CodeIgniter\CodeIgniter->run()
INFO - 2023-05-02 20:53:11 --> Session: Class initialized using 'CodeIgniter\Session\Handlers\FileHandler' driver.
CRITICAL - 2023-05-02 20:53:11 --> Undefined variable $mensaje
in APPPATH\Views\usuario\adm\mensaje.php on line 4.
 1 APPPATH\Views\usuario\adm\mensaje.php(4): CodeIgniter\Debug\Exceptions->errorHandler(2, 'Undefined variable $mensaje', 'APPPATH\\Views\\usuario\\adm\\mensaje.php', 4)
 2 SYSTEMPATH\View\View.php(213): include('APPPATH\\Views\\usuario\\adm\\mensaje.php')
 3 SYSTEMPATH\View\View.php(216): CodeIgniter\View\View->CodeIgniter\View\{closure}()
 4 SYSTEMPATH\Common.php(1184): CodeIgniter\View\View->render('usuario/adm/mensaje', [], true)
 5 APPPATH\Controllers\UsuarioController.php(25): view('usuario/adm/mensaje')
 6 SYSTEMPATH\CodeIgniter.php(934): App\Controllers\UsuarioController->inicio()
 7 SYSTEMPATH\CodeIgniter.php(499): CodeIgniter\CodeIgniter->runController(Object(App\Controllers\UsuarioController))
 8 SYSTEMPATH\CodeIgniter.php(368): CodeIgniter\CodeIgniter->handleRequest(null, Object(Config\Cache), false)
 9 FCPATH\index.php(67): CodeIgniter\CodeIgniter->run()
INFO - 2023-05-02 20:55:29 --> Session: Class initialized using 'CodeIgniter\Session\Handlers\FileHandler' driver.
CRITICAL - 2023-05-02 20:55:29 --> Invalid file: "usuario/adm/mensaje.php"
in SYSTEMPATH\Exceptions\FrameworkException.php on line 33.
 1 SYSTEMPATH\View\View.php(201): CodeIgniter\Exceptions\FrameworkException::forInvalidFile('usuario/adm/mensaje.php')
 2 SYSTEMPATH\Common.php(1184): CodeIgniter\View\View->render('usuario/adm/mensaje', [], true)
 3 APPPATH\Controllers\UsuarioController.php(25): view('usuario/adm/mensaje')
 4 SYSTEMPATH\CodeIgniter.php(934): App\Controllers\UsuarioController->inicio()
 5 SYSTEMPATH\CodeIgniter.php(499): CodeIgniter\CodeIgniter->runController(Object(App\Controllers\UsuarioController))
 6 SYSTEMPATH\CodeIgniter.php(368): CodeIgniter\CodeIgniter->handleRequest(null, Object(Config\Cache), false)
 7 FCPATH\index.php(67): CodeIgniter\CodeIgniter->run()
INFO - 2023-05-02 20:56:11 --> Session: Class initialized using 'CodeIgniter\Session\Handlers\FileHandler' driver.
CRITICAL - 2023-05-02 20:56:14 --> Invalid file: "usuario/adm/mensaje.php"
in SYSTEMPATH\Exceptions\FrameworkException.php on line 33.
 1 SYSTEMPATH\View\View.php(201): CodeIgniter\Exceptions\FrameworkException::forInvalidFile('usuario/adm/mensaje.php')
 2 SYSTEMPATH\Common.php(1184): CodeIgniter\View\View->render('usuario/adm/mensaje', [], true)
 3 APPPATH\Controllers\CrudController.php(42): view('usuario/adm/mensaje')
 4 SYSTEMPATH\CodeIgniter.php(934): App\Controllers\CrudController->admin()
 5 SYSTEMPATH\CodeIgniter.php(499): CodeIgniter\CodeIgniter->runController(Object(App\Controllers\CrudController))
 6 SYSTEMPATH\CodeIgniter.php(368): CodeIgniter\CodeIgniter->handleRequest(null, Object(Config\Cache), false)
 7 FCPATH\index.php(67): CodeIgniter\CodeIgniter->run()
INFO - 2023-05-02 20:56:20 --> Session: Class initialized using 'CodeIgniter\Session\Handlers\FileHandler' driver.
CRITICAL - 2023-05-02 20:56:21 --> Invalid file: "usuario/adm/mensaje.php"
in SYSTEMPATH\Exceptions\FrameworkException.php on line 33.
 1 SYSTEMPATH\View\View.php(201): CodeIgniter\Exceptions\FrameworkException::forInvalidFile('usuario/adm/mensaje.php')
 2 SYSTEMPATH\Common.php(1184): CodeIgniter\View\View->render('usuario/adm/mensaje', [], true)
 3 APPPATH\Controllers\CrudController.php(42): view('usuario/adm/mensaje')
 4 SYSTEMPATH\CodeIgniter.php(934): App\Controllers\CrudController->admin()
 5 SYSTEMPATH\CodeIgniter.php(499): CodeIgniter\CodeIgniter->runController(Object(App\Controllers\CrudController))
 6 SYSTEMPATH\CodeIgniter.php(368): CodeIgniter\CodeIgniter->handleRequest(null, Object(Config\Cache), false)
 7 FCPATH\index.php(67): CodeIgniter\CodeIgniter->run()
INFO - 2023-05-02 20:56:39 --> Session: Class initialized using 'CodeIgniter\Session\Handlers\FileHandler' driver.
INFO - 2023-05-02 20:59:16 --> Session: Class initialized using 'CodeIgniter\Session\Handlers\FileHandler' driver.
INFO - 2023-05-02 20:59:56 --> Session: Class initialized using 'CodeIgniter\Session\Handlers\FileHandler' driver.
INFO - 2023-05-02 21:00:18 --> Session: Class initialized using 'CodeIgniter\Session\Handlers\FileHandler' driver.
INFO - 2023-05-02 21:00:20 --> Session: Class initialized using 'CodeIgniter\Session\Handlers\FileHandler' driver.
INFO - 2023-05-02 21:00:27 --> Session: Class initialized using 'CodeIgniter\Session\Handlers\FileHandler' driver.
INFO - 2023-05-02 21:00:44 --> Session: Class initialized using 'CodeIgniter\Session\Handlers\FileHandler' driver.
INFO - 2023-05-02 21:00:45 --> Session: Class initialized using 'CodeIgniter\Session\Handlers\FileHandler' driver.
INFO - 2023-05-02 21:00:46 --> Session: Class initialized using 'CodeIgniter\Session\Handlers\FileHandler' driver.
INFO - 2023-05-02 21:00:49 --> Session: Class initialized using 'CodeIgniter\Session\Handlers\FileHandler' driver.
INFO - 2023-05-02 21:00:50 --> Session: Class initialized using 'CodeIgniter\Session\Handlers\FileHandler' driver.
INFO - 2023-05-02 21:00:55 --> Session: Class initialized using 'CodeIgniter\Session\Handlers\FileHandler' driver.
INFO - 2023-05-02 21:01:00 --> Session: Class initialized using 'CodeIgniter\Session\Handlers\FileHandler' driver.
INFO - 2023-05-02 21:01:22 --> Session: Class initialized using 'CodeIgniter\Session\Handlers\FileHandler' driver.
INFO - 2023-05-02 21:02:27 --> Session: Class initialized using 'CodeIgniter\Session\Handlers\FileHandler' driver.
INFO - 2023-05-02 21:04:55 --> Session: Class initialized using 'CodeIgniter\Session\Handlers\FileHandler' driver.
INFO - 2023-05-02 21:05:03 --> Session: Class initialized using 'CodeIgniter\Session\Handlers\FileHandler' driver.
INFO - 2023-05-02 21:05:40 --> Session: Class initialized using 'CodeIgniter\Session\Handlers\FileHandler' driver.
INFO - 2023-05-02 21:05:41 --> Session: Class initialized using 'CodeIgniter\Session\Handlers\FileHandler' driver.
INFO - 2023-05-02 21:06:07 --> Session: Class initialized using 'CodeIgniter\Session\Handlers\FileHandler' driver.
INFO - 2023-05-02 21:06:39 --> Session: Class initialized using 'CodeIgniter\Session\Handlers\FileHandler' driver.
INFO - 2023-05-02 21:06:40 --> Session: Class initialized using 'CodeIgniter\Session\Handlers\FileHandler' driver.
INFO - 2023-05-02 21:06:53 --> Session: Class initialized using 'CodeIgniter\Session\Handlers\FileHandler' driver.
INFO - 2023-05-02 21:07:10 --> Session: Class initialized using 'CodeIgniter\Session\Handlers\FileHandler' driver.
INFO - 2023-05-02 21:07:13 --> Session: Class initialized using 'CodeIgniter\Session\Handlers\FileHandler' driver.
INFO - 2023-05-02 21:07:15 --> Session: Class initialized using 'CodeIgniter\Session\Handlers\FileHandler' driver.
INFO - 2023-05-02 21:07:39 --> Session: Class initialized using 'CodeIgniter\Session\Handlers\FileHandler' driver.
INFO - 2023-05-02 21:07:43 --> Session: Class initialized using 'CodeIgniter\Session\Handlers\FileHandler' driver.
INFO - 2023-05-02 21:07:45 --> Session: Class initialized using 'CodeIgniter\Session\Handlers\FileHandler' driver.
INFO - 2023-05-02 21:07:48 --> Session: Class initialized using 'CodeIgniter\Session\Handlers\FileHandler' driver.
INFO - 2023-05-02 21:07:52 --> Session: Class initialized using 'CodeIgniter\Session\Handlers\FileHandler' driver.
INFO - 2023-05-02 21:08:55 --> Session: Class initialized using 'CodeIgniter\Session\Handlers\FileHandler' driver.
INFO - 2023-05-02 21:09:12 --> Session: Class initialized using 'CodeIgniter\Session\Handlers\FileHandler' driver.
INFO - 2023-05-02 21:09:19 --> Session: Class initialized using 'CodeIgniter\Session\Handlers\FileHandler' driver.
INFO - 2023-05-02 21:09:24 --> Session: Class initialized using 'CodeIgniter\Session\Handlers\FileHandler' driver.
INFO - 2023-05-02 21:09:28 --> Session: Class initialized using 'CodeIgniter\Session\Handlers\FileHandler' driver.
INFO - 2023-05-02 21:09:37 --> Session: Class initialized using 'CodeIgniter\Session\Handlers\FileHandler' driver.
INFO - 2023-05-02 21:09:41 --> Session: Class initialized using 'CodeIgniter\Session\Handlers\FileHandler' driver.
INFO - 2023-05-02 21:10:11 --> Session: Class initialized using 'CodeIgniter\Session\Handlers\FileHandler' driver.
INFO - 2023-05-02 21:11:57 --> Session: Class initialized using 'CodeIgniter\Session\Handlers\FileHandler' driver.
INFO - 2023-05-02 21:12:18 --> Session: Class initialized using 'CodeIgniter\Session\Handlers\FileHandler' driver.
INFO - 2023-05-02 21:13:08 --> Session: Class initialized using 'CodeIgniter\Session\Handlers\FileHandler' driver.
INFO - 2023-05-02 21:13:26 --> Session: Class initialized using 'CodeIgniter\Session\Handlers\FileHandler' driver.
INFO - 2023-05-02 21:13:30 --> Session: Class initialized using 'CodeIgniter\Session\Handlers\FileHandler' driver.
INFO - 2023-05-02 21:13:32 --> Session: Class initialized using 'CodeIgniter\Session\Handlers\FileHandler' driver.
INFO - 2023-05-02 21:13:54 --> Session: Class initialized using 'CodeIgniter\Session\Handlers\FileHandler' driver.
INFO - 2023-05-02 21:14:31 --> Session: Class initialized using 'CodeIgniter\Session\Handlers\FileHandler' driver.
