INFO - 2023-06-02 12:42:54 --> Session: Class initialized using 'CodeIgniter\Session\Handlers\FileHandler' driver.
INFO - 2023-06-02 12:47:05 --> Session: Class initialized using 'CodeIgniter\Session\Handlers\FileHandler' driver.
INFO - 2023-06-02 12:47:09 --> Session: Class initialized using 'CodeIgniter\Session\Handlers\FileHandler' driver.
INFO - 2023-06-02 12:48:56 --> Session: Class initialized using 'CodeIgniter\Session\Handlers\FileHandler' driver.
ERROR - 2023-06-02 13:12:08 --> mysqli_sql_exception: Duplicate entry '' for key 'Email' in C:\xampp\htdocs\Lucy\system\Database\MySQLi\Connection.php:295
Stack trace:
#0 C:\xampp\htdocs\Lucy\system\Database\MySQLi\Connection.php(295): mysqli->query('INSERT INTO `Pe...', 0)
#1 C:\xampp\htdocs\Lucy\system\Database\BaseConnection.php(691): CodeIgniter\Database\MySQLi\Connection->execute('INSERT INTO `Pe...')
#2 C:\xampp\htdocs\Lucy\system\Database\BaseConnection.php(605): CodeIgniter\Database\BaseConnection->simpleQuery('INSERT INTO `Pe...')
#3 C:\xampp\htdocs\Lucy\system\Database\BaseBuilder.php(2309): CodeIgniter\Database\BaseConnection->query('INSERT INTO `Pe...', Array, false)
#4 C:\xampp\htdocs\Lucy\app\Models\ModeloPerso.php(23): CodeIgniter\Database\BaseBuilder->insert(Array)
#5 C:\xampp\htdocs\Lucy\app\Controllers\CrudController.php(80): App\Models\ModeloPerso->insertar(Array)
#6 C:\xampp\htdocs\Lucy\system\CodeIgniter.php(934): App\Controllers\CrudController->crear()
#7 C:\xampp\htdocs\Lucy\system\CodeIgniter.php(499): CodeIgniter\CodeIgniter->runController(Object(App\Controllers\CrudController))
#8 C:\xampp\htdocs\Lucy\system\CodeIgniter.php(368): CodeIgniter\CodeIgniter->handleRequest(NULL, Object(Config\Cache), false)
#9 C:\xampp\htdocs\Lucy\public\index.php(67): CodeIgniter\CodeIgniter->run()
#10 {main}
CRITICAL - 2023-06-02 13:12:08 --> Duplicate entry '' for key 'Email'
in SYSTEMPATH\Database\BaseConnection.php on line 645.
 1 SYSTEMPATH\Database\BaseBuilder.php(2309): CodeIgniter\Database\BaseConnection->query('INSERT INTO `Persona` (`Nombre`, `Numero`, `Email`, `Contra`, `tipoUsuario`) VALUES (:Nombre:, :Numero:, :Email:, :Contra:, :tipoUsuario:)', [...], false)
 2 APPPATH\Models\ModeloPerso.php(23): CodeIgniter\Database\BaseBuilder->insert([...])
 3 APPPATH\Controllers\CrudController.php(80): App\Models\ModeloPerso->insertar([...])
 4 SYSTEMPATH\CodeIgniter.php(934): App\Controllers\CrudController->crear()
 5 SYSTEMPATH\CodeIgniter.php(499): CodeIgniter\CodeIgniter->runController(Object(App\Controllers\CrudController))
 6 SYSTEMPATH\CodeIgniter.php(368): CodeIgniter\CodeIgniter->handleRequest(null, Object(Config\Cache), false)
 7 FCPATH\index.php(67): CodeIgniter\CodeIgniter->run()
INFO - 2023-06-02 13:12:10 --> Session: Class initialized using 'CodeIgniter\Session\Handlers\FileHandler' driver.
ERROR - 2023-06-02 13:13:29 --> mysqli_sql_exception: Duplicate entry '' for key 'Email' in C:\xampp\htdocs\Lucy\system\Database\MySQLi\Connection.php:295
Stack trace:
#0 C:\xampp\htdocs\Lucy\system\Database\MySQLi\Connection.php(295): mysqli->query('INSERT INTO `Pe...', 0)
#1 C:\xampp\htdocs\Lucy\system\Database\BaseConnection.php(691): CodeIgniter\Database\MySQLi\Connection->execute('INSERT INTO `Pe...')
#2 C:\xampp\htdocs\Lucy\system\Database\BaseConnection.php(605): CodeIgniter\Database\BaseConnection->simpleQuery('INSERT INTO `Pe...')
#3 C:\xampp\htdocs\Lucy\system\Database\BaseBuilder.php(2309): CodeIgniter\Database\BaseConnection->query('INSERT INTO `Pe...', Array, false)
#4 C:\xampp\htdocs\Lucy\app\Models\ModeloPerso.php(23): CodeIgniter\Database\BaseBuilder->insert(Array)
#5 C:\xampp\htdocs\Lucy\app\Controllers\CrudController.php(80): App\Models\ModeloPerso->insertar(Array)
#6 C:\xampp\htdocs\Lucy\system\CodeIgniter.php(934): App\Controllers\CrudController->crear()
#7 C:\xampp\htdocs\Lucy\system\CodeIgniter.php(499): CodeIgniter\CodeIgniter->runController(Object(App\Controllers\CrudController))
#8 C:\xampp\htdocs\Lucy\system\CodeIgniter.php(368): CodeIgniter\CodeIgniter->handleRequest(NULL, Object(Config\Cache), false)
#9 C:\xampp\htdocs\Lucy\public\index.php(67): CodeIgniter\CodeIgniter->run()
#10 {main}
CRITICAL - 2023-06-02 13:13:29 --> Duplicate entry '' for key 'Email'
in SYSTEMPATH\Database\BaseConnection.php on line 645.
 1 SYSTEMPATH\Database\BaseBuilder.php(2309): CodeIgniter\Database\BaseConnection->query('INSERT INTO `Persona` (`Nombre`, `Numero`, `Email`, `Contra`, `tipoUsuario`) VALUES (:Nombre:, :Numero:, :Email:, :Contra:, :tipoUsuario:)', [...], false)
 2 APPPATH\Models\ModeloPerso.php(23): CodeIgniter\Database\BaseBuilder->insert([...])
 3 APPPATH\Controllers\CrudController.php(80): App\Models\ModeloPerso->insertar([...])
 4 SYSTEMPATH\CodeIgniter.php(934): App\Controllers\CrudController->crear()
 5 SYSTEMPATH\CodeIgniter.php(499): CodeIgniter\CodeIgniter->runController(Object(App\Controllers\CrudController))
 6 SYSTEMPATH\CodeIgniter.php(368): CodeIgniter\CodeIgniter->handleRequest(null, Object(Config\Cache), false)
 7 FCPATH\index.php(67): CodeIgniter\CodeIgniter->run()
INFO - 2023-06-02 13:13:31 --> Session: Class initialized using 'CodeIgniter\Session\Handlers\FileHandler' driver.
INFO - 2023-06-02 13:19:57 --> Session: Class initialized using 'CodeIgniter\Session\Handlers\FileHandler' driver.
INFO - 2023-06-02 13:21:19 --> Session: Class initialized using 'CodeIgniter\Session\Handlers\FileHandler' driver.
INFO - 2023-06-02 13:21:45 --> Session: Class initialized using 'CodeIgniter\Session\Handlers\FileHandler' driver.
INFO - 2023-06-02 13:22:14 --> Session: Class initialized using 'CodeIgniter\Session\Handlers\FileHandler' driver.
INFO - 2023-06-02 13:26:24 --> Session: Class initialized using 'CodeIgniter\Session\Handlers\FileHandler' driver.
INFO - 2023-06-02 13:27:55 --> Session: Class initialized using 'CodeIgniter\Session\Handlers\FileHandler' driver.
INFO - 2023-06-02 13:28:40 --> Session: Class initialized using 'CodeIgniter\Session\Handlers\FileHandler' driver.
INFO - 2023-06-02 13:29:11 --> Session: Class initialized using 'CodeIgniter\Session\Handlers\FileHandler' driver.
INFO - 2023-06-02 13:29:23 --> Session: Class initialized using 'CodeIgniter\Session\Handlers\FileHandler' driver.
INFO - 2023-06-02 13:30:48 --> Session: Class initialized using 'CodeIgniter\Session\Handlers\FileHandler' driver.
INFO - 2023-06-02 13:30:58 --> Session: Class initialized using 'CodeIgniter\Session\Handlers\FileHandler' driver.
INFO - 2023-06-02 13:33:02 --> Session: Class initialized using 'CodeIgniter\Session\Handlers\FileHandler' driver.
INFO - 2023-06-02 13:34:57 --> Session: Class initialized using 'CodeIgniter\Session\Handlers\FileHandler' driver.
INFO - 2023-06-02 13:35:53 --> Session: Class initialized using 'CodeIgniter\Session\Handlers\FileHandler' driver.
INFO - 2023-06-02 13:37:05 --> Session: Class initialized using 'CodeIgniter\Session\Handlers\FileHandler' driver.
INFO - 2023-06-02 13:37:56 --> Session: Class initialized using 'CodeIgniter\Session\Handlers\FileHandler' driver.
INFO - 2023-06-02 13:39:17 --> Session: Class initialized using 'CodeIgniter\Session\Handlers\FileHandler' driver.
INFO - 2023-06-02 13:39:52 --> Session: Class initialized using 'CodeIgniter\Session\Handlers\FileHandler' driver.
INFO - 2023-06-02 13:41:03 --> Session: Class initialized using 'CodeIgniter\Session\Handlers\FileHandler' driver.
INFO - 2023-06-02 13:41:32 --> Session: Class initialized using 'CodeIgniter\Session\Handlers\FileHandler' driver.
INFO - 2023-06-02 13:42:34 --> Session: Class initialized using 'CodeIgniter\Session\Handlers\FileHandler' driver.
INFO - 2023-06-02 13:43:18 --> Session: Class initialized using 'CodeIgniter\Session\Handlers\FileHandler' driver.
INFO - 2023-06-02 13:46:07 --> Session: Class initialized using 'CodeIgniter\Session\Handlers\FileHandler' driver.
INFO - 2023-06-02 13:46:54 --> Session: Class initialized using 'CodeIgniter\Session\Handlers\FileHandler' driver.
INFO - 2023-06-02 13:50:22 --> Session: Class initialized using 'CodeIgniter\Session\Handlers\FileHandler' driver.
INFO - 2023-06-02 13:50:40 --> Session: Class initialized using 'CodeIgniter\Session\Handlers\FileHandler' driver.
INFO - 2023-06-02 13:52:28 --> Session: Class initialized using 'CodeIgniter\Session\Handlers\FileHandler' driver.
ERROR - 2023-06-02 13:52:51 --> mysqli_sql_exception: Duplicate entry '' for key 'Email' in C:\xampp\htdocs\Lucy\system\Database\MySQLi\Connection.php:295
Stack trace:
#0 C:\xampp\htdocs\Lucy\system\Database\MySQLi\Connection.php(295): mysqli->query('INSERT INTO `Pe...', 0)
#1 C:\xampp\htdocs\Lucy\system\Database\BaseConnection.php(691): CodeIgniter\Database\MySQLi\Connection->execute('INSERT INTO `Pe...')
#2 C:\xampp\htdocs\Lucy\system\Database\BaseConnection.php(605): CodeIgniter\Database\BaseConnection->simpleQuery('INSERT INTO `Pe...')
#3 C:\xampp\htdocs\Lucy\system\Database\BaseBuilder.php(2309): CodeIgniter\Database\BaseConnection->query('INSERT INTO `Pe...', Array, false)
#4 C:\xampp\htdocs\Lucy\app\Models\ModeloPerso.php(23): CodeIgniter\Database\BaseBuilder->insert(Array)
#5 C:\xampp\htdocs\Lucy\app\Controllers\CrudController.php(80): App\Models\ModeloPerso->insertar(Array)
#6 C:\xampp\htdocs\Lucy\system\CodeIgniter.php(934): App\Controllers\CrudController->crear()
#7 C:\xampp\htdocs\Lucy\system\CodeIgniter.php(499): CodeIgniter\CodeIgniter->runController(Object(App\Controllers\CrudController))
#8 C:\xampp\htdocs\Lucy\system\CodeIgniter.php(368): CodeIgniter\CodeIgniter->handleRequest(NULL, Object(Config\Cache), false)
#9 C:\xampp\htdocs\Lucy\public\index.php(67): CodeIgniter\CodeIgniter->run()
#10 {main}
CRITICAL - 2023-06-02 13:52:51 --> Duplicate entry '' for key 'Email'
in SYSTEMPATH\Database\BaseConnection.php on line 645.
 1 SYSTEMPATH\Database\BaseBuilder.php(2309): CodeIgniter\Database\BaseConnection->query('INSERT INTO `Persona` (`Nombre`, `Numero`, `Email`, `Contra`, `tipoUsuario`) VALUES (:Nombre:, :Numero:, :Email:, :Contra:, :tipoUsuario:)', [...], false)
 2 APPPATH\Models\ModeloPerso.php(23): CodeIgniter\Database\BaseBuilder->insert([...])
 3 APPPATH\Controllers\CrudController.php(80): App\Models\ModeloPerso->insertar([...])
 4 SYSTEMPATH\CodeIgniter.php(934): App\Controllers\CrudController->crear()
 5 SYSTEMPATH\CodeIgniter.php(499): CodeIgniter\CodeIgniter->runController(Object(App\Controllers\CrudController))
 6 SYSTEMPATH\CodeIgniter.php(368): CodeIgniter\CodeIgniter->handleRequest(null, Object(Config\Cache), false)
 7 FCPATH\index.php(67): CodeIgniter\CodeIgniter->run()
ERROR - 2023-06-02 13:52:53 --> mysqli_sql_exception: Duplicate entry '' for key 'Email' in C:\xampp\htdocs\Lucy\system\Database\MySQLi\Connection.php:295
Stack trace:
#0 C:\xampp\htdocs\Lucy\system\Database\MySQLi\Connection.php(295): mysqli->query('INSERT INTO `Pe...', 0)
#1 C:\xampp\htdocs\Lucy\system\Database\BaseConnection.php(691): CodeIgniter\Database\MySQLi\Connection->execute('INSERT INTO `Pe...')
#2 C:\xampp\htdocs\Lucy\system\Database\BaseConnection.php(605): CodeIgniter\Database\BaseConnection->simpleQuery('INSERT INTO `Pe...')
#3 C:\xampp\htdocs\Lucy\system\Database\BaseBuilder.php(2309): CodeIgniter\Database\BaseConnection->query('INSERT INTO `Pe...', Array, false)
#4 C:\xampp\htdocs\Lucy\app\Models\ModeloPerso.php(23): CodeIgniter\Database\BaseBuilder->insert(Array)
#5 C:\xampp\htdocs\Lucy\app\Controllers\CrudController.php(80): App\Models\ModeloPerso->insertar(Array)
#6 C:\xampp\htdocs\Lucy\system\CodeIgniter.php(934): App\Controllers\CrudController->crear()
#7 C:\xampp\htdocs\Lucy\system\CodeIgniter.php(499): CodeIgniter\CodeIgniter->runController(Object(App\Controllers\CrudController))
#8 C:\xampp\htdocs\Lucy\system\CodeIgniter.php(368): CodeIgniter\CodeIgniter->handleRequest(NULL, Object(Config\Cache), false)
#9 C:\xampp\htdocs\Lucy\public\index.php(67): CodeIgniter\CodeIgniter->run()
#10 {main}
CRITICAL - 2023-06-02 13:52:53 --> Duplicate entry '' for key 'Email'
in SYSTEMPATH\Database\BaseConnection.php on line 645.
 1 SYSTEMPATH\Database\BaseBuilder.php(2309): CodeIgniter\Database\BaseConnection->query('INSERT INTO `Persona` (`Nombre`, `Numero`, `Email`, `Contra`, `tipoUsuario`) VALUES (:Nombre:, :Numero:, :Email:, :Contra:, :tipoUsuario:)', [...], false)
 2 APPPATH\Models\ModeloPerso.php(23): CodeIgniter\Database\BaseBuilder->insert([...])
 3 APPPATH\Controllers\CrudController.php(80): App\Models\ModeloPerso->insertar([...])
 4 SYSTEMPATH\CodeIgniter.php(934): App\Controllers\CrudController->crear()
 5 SYSTEMPATH\CodeIgniter.php(499): CodeIgniter\CodeIgniter->runController(Object(App\Controllers\CrudController))
 6 SYSTEMPATH\CodeIgniter.php(368): CodeIgniter\CodeIgniter->handleRequest(null, Object(Config\Cache), false)
 7 FCPATH\index.php(67): CodeIgniter\CodeIgniter->run()
INFO - 2023-06-02 13:52:54 --> Session: Class initialized using 'CodeIgniter\Session\Handlers\FileHandler' driver.
INFO - 2023-06-02 13:54:26 --> Session: Class initialized using 'CodeIgniter\Session\Handlers\FileHandler' driver.
INFO - 2023-06-02 13:54:35 --> Session: Class initialized using 'CodeIgniter\Session\Handlers\FileHandler' driver.
INFO - 2023-06-02 13:57:16 --> Session: Class initialized using 'CodeIgniter\Session\Handlers\FileHandler' driver.
INFO - 2023-06-02 13:57:48 --> Session: Class initialized using 'CodeIgniter\Session\Handlers\FileHandler' driver.
INFO - 2023-06-02 13:58:12 --> Session: Class initialized using 'CodeIgniter\Session\Handlers\FileHandler' driver.
INFO - 2023-06-02 13:58:32 --> Session: Class initialized using 'CodeIgniter\Session\Handlers\FileHandler' driver.
INFO - 2023-06-02 13:59:22 --> Session: Class initialized using 'CodeIgniter\Session\Handlers\FileHandler' driver.
INFO - 2023-06-02 14:01:50 --> Session: Class initialized using 'CodeIgniter\Session\Handlers\FileHandler' driver.
INFO - 2023-06-02 14:04:56 --> Session: Class initialized using 'CodeIgniter\Session\Handlers\FileHandler' driver.
ERROR - 2023-06-02 14:06:17 --> mysqli_sql_exception: Duplicate entry '' for key 'Email' in C:\xampp\htdocs\Lucy\system\Database\MySQLi\Connection.php:295
Stack trace:
#0 C:\xampp\htdocs\Lucy\system\Database\MySQLi\Connection.php(295): mysqli->query('INSERT INTO `Pe...', 0)
#1 C:\xampp\htdocs\Lucy\system\Database\BaseConnection.php(691): CodeIgniter\Database\MySQLi\Connection->execute('INSERT INTO `Pe...')
#2 C:\xampp\htdocs\Lucy\system\Database\BaseConnection.php(605): CodeIgniter\Database\BaseConnection->simpleQuery('INSERT INTO `Pe...')
#3 C:\xampp\htdocs\Lucy\system\Database\BaseBuilder.php(2309): CodeIgniter\Database\BaseConnection->query('INSERT INTO `Pe...', Array, false)
#4 C:\xampp\htdocs\Lucy\app\Models\ModeloPerso.php(23): CodeIgniter\Database\BaseBuilder->insert(Array)
#5 C:\xampp\htdocs\Lucy\app\Controllers\CrudController.php(80): App\Models\ModeloPerso->insertar(Array)
#6 C:\xampp\htdocs\Lucy\system\CodeIgniter.php(934): App\Controllers\CrudController->crear()
#7 C:\xampp\htdocs\Lucy\system\CodeIgniter.php(499): CodeIgniter\CodeIgniter->runController(Object(App\Controllers\CrudController))
#8 C:\xampp\htdocs\Lucy\system\CodeIgniter.php(368): CodeIgniter\CodeIgniter->handleRequest(NULL, Object(Config\Cache), false)
#9 C:\xampp\htdocs\Lucy\public\index.php(67): CodeIgniter\CodeIgniter->run()
#10 {main}
CRITICAL - 2023-06-02 14:06:17 --> Duplicate entry '' for key 'Email'
in SYSTEMPATH\Database\BaseConnection.php on line 645.
 1 SYSTEMPATH\Database\BaseBuilder.php(2309): CodeIgniter\Database\BaseConnection->query('INSERT INTO `Persona` (`Nombre`, `Numero`, `Email`, `Contra`, `tipoUsuario`) VALUES (:Nombre:, :Numero:, :Email:, :Contra:, :tipoUsuario:)', [...], false)
 2 APPPATH\Models\ModeloPerso.php(23): CodeIgniter\Database\BaseBuilder->insert([...])
 3 APPPATH\Controllers\CrudController.php(80): App\Models\ModeloPerso->insertar([...])
 4 SYSTEMPATH\CodeIgniter.php(934): App\Controllers\CrudController->crear()
 5 SYSTEMPATH\CodeIgniter.php(499): CodeIgniter\CodeIgniter->runController(Object(App\Controllers\CrudController))
 6 SYSTEMPATH\CodeIgniter.php(368): CodeIgniter\CodeIgniter->handleRequest(null, Object(Config\Cache), false)
 7 FCPATH\index.php(67): CodeIgniter\CodeIgniter->run()
INFO - 2023-06-02 14:06:19 --> Session: Class initialized using 'CodeIgniter\Session\Handlers\FileHandler' driver.
INFO - 2023-06-02 14:06:56 --> Session: Class initialized using 'CodeIgniter\Session\Handlers\FileHandler' driver.
INFO - 2023-06-02 14:07:27 --> Session: Class initialized using 'CodeIgniter\Session\Handlers\FileHandler' driver.
INFO - 2023-06-02 14:07:43 --> Session: Class initialized using 'CodeIgniter\Session\Handlers\FileHandler' driver.
INFO - 2023-06-02 14:08:21 --> Session: Class initialized using 'CodeIgniter\Session\Handlers\FileHandler' driver.
INFO - 2023-06-02 14:08:51 --> Session: Class initialized using 'CodeIgniter\Session\Handlers\FileHandler' driver.
INFO - 2023-06-02 14:08:51 --> Session: Class initialized using 'CodeIgniter\Session\Handlers\FileHandler' driver.
INFO - 2023-06-02 14:10:23 --> Session: Class initialized using 'CodeIgniter\Session\Handlers\FileHandler' driver.
INFO - 2023-06-02 14:12:43 --> Session: Class initialized using 'CodeIgniter\Session\Handlers\FileHandler' driver.
INFO - 2023-06-02 14:16:53 --> Session: Class initialized using 'CodeIgniter\Session\Handlers\FileHandler' driver.
INFO - 2023-06-02 14:17:27 --> Session: Class initialized using 'CodeIgniter\Session\Handlers\FileHandler' driver.
INFO - 2023-06-02 14:23:07 --> Session: Class initialized using 'CodeIgniter\Session\Handlers\FileHandler' driver.
INFO - 2023-06-02 14:24:29 --> Session: Class initialized using 'CodeIgniter\Session\Handlers\FileHandler' driver.
INFO - 2023-06-02 14:26:28 --> Session: Class initialized using 'CodeIgniter\Session\Handlers\FileHandler' driver.
INFO - 2023-06-02 14:26:56 --> Session: Class initialized using 'CodeIgniter\Session\Handlers\FileHandler' driver.
INFO - 2023-06-02 14:30:39 --> Session: Class initialized using 'CodeIgniter\Session\Handlers\FileHandler' driver.
INFO - 2023-06-02 14:30:41 --> Session: Class initialized using 'CodeIgniter\Session\Handlers\FileHandler' driver.
ERROR - 2023-06-02 14:31:31 --> mysqli_sql_exception: Duplicate entry '' for key 'Email' in C:\xampp\htdocs\Lucy\system\Database\MySQLi\Connection.php:295
Stack trace:
#0 C:\xampp\htdocs\Lucy\system\Database\MySQLi\Connection.php(295): mysqli->query('INSERT INTO `Pe...', 0)
#1 C:\xampp\htdocs\Lucy\system\Database\BaseConnection.php(691): CodeIgniter\Database\MySQLi\Connection->execute('INSERT INTO `Pe...')
#2 C:\xampp\htdocs\Lucy\system\Database\BaseConnection.php(605): CodeIgniter\Database\BaseConnection->simpleQuery('INSERT INTO `Pe...')
#3 C:\xampp\htdocs\Lucy\system\Database\BaseBuilder.php(2309): CodeIgniter\Database\BaseConnection->query('INSERT INTO `Pe...', Array, false)
#4 C:\xampp\htdocs\Lucy\app\Models\ModeloPerso.php(23): CodeIgniter\Database\BaseBuilder->insert(Array)
#5 C:\xampp\htdocs\Lucy\app\Controllers\CrudController.php(80): App\Models\ModeloPerso->insertar(Array)
#6 C:\xampp\htdocs\Lucy\system\CodeIgniter.php(934): App\Controllers\CrudController->crear()
#7 C:\xampp\htdocs\Lucy\system\CodeIgniter.php(499): CodeIgniter\CodeIgniter->runController(Object(App\Controllers\CrudController))
#8 C:\xampp\htdocs\Lucy\system\CodeIgniter.php(368): CodeIgniter\CodeIgniter->handleRequest(NULL, Object(Config\Cache), false)
#9 C:\xampp\htdocs\Lucy\public\index.php(67): CodeIgniter\CodeIgniter->run()
#10 {main}
CRITICAL - 2023-06-02 14:31:31 --> Duplicate entry '' for key 'Email'
in SYSTEMPATH\Database\BaseConnection.php on line 645.
 1 SYSTEMPATH\Database\BaseBuilder.php(2309): CodeIgniter\Database\BaseConnection->query('INSERT INTO `Persona` (`Nombre`, `Numero`, `Email`, `Contra`, `tipoUsuario`) VALUES (:Nombre:, :Numero:, :Email:, :Contra:, :tipoUsuario:)', [...], false)
 2 APPPATH\Models\ModeloPerso.php(23): CodeIgniter\Database\BaseBuilder->insert([...])
 3 APPPATH\Controllers\CrudController.php(80): App\Models\ModeloPerso->insertar([...])
 4 SYSTEMPATH\CodeIgniter.php(934): App\Controllers\CrudController->crear()
 5 SYSTEMPATH\CodeIgniter.php(499): CodeIgniter\CodeIgniter->runController(Object(App\Controllers\CrudController))
 6 SYSTEMPATH\CodeIgniter.php(368): CodeIgniter\CodeIgniter->handleRequest(null, Object(Config\Cache), false)
 7 FCPATH\index.php(67): CodeIgniter\CodeIgniter->run()
INFO - 2023-06-02 14:31:33 --> Session: Class initialized using 'CodeIgniter\Session\Handlers\FileHandler' driver.
INFO - 2023-06-02 14:34:12 --> Session: Class initialized using 'CodeIgniter\Session\Handlers\FileHandler' driver.
INFO - 2023-06-02 14:35:26 --> Session: Class initialized using 'CodeIgniter\Session\Handlers\FileHandler' driver.
INFO - 2023-06-02 14:37:08 --> Session: Class initialized using 'CodeIgniter\Session\Handlers\FileHandler' driver.
INFO - 2023-06-02 14:38:51 --> Session: Class initialized using 'CodeIgniter\Session\Handlers\FileHandler' driver.
INFO - 2023-06-02 14:39:36 --> Session: Class initialized using 'CodeIgniter\Session\Handlers\FileHandler' driver.
INFO - 2023-06-02 14:40:12 --> Session: Class initialized using 'CodeIgniter\Session\Handlers\FileHandler' driver.
INFO - 2023-06-02 14:40:24 --> Session: Class initialized using 'CodeIgniter\Session\Handlers\FileHandler' driver.
INFO - 2023-06-02 14:40:40 --> Session: Class initialized using 'CodeIgniter\Session\Handlers\FileHandler' driver.
INFO - 2023-06-02 14:41:33 --> Session: Class initialized using 'CodeIgniter\Session\Handlers\FileHandler' driver.
INFO - 2023-06-02 14:41:59 --> Session: Class initialized using 'CodeIgniter\Session\Handlers\FileHandler' driver.
INFO - 2023-06-02 14:42:54 --> Session: Class initialized using 'CodeIgniter\Session\Handlers\FileHandler' driver.
INFO - 2023-06-02 14:51:58 --> Session: Class initialized using 'CodeIgniter\Session\Handlers\FileHandler' driver.
INFO - 2023-06-02 14:52:19 --> Session: Class initialized using 'CodeIgniter\Session\Handlers\FileHandler' driver.
INFO - 2023-06-02 14:52:26 --> Session: Class initialized using 'CodeIgniter\Session\Handlers\FileHandler' driver.
INFO - 2023-06-02 14:57:10 --> Session: Class initialized using 'CodeIgniter\Session\Handlers\FileHandler' driver.
INFO - 2023-06-02 14:57:59 --> Session: Class initialized using 'CodeIgniter\Session\Handlers\FileHandler' driver.
INFO - 2023-06-02 15:02:42 --> Session: Class initialized using 'CodeIgniter\Session\Handlers\FileHandler' driver.
ERROR - 2023-06-02 15:03:15 --> mysqli_sql_exception: Duplicate entry '' for key 'Email' in C:\xampp\htdocs\Lucy\system\Database\MySQLi\Connection.php:295
Stack trace:
#0 C:\xampp\htdocs\Lucy\system\Database\MySQLi\Connection.php(295): mysqli->query('INSERT INTO `Pe...', 0)
#1 C:\xampp\htdocs\Lucy\system\Database\BaseConnection.php(691): CodeIgniter\Database\MySQLi\Connection->execute('INSERT INTO `Pe...')
#2 C:\xampp\htdocs\Lucy\system\Database\BaseConnection.php(605): CodeIgniter\Database\BaseConnection->simpleQuery('INSERT INTO `Pe...')
#3 C:\xampp\htdocs\Lucy\system\Database\BaseBuilder.php(2309): CodeIgniter\Database\BaseConnection->query('INSERT INTO `Pe...', Array, false)
#4 C:\xampp\htdocs\Lucy\app\Models\ModeloPerso.php(23): CodeIgniter\Database\BaseBuilder->insert(Array)
#5 C:\xampp\htdocs\Lucy\app\Controllers\CrudController.php(80): App\Models\ModeloPerso->insertar(Array)
#6 C:\xampp\htdocs\Lucy\system\CodeIgniter.php(934): App\Controllers\CrudController->crear()
#7 C:\xampp\htdocs\Lucy\system\CodeIgniter.php(499): CodeIgniter\CodeIgniter->runController(Object(App\Controllers\CrudController))
#8 C:\xampp\htdocs\Lucy\system\CodeIgniter.php(368): CodeIgniter\CodeIgniter->handleRequest(NULL, Object(Config\Cache), false)
#9 C:\xampp\htdocs\Lucy\public\index.php(67): CodeIgniter\CodeIgniter->run()
#10 {main}
CRITICAL - 2023-06-02 15:03:15 --> Duplicate entry '' for key 'Email'
in SYSTEMPATH\Database\BaseConnection.php on line 645.
 1 SYSTEMPATH\Database\BaseBuilder.php(2309): CodeIgniter\Database\BaseConnection->query('INSERT INTO `Persona` (`Nombre`, `Numero`, `Email`, `Contra`, `tipoUsuario`) VALUES (:Nombre:, :Numero:, :Email:, :Contra:, :tipoUsuario:)', [...], false)
 2 APPPATH\Models\ModeloPerso.php(23): CodeIgniter\Database\BaseBuilder->insert([...])
 3 APPPATH\Controllers\CrudController.php(80): App\Models\ModeloPerso->insertar([...])
 4 SYSTEMPATH\CodeIgniter.php(934): App\Controllers\CrudController->crear()
 5 SYSTEMPATH\CodeIgniter.php(499): CodeIgniter\CodeIgniter->runController(Object(App\Controllers\CrudController))
 6 SYSTEMPATH\CodeIgniter.php(368): CodeIgniter\CodeIgniter->handleRequest(null, Object(Config\Cache), false)
 7 FCPATH\index.php(67): CodeIgniter\CodeIgniter->run()
INFO - 2023-06-02 15:03:17 --> Session: Class initialized using 'CodeIgniter\Session\Handlers\FileHandler' driver.
INFO - 2023-06-02 15:06:16 --> Session: Class initialized using 'CodeIgniter\Session\Handlers\FileHandler' driver.
INFO - 2023-06-02 15:09:25 --> Session: Class initialized using 'CodeIgniter\Session\Handlers\FileHandler' driver.
ERROR - 2023-06-02 15:09:29 --> mysqli_sql_exception: Duplicate entry '' for key 'Email' in C:\xampp\htdocs\Lucy\system\Database\MySQLi\Connection.php:295
Stack trace:
#0 C:\xampp\htdocs\Lucy\system\Database\MySQLi\Connection.php(295): mysqli->query('INSERT INTO `Pe...', 0)
#1 C:\xampp\htdocs\Lucy\system\Database\BaseConnection.php(691): CodeIgniter\Database\MySQLi\Connection->execute('INSERT INTO `Pe...')
#2 C:\xampp\htdocs\Lucy\system\Database\BaseConnection.php(605): CodeIgniter\Database\BaseConnection->simpleQuery('INSERT INTO `Pe...')
#3 C:\xampp\htdocs\Lucy\system\Database\BaseBuilder.php(2309): CodeIgniter\Database\BaseConnection->query('INSERT INTO `Pe...', Array, false)
#4 C:\xampp\htdocs\Lucy\app\Models\ModeloPerso.php(23): CodeIgniter\Database\BaseBuilder->insert(Array)
#5 C:\xampp\htdocs\Lucy\app\Controllers\CrudController.php(80): App\Models\ModeloPerso->insertar(Array)
#6 C:\xampp\htdocs\Lucy\system\CodeIgniter.php(934): App\Controllers\CrudController->crear()
#7 C:\xampp\htdocs\Lucy\system\CodeIgniter.php(499): CodeIgniter\CodeIgniter->runController(Object(App\Controllers\CrudController))
#8 C:\xampp\htdocs\Lucy\system\CodeIgniter.php(368): CodeIgniter\CodeIgniter->handleRequest(NULL, Object(Config\Cache), false)
#9 C:\xampp\htdocs\Lucy\public\index.php(67): CodeIgniter\CodeIgniter->run()
#10 {main}
CRITICAL - 2023-06-02 15:09:29 --> Duplicate entry '' for key 'Email'
in SYSTEMPATH\Database\BaseConnection.php on line 645.
 1 SYSTEMPATH\Database\BaseBuilder.php(2309): CodeIgniter\Database\BaseConnection->query('INSERT INTO `Persona` (`Nombre`, `Numero`, `Email`, `Contra`, `tipoUsuario`) VALUES (:Nombre:, :Numero:, :Email:, :Contra:, :tipoUsuario:)', [...], false)
 2 APPPATH\Models\ModeloPerso.php(23): CodeIgniter\Database\BaseBuilder->insert([...])
 3 APPPATH\Controllers\CrudController.php(80): App\Models\ModeloPerso->insertar([...])
 4 SYSTEMPATH\CodeIgniter.php(934): App\Controllers\CrudController->crear()
 5 SYSTEMPATH\CodeIgniter.php(499): CodeIgniter\CodeIgniter->runController(Object(App\Controllers\CrudController))
 6 SYSTEMPATH\CodeIgniter.php(368): CodeIgniter\CodeIgniter->handleRequest(null, Object(Config\Cache), false)
 7 FCPATH\index.php(67): CodeIgniter\CodeIgniter->run()
INFO - 2023-06-02 15:09:30 --> Session: Class initialized using 'CodeIgniter\Session\Handlers\FileHandler' driver.
INFO - 2023-06-02 15:11:06 --> Session: Class initialized using 'CodeIgniter\Session\Handlers\FileHandler' driver.
INFO - 2023-06-02 15:13:24 --> Session: Class initialized using 'CodeIgniter\Session\Handlers\FileHandler' driver.
INFO - 2023-06-02 15:14:12 --> Session: Class initialized using 'CodeIgniter\Session\Handlers\FileHandler' driver.
INFO - 2023-06-02 15:14:19 --> Session: Class initialized using 'CodeIgniter\Session\Handlers\FileHandler' driver.
INFO - 2023-06-02 15:20:15 --> Session: Class initialized using 'CodeIgniter\Session\Handlers\FileHandler' driver.
INFO - 2023-06-02 15:21:55 --> Session: Class initialized using 'CodeIgniter\Session\Handlers\FileHandler' driver.
INFO - 2023-06-02 15:25:03 --> Session: Class initialized using 'CodeIgniter\Session\Handlers\FileHandler' driver.
INFO - 2023-06-02 15:25:27 --> Session: Class initialized using 'CodeIgniter\Session\Handlers\FileHandler' driver.
INFO - 2023-06-02 15:27:05 --> Session: Class initialized using 'CodeIgniter\Session\Handlers\FileHandler' driver.
INFO - 2023-06-02 15:27:36 --> Session: Class initialized using 'CodeIgniter\Session\Handlers\FileHandler' driver.
INFO - 2023-06-02 15:28:03 --> Session: Class initialized using 'CodeIgniter\Session\Handlers\FileHandler' driver.
INFO - 2023-06-02 15:28:58 --> Session: Class initialized using 'CodeIgniter\Session\Handlers\FileHandler' driver.
INFO - 2023-06-02 15:29:00 --> Session: Class initialized using 'CodeIgniter\Session\Handlers\FileHandler' driver.
INFO - 2023-06-02 15:29:04 --> Session: Class initialized using 'CodeIgniter\Session\Handlers\FileHandler' driver.
INFO - 2023-06-02 15:29:08 --> Session: Class initialized using 'CodeIgniter\Session\Handlers\FileHandler' driver.
INFO - 2023-06-02 15:29:12 --> Session: Class initialized using 'CodeIgniter\Session\Handlers\FileHandler' driver.
INFO - 2023-06-02 15:29:13 --> Session: Class initialized using 'CodeIgniter\Session\Handlers\FileHandler' driver.
INFO - 2023-06-02 15:29:14 --> Session: Class initialized using 'CodeIgniter\Session\Handlers\FileHandler' driver.
INFO - 2023-06-02 15:29:21 --> Session: Class initialized using 'CodeIgniter\Session\Handlers\FileHandler' driver.
INFO - 2023-06-02 15:29:32 --> Session: Class initialized using 'CodeIgniter\Session\Handlers\FileHandler' driver.
INFO - 2023-06-02 15:29:52 --> Session: Class initialized using 'CodeIgniter\Session\Handlers\FileHandler' driver.
INFO - 2023-06-02 15:30:48 --> Session: Class initialized using 'CodeIgniter\Session\Handlers\FileHandler' driver.
INFO - 2023-06-02 15:31:21 --> Session: Class initialized using 'CodeIgniter\Session\Handlers\FileHandler' driver.
INFO - 2023-06-02 15:31:29 --> Session: Class initialized using 'CodeIgniter\Session\Handlers\FileHandler' driver.
INFO - 2023-06-02 15:31:32 --> Session: Class initialized using 'CodeIgniter\Session\Handlers\FileHandler' driver.
INFO - 2023-06-02 15:31:45 --> Session: Class initialized using 'CodeIgniter\Session\Handlers\FileHandler' driver.
INFO - 2023-06-02 15:31:57 --> Session: Class initialized using 'CodeIgniter\Session\Handlers\FileHandler' driver.
INFO - 2023-06-02 15:32:08 --> Session: Class initialized using 'CodeIgniter\Session\Handlers\FileHandler' driver.
INFO - 2023-06-02 15:33:22 --> Session: Class initialized using 'CodeIgniter\Session\Handlers\FileHandler' driver.
INFO - 2023-06-02 15:33:23 --> Session: Class initialized using 'CodeIgniter\Session\Handlers\FileHandler' driver.
INFO - 2023-06-02 15:33:30 --> Session: Class initialized using 'CodeIgniter\Session\Handlers\FileHandler' driver.
INFO - 2023-06-02 15:33:46 --> Session: Class initialized using 'CodeIgniter\Session\Handlers\FileHandler' driver.
INFO - 2023-06-02 15:33:47 --> Session: Class initialized using 'CodeIgniter\Session\Handlers\FileHandler' driver.
INFO - 2023-06-02 15:33:55 --> Session: Class initialized using 'CodeIgniter\Session\Handlers\FileHandler' driver.
INFO - 2023-06-02 15:34:54 --> Session: Class initialized using 'CodeIgniter\Session\Handlers\FileHandler' driver.
INFO - 2023-06-02 15:34:55 --> Session: Class initialized using 'CodeIgniter\Session\Handlers\FileHandler' driver.
INFO - 2023-06-02 15:34:56 --> Session: Class initialized using 'CodeIgniter\Session\Handlers\FileHandler' driver.
INFO - 2023-06-02 15:35:02 --> Session: Class initialized using 'CodeIgniter\Session\Handlers\FileHandler' driver.
INFO - 2023-06-02 15:35:15 --> Session: Class initialized using 'CodeIgniter\Session\Handlers\FileHandler' driver.
INFO - 2023-06-02 15:35:21 --> Session: Class initialized using 'CodeIgniter\Session\Handlers\FileHandler' driver.
INFO - 2023-06-02 15:35:22 --> Session: Class initialized using 'CodeIgniter\Session\Handlers\FileHandler' driver.
INFO - 2023-06-02 15:35:28 --> Session: Class initialized using 'CodeIgniter\Session\Handlers\FileHandler' driver.
INFO - 2023-06-02 15:37:19 --> Session: Class initialized using 'CodeIgniter\Session\Handlers\FileHandler' driver.
INFO - 2023-06-02 15:37:24 --> Session: Class initialized using 'CodeIgniter\Session\Handlers\FileHandler' driver.
INFO - 2023-06-02 15:37:29 --> Session: Class initialized using 'CodeIgniter\Session\Handlers\FileHandler' driver.
INFO - 2023-06-02 15:38:16 --> Session: Class initialized using 'CodeIgniter\Session\Handlers\FileHandler' driver.
INFO - 2023-06-02 15:38:30 --> Session: Class initialized using 'CodeIgniter\Session\Handlers\FileHandler' driver.
INFO - 2023-06-02 15:39:06 --> Session: Class initialized using 'CodeIgniter\Session\Handlers\FileHandler' driver.
INFO - 2023-06-02 15:39:14 --> Session: Class initialized using 'CodeIgniter\Session\Handlers\FileHandler' driver.
INFO - 2023-06-02 15:45:14 --> Session: Class initialized using 'CodeIgniter\Session\Handlers\FileHandler' driver.
INFO - 2023-06-02 15:50:00 --> Session: Class initialized using 'CodeIgniter\Session\Handlers\FileHandler' driver.
INFO - 2023-06-02 15:53:01 --> Session: Class initialized using 'CodeIgniter\Session\Handlers\FileHandler' driver.
INFO - 2023-06-02 15:53:11 --> Session: Class initialized using 'CodeIgniter\Session\Handlers\FileHandler' driver.
INFO - 2023-06-02 15:54:03 --> Session: Class initialized using 'CodeIgniter\Session\Handlers\FileHandler' driver.
INFO - 2023-06-02 15:54:44 --> Session: Class initialized using 'CodeIgniter\Session\Handlers\FileHandler' driver.
INFO - 2023-06-02 15:56:44 --> Session: Class initialized using 'CodeIgniter\Session\Handlers\FileHandler' driver.
INFO - 2023-06-02 15:56:56 --> Session: Class initialized using 'CodeIgniter\Session\Handlers\FileHandler' driver.
INFO - 2023-06-02 16:08:30 --> Session: Class initialized using 'CodeIgniter\Session\Handlers\FileHandler' driver.
INFO - 2023-06-02 16:08:49 --> Session: Class initialized using 'CodeIgniter\Session\Handlers\FileHandler' driver.
INFO - 2023-06-02 16:09:25 --> Session: Class initialized using 'CodeIgniter\Session\Handlers\FileHandler' driver.
INFO - 2023-06-02 16:09:55 --> Session: Class initialized using 'CodeIgniter\Session\Handlers\FileHandler' driver.
INFO - 2023-06-02 16:10:36 --> Session: Class initialized using 'CodeIgniter\Session\Handlers\FileHandler' driver.
INFO - 2023-06-02 16:11:40 --> Session: Class initialized using 'CodeIgniter\Session\Handlers\FileHandler' driver.
INFO - 2023-06-02 16:11:40 --> Session: Class initialized using 'CodeIgniter\Session\Handlers\FileHandler' driver.
INFO - 2023-06-02 16:22:12 --> Session: Class initialized using 'CodeIgniter\Session\Handlers\FileHandler' driver.
INFO - 2023-06-02 16:22:38 --> Session: Class initialized using 'CodeIgniter\Session\Handlers\FileHandler' driver.
INFO - 2023-06-02 16:23:18 --> Session: Class initialized using 'CodeIgniter\Session\Handlers\FileHandler' driver.
INFO - 2023-06-02 16:25:35 --> Session: Class initialized using 'CodeIgniter\Session\Handlers\FileHandler' driver.
INFO - 2023-06-02 16:26:14 --> Session: Class initialized using 'CodeIgniter\Session\Handlers\FileHandler' driver.
INFO - 2023-06-02 16:27:38 --> Session: Class initialized using 'CodeIgniter\Session\Handlers\FileHandler' driver.
INFO - 2023-06-02 16:30:48 --> Session: Class initialized using 'CodeIgniter\Session\Handlers\FileHandler' driver.
INFO - 2023-06-02 16:35:26 --> Session: Class initialized using 'CodeIgniter\Session\Handlers\FileHandler' driver.
INFO - 2023-06-02 16:36:42 --> Session: Class initialized using 'CodeIgniter\Session\Handlers\FileHandler' driver.
INFO - 2023-06-02 16:36:46 --> Session: Class initialized using 'CodeIgniter\Session\Handlers\FileHandler' driver.
INFO - 2023-06-02 16:37:24 --> Session: Class initialized using 'CodeIgniter\Session\Handlers\FileHandler' driver.
INFO - 2023-06-02 16:37:29 --> Session: Class initialized using 'CodeIgniter\Session\Handlers\FileHandler' driver.
INFO - 2023-06-02 16:37:37 --> Session: Class initialized using 'CodeIgniter\Session\Handlers\FileHandler' driver.
INFO - 2023-06-02 16:38:58 --> Session: Class initialized using 'CodeIgniter\Session\Handlers\FileHandler' driver.
INFO - 2023-06-02 16:40:39 --> Session: Class initialized using 'CodeIgniter\Session\Handlers\FileHandler' driver.
INFO - 2023-06-02 16:40:42 --> Session: Class initialized using 'CodeIgniter\Session\Handlers\FileHandler' driver.
INFO - 2023-06-02 16:41:56 --> Session: Class initialized using 'CodeIgniter\Session\Handlers\FileHandler' driver.
INFO - 2023-06-02 16:41:57 --> Session: Class initialized using 'CodeIgniter\Session\Handlers\FileHandler' driver.
INFO - 2023-06-02 16:41:58 --> Session: Class initialized using 'CodeIgniter\Session\Handlers\FileHandler' driver.
INFO - 2023-06-02 16:42:01 --> Session: Class initialized using 'CodeIgniter\Session\Handlers\FileHandler' driver.
INFO - 2023-06-02 16:42:03 --> Session: Class initialized using 'CodeIgniter\Session\Handlers\FileHandler' driver.
INFO - 2023-06-02 16:42:12 --> Session: Class initialized using 'CodeIgniter\Session\Handlers\FileHandler' driver.
INFO - 2023-06-02 16:42:23 --> Session: Class initialized using 'CodeIgniter\Session\Handlers\FileHandler' driver.
INFO - 2023-06-02 16:42:23 --> Session: Class initialized using 'CodeIgniter\Session\Handlers\FileHandler' driver.
INFO - 2023-06-02 16:42:25 --> Session: Class initialized using 'CodeIgniter\Session\Handlers\FileHandler' driver.
INFO - 2023-06-02 16:42:34 --> Session: Class initialized using 'CodeIgniter\Session\Handlers\FileHandler' driver.
INFO - 2023-06-02 16:42:35 --> Session: Class initialized using 'CodeIgniter\Session\Handlers\FileHandler' driver.
INFO - 2023-06-02 16:42:57 --> Session: Class initialized using 'CodeIgniter\Session\Handlers\FileHandler' driver.
INFO - 2023-06-02 16:42:58 --> Session: Class initialized using 'CodeIgniter\Session\Handlers\FileHandler' driver.
INFO - 2023-06-02 16:43:03 --> Session: Class initialized using 'CodeIgniter\Session\Handlers\FileHandler' driver.
INFO - 2023-06-02 16:43:55 --> Session: Class initialized using 'CodeIgniter\Session\Handlers\FileHandler' driver.
INFO - 2023-06-02 16:43:58 --> Session: Class initialized using 'CodeIgniter\Session\Handlers\FileHandler' driver.
INFO - 2023-06-02 16:43:58 --> Session: Class initialized using 'CodeIgniter\Session\Handlers\FileHandler' driver.
